# -*- coding: utf-8 -*-

# A log file for Gustav


Experiment fNIRSandGerbils running subject 7005 started at 12:47:03 on 2023-11-08

  Block 1 of 144 started at 12:48:21; Condition: 1 ; masker = scrambled_diff_talker
    Trial 1, target stimulus: , KWs correct:  / possible: 0 (0 / 0: 0.0 %)
  Block 1 of 144 ended at 12:50:28; Condition: 1 ; masker = scrambled_diff_talker

  Block 2 of 144 started at 12:50:28; Condition: 2 ; masker = scrambled_same_talker
    Trial 2, target stimulus: , KWs correct:  / possible: 0 (0 / 0: 0.0 %)
  Block 2 of 144 ended at 12:50:50; Condition: 2 ; masker = scrambled_same_talker

  Block 3 of 144 started at 12:50:50; Condition: 3 ; masker = unscrambled_diff_talker
    Trial 3, target stimulus: , KWs correct:  / possible: 0 (0 / 0: 0.0 %)
  Block 3 of 144 ended at 12:51:11; Condition: 3 ; masker = unscrambled_diff_talker

  Block 4 of 144 started at 12:51:11; Condition: 4 ; masker = unscrambled_same_talker
    Trial 4, target stimulus: , KWs correct:  / possible: 0 (0 / 0: 0.0 %)
  Block 4 of 144 ended at 12:51:30; Condition: 4 ; masker = unscrambled_same_talker

  Block 5 of 144 started at 12:51:30; Condition: 3 ; masker = unscrambled_diff_talker
    Trial 5, target stimulus: , KWs correct:  / possible: 0 (0 / 0: 0.0 %)
  Block 5 of 144 ended at 12:51:50; Condition: 3 ; masker = unscrambled_diff_talker

  Block 6 of 144 started at 12:51:50; Condition: 2 ; masker = scrambled_same_talker
    Trial 6, target stimulus: , KWs correct:  / possible: 0 (0 / 0: 0.0 %)
  Block 6 of 144 ended at 12:52:13; Condition: 2 ; masker = scrambled_same_talker

  Block 7 of 144 started at 12:52:13; Condition: 4 ; masker = unscrambled_same_talker
    Trial 7, target stimulus: , KWs correct:  / possible: 0 (0 / 0: 0.0 %)
  Block 7 of 144 ended at 12:52:34; Condition: 4 ; masker = unscrambled_same_talker

  Block 8 of 144 started at 12:52:34; Condition: 1 ; masker = scrambled_diff_talker
    Trial 8, target stimulus: , KWs correct:  / possible: 0 (0 / 0: 0.0 %)
  Block 8 of 144 ended at 12:52:55; Condition: 1 ; masker = scrambled_diff_talker

  Block 9 of 144 started at 12:52:55; Condition: 3 ; masker = unscrambled_diff_talker
    Trial 9, target stimulus: , KWs correct:  / possible: 0 (0 / 0: 0.0 %)
  Block 9 of 144 ended at 12:53:15; Condition: 3 ; masker = unscrambled_diff_talker

  Block 10 of 144 started at 12:53:15; Condition: 2 ; masker = scrambled_same_talker
    Trial 10, target stimulus: , KWs correct:  / possible: 0 (0 / 0: 0.0 %)
  Block 10 of 144 ended at 12:53:36; Condition: 2 ; masker = scrambled_same_talker

  Block 11 of 144 started at 12:53:36; Condition: 1 ; masker = scrambled_diff_talker
    Trial 11, target stimulus: , KWs correct:  / possible: 0 (0 / 0: 0.0 %)
  Block 11 of 144 ended at 12:54:33; Condition: 1 ; masker = scrambled_diff_talker

  Block 12 of 144 started at 12:54:33; Condition: 4 ; masker = unscrambled_same_talker
    Trial 12, target stimulus: , KWs correct:  / possible: 0 (0 / 0: 0.0 %)
  Block 12 of 144 ended at 12:54:54; Condition: 4 ; masker = unscrambled_same_talker

  Block 13 of 144 started at 12:54:54; Condition: 3 ; masker = unscrambled_diff_talker
    Trial 13, target stimulus: , KWs correct:  / possible: 0 (0 / 0: 0.0 %)
  Block 13 of 144 ended at 12:55:15; Condition: 3 ; masker = unscrambled_diff_talker

  Block 14 of 144 started at 12:55:15; Condition: 1 ; masker = scrambled_diff_talker
    Trial 14, target stimulus: , KWs correct:  / possible: 0 (0 / 0: 0.0 %)
  Block 14 of 144 ended at 12:55:34; Condition: 1 ; masker = scrambled_diff_talker

  Block 15 of 144 started at 12:55:34; Condition: 2 ; masker = scrambled_same_talker
    Trial 15, target stimulus: , KWs correct:  / possible: 0 (0 / 0: 0.0 %)
  Block 15 of 144 ended at 12:55:54; Condition: 2 ; masker = scrambled_same_talker

  Block 16 of 144 started at 12:55:54; Condition: 4 ; masker = unscrambled_same_talker
    Trial 16, target stimulus: , KWs correct:  / possible: 0 (0 / 0: 0.0 %)
  Block 16 of 144 ended at 12:56:38; Condition: 4 ; masker = unscrambled_same_talker

  Block 17 of 144 started at 12:56:38; Condition: 1 ; masker = scrambled_diff_talker
    Trial 17, target stimulus: , KWs correct:  / possible: 0 (0 / 0: 0.0 %)
  Block 17 of 144 ended at 12:56:58; Condition: 1 ; masker = scrambled_diff_talker

  Block 18 of 144 started at 12:56:58; Condition: 3 ; masker = unscrambled_diff_talker
    Trial 18, target stimulus: , KWs correct:  / possible: 0 (0 / 0: 0.0 %)
  Block 18 of 144 ended at 12:57:19; Condition: 3 ; masker = unscrambled_diff_talker

  Block 19 of 144 started at 12:57:19; Condition: 4 ; masker = unscrambled_same_talker
    Trial 19, target stimulus: , KWs correct:  / possible: 0 (0 / 0: 0.0 %)
  Block 19 of 144 ended at 12:57:39; Condition: 4 ; masker = unscrambled_same_talker

  Block 20 of 144 started at 12:57:39; Condition: 2 ; masker = scrambled_same_talker
    Trial 20, target stimulus: , KWs correct:  / possible: 0 (0 / 0: 0.0 %)
  Block 20 of 144 ended at 12:57:59; Condition: 2 ; masker = scrambled_same_talker

  Block 21 of 144 started at 12:57:59; Condition: 3 ; masker = unscrambled_diff_talker
    Trial 21, target stimulus: , KWs correct:  / possible: 0 (0 / 0: 0.0 %)
  Block 21 of 144 ended at 12:58:18; Condition: 3 ; masker = unscrambled_diff_talker

  Block 22 of 144 started at 12:58:18; Condition: 4 ; masker = unscrambled_same_talker
    Trial 22, target stimulus: , KWs correct:  / possible: 0 (0 / 0: 0.0 %)
  Block 22 of 144 ended at 12:58:38; Condition: 4 ; masker = unscrambled_same_talker

  Block 23 of 144 started at 12:58:38; Condition: 1 ; masker = scrambled_diff_talker
    Trial 23, target stimulus: , KWs correct:  / possible: 0 (0 / 0: 0.0 %)
  Block 23 of 144 ended at 12:58:57; Condition: 1 ; masker = scrambled_diff_talker

  Block 24 of 144 started at 12:58:57; Condition: 2 ; masker = scrambled_same_talker
    Trial 24, target stimulus: , KWs correct:  / possible: 0 (0 / 0: 0.0 %)
  Block 24 of 144 ended at 12:59:21; Condition: 2 ; masker = scrambled_same_talker

  Block 25 of 144 started at 12:59:21; Condition: 1 ; masker = scrambled_diff_talker
    Trial 25, target stimulus: , KWs correct:  / possible: 0 (0 / 0: 0.0 %)
  Block 25 of 144 ended at 12:59:42; Condition: 1 ; masker = scrambled_diff_talker

  Block 26 of 144 started at 12:59:42; Condition: 4 ; masker = unscrambled_same_talker
    Trial 26, target stimulus: , KWs correct:  / possible: 0 (0 / 0: 0.0 %)
  Block 26 of 144 ended at 13:00:04; Condition: 4 ; masker = unscrambled_same_talker

  Block 27 of 144 started at 13:00:04; Condition: 2 ; masker = scrambled_same_talker
    Trial 27, target stimulus: , KWs correct:  / possible: 0 (0 / 0: 0.0 %)
  Block 27 of 144 ended at 13:00:25; Condition: 2 ; masker = scrambled_same_talker

  Block 28 of 144 started at 13:00:25; Condition: 3 ; masker = unscrambled_diff_talker
    Trial 28, target stimulus: , KWs correct:  / possible: 0 (0 / 0: 0.0 %)
  Block 28 of 144 ended at 13:00:52; Condition: 3 ; masker = unscrambled_diff_talker

  Block 29 of 144 started at 13:00:52; Condition: 4 ; masker = unscrambled_same_talker
    Trial 29, target stimulus: , KWs correct:  / possible: 0 (0 / 0: 0.0 %)
  Block 29 of 144 ended at 13:02:57; Condition: 4 ; masker = unscrambled_same_talker

  Block 30 of 144 started at 13:02:57; Condition: 3 ; masker = unscrambled_diff_talker
    Trial 30, target stimulus: , KWs correct:  / possible: 0 (0 / 0: 0.0 %)
  Block 30 of 144 ended at 13:03:22; Condition: 3 ; masker = unscrambled_diff_talker

  Block 31 of 144 started at 13:03:22; Condition: 2 ; masker = scrambled_same_talker
    Trial 31, target stimulus: , KWs correct:  / possible: 0 (0 / 0: 0.0 %)
  Block 31 of 144 ended at 13:03:48; Condition: 2 ; masker = scrambled_same_talker

  Block 32 of 144 started at 13:03:48; Condition: 1 ; masker = scrambled_diff_talker
    Trial 32, target stimulus: , KWs correct:  / possible: 0 (0 / 0: 0.0 %)
  Block 32 of 144 ended at 13:04:16; Condition: 1 ; masker = scrambled_diff_talker

  Block 33 of 144 started at 13:04:16; Condition: 2 ; masker = scrambled_same_talker
    Trial 33, target stimulus: , KWs correct:  / possible: 0 (0 / 0: 0.0 %)
  Block 33 of 144 ended at 13:08:34; Condition: 2 ; masker = scrambled_same_talker

  Block 34 of 144 started at 13:08:34; Condition: 3 ; masker = unscrambled_diff_talker
    Trial 34, target stimulus: , KWs correct:  / possible: 0 (0 / 0: 0.0 %)
  Block 34 of 144 ended at 13:08:54; Condition: 3 ; masker = unscrambled_diff_talker

  Block 35 of 144 started at 13:08:54; Condition: 4 ; masker = unscrambled_same_talker
    Trial 35, target stimulus: , KWs correct:  / possible: 0 (0 / 0: 0.0 %)
  Block 35 of 144 ended at 13:09:15; Condition: 4 ; masker = unscrambled_same_talker

  Block 36 of 144 started at 13:09:15; Condition: 1 ; masker = scrambled_diff_talker
    Trial 36, target stimulus: , KWs correct:  / possible: 0 (0 / 0: 0.0 %)
  Block 36 of 144 ended at 13:09:40; Condition: 1 ; masker = scrambled_diff_talker

  Block 37 of 144 started at 13:09:40; Condition: 3 ; masker = unscrambled_diff_talker
    Trial 37, target stimulus: , KWs correct:  / possible: 0 (0 / 0: 0.0 %)
  Block 37 of 144 ended at 13:10:10; Condition: 3 ; masker = unscrambled_diff_talker

  Block 38 of 144 started at 13:10:10; Condition: 4 ; masker = unscrambled_same_talker
    Trial 38, target stimulus: , KWs correct:  / possible: 0 (0 / 0: 0.0 %)
  Block 38 of 144 ended at 13:10:34; Condition: 4 ; masker = unscrambled_same_talker

  Block 39 of 144 started at 13:10:34; Condition: 2 ; masker = scrambled_same_talker
    Trial 39, target stimulus: , KWs correct:  / possible: 0 (0 / 0: 0.0 %)
  Block 39 of 144 ended at 13:10:53; Condition: 2 ; masker = scrambled_same_talker

  Block 40 of 144 started at 13:10:53; Condition: 1 ; masker = scrambled_diff_talker
    Trial 40, target stimulus: , KWs correct:  / possible: 0 (0 / 0: 0.0 %)
  Block 40 of 144 ended at 13:11:24; Condition: 1 ; masker = scrambled_diff_talker

  Block 41 of 144 started at 13:11:24; Condition: 4 ; masker = unscrambled_same_talker
    Trial 41, target stimulus: , KWs correct:  / possible: 0 (0 / 0: 0.0 %)
  Block 41 of 144 ended at 13:11:44; Condition: 4 ; masker = unscrambled_same_talker

  Block 42 of 144 started at 13:11:44; Condition: 3 ; masker = unscrambled_diff_talker
    Trial 42, target stimulus: , KWs correct:  / possible: 0 (0 / 0: 0.0 %)
  Block 42 of 144 ended at 13:12:04; Condition: 3 ; masker = unscrambled_diff_talker

  Block 43 of 144 started at 13:12:04; Condition: 2 ; masker = scrambled_same_talker
    Trial 43, target stimulus: , KWs correct:  / possible: 0 (0 / 0: 0.0 %)
  Block 43 of 144 ended at 13:12:45; Condition: 2 ; masker = scrambled_same_talker

  Block 44 of 144 started at 13:12:45; Condition: 1 ; masker = scrambled_diff_talker
    Trial 44, target stimulus: , KWs correct:  / possible: 0 (0 / 0: 0.0 %)
  Block 44 of 144 ended at 13:13:24; Condition: 1 ; masker = scrambled_diff_talker

  Block 45 of 144 started at 13:13:24; Condition: 3 ; masker = unscrambled_diff_talker
    Trial 45, target stimulus: , KWs correct:  / possible: 0 (0 / 0: 0.0 %)
  Block 45 of 144 ended at 13:14:07; Condition: 3 ; masker = unscrambled_diff_talker

  Block 46 of 144 started at 13:14:07; Condition: 2 ; masker = scrambled_same_talker
    Trial 46, target stimulus: , KWs correct:  / possible: 0 (0 / 0: 0.0 %)
  Block 46 of 144 ended at 13:14:29; Condition: 2 ; masker = scrambled_same_talker

  Block 47 of 144 started at 13:14:29; Condition: 4 ; masker = unscrambled_same_talker
    Trial 47, target stimulus: , KWs correct:  / possible: 0 (0 / 0: 0.0 %)
  Block 47 of 144 ended at 13:14:53; Condition: 4 ; masker = unscrambled_same_talker

  Block 48 of 144 started at 13:14:53; Condition: 1 ; masker = scrambled_diff_talker
    Trial 48, target stimulus: , KWs correct:  / possible: 0 (0 / 0: 0.0 %)
  Block 48 of 144 ended at 13:15:26; Condition: 1 ; masker = scrambled_diff_talker

  Block 49 of 144 started at 13:15:26; Condition: 3 ; masker = unscrambled_diff_talker
    Trial 49, target stimulus: , KWs correct:  / possible: 0 (0 / 0: 0.0 %)
  Block 49 of 144 ended at 13:15:47; Condition: 3 ; masker = unscrambled_diff_talker

  Block 50 of 144 started at 13:15:47; Condition: 1 ; masker = scrambled_diff_talker
    Trial 50, target stimulus: , KWs correct:  / possible: 0 (0 / 0: 0.0 %)
  Block 50 of 144 ended at 13:16:37; Condition: 1 ; masker = scrambled_diff_talker

  Block 51 of 144 started at 13:16:37; Condition: 4 ; masker = unscrambled_same_talker
