# -*- coding: utf-8 -*-

# A log file for Gustav


Experiment fNIRSandGerbils running subject 001 started at 10:32:32 on 2023-08-03

  Block 1 of 144 started at 10:35:11; Condition: 1 ; masker = scrambled
    Trial 1, target stimulus: , KWs correct:  / possible: 0 (0 / 0: 0.0 %)
  Block 1 of 144 ended at 10:36:56; Condition: 1 ; masker = scrambled

  Block 2 of 144 started at 10:36:56; Condition: 2 ; masker = unscrambled
    Trial 2, target stimulus: , KWs correct:  / possible: 0 (0 / 0: 0.0 %)
  Block 2 of 144 ended at 10:37:19; Condition: 2 ; masker = unscrambled

  Block 3 of 144 started at 10:37:19; Condition: 1 ; masker = scrambled
    Trial 3, target stimulus: , KWs correct:  / possible: 0 (0 / 0: 0.0 %)
  Block 3 of 144 ended at 10:37:43; Condition: 1 ; masker = scrambled

  Block 4 of 144 started at 10:37:43; Condition: 2 ; masker = unscrambled
    Trial 4, target stimulus: , KWs correct:  / possible: 0 (0 / 0: 0.0 %)
  Block 4 of 144 ended at 10:38:06; Condition: 2 ; masker = unscrambled

  Block 5 of 144 started at 10:38:06; Condition: 1 ; masker = scrambled
    Trial 5, target stimulus: , KWs correct:  / possible: 0 (0 / 0: 0.0 %)
  Block 5 of 144 ended at 10:38:29; Condition: 1 ; masker = scrambled

  Block 6 of 144 started at 10:38:29; Condition: 2 ; masker = unscrambled
    Trial 6, target stimulus: , KWs correct:  / possible: 0 (0 / 0: 0.0 %)
  Block 6 of 144 ended at 10:38:52; Condition: 2 ; masker = unscrambled

  Block 7 of 144 started at 10:38:52; Condition: 1 ; masker = scrambled
    Trial 7, target stimulus: , KWs correct:  / possible: 0 (0 / 0: 0.0 %)
  Block 7 of 144 ended at 10:39:15; Condition: 1 ; masker = scrambled

  Block 8 of 144 started at 10:39:15; Condition: 2 ; masker = unscrambled
    Trial 8, target stimulus: , KWs correct:  / possible: 0 (0 / 0: 0.0 %)
  Block 8 of 144 ended at 10:39:38; Condition: 2 ; masker = unscrambled

  Block 9 of 144 started at 10:39:38; Condition: 1 ; masker = scrambled
    Trial 9, target stimulus: , KWs correct:  / possible: 0 (0 / 0: 0.0 %)
  Block 9 of 144 ended at 10:40:02; Condition: 1 ; masker = scrambled

  Block 10 of 144 started at 10:40:02; Condition: 2 ; masker = unscrambled
    Trial 10, target stimulus: , KWs correct:  / possible: 0 (0 / 0: 0.0 %)
  Block 10 of 144 ended at 10:40:25; Condition: 2 ; masker = unscrambled

  Block 11 of 144 started at 10:40:25; Condition: 1 ; masker = scrambled
    Trial 11, target stimulus: , KWs correct:  / possible: 0 (0 / 0: 0.0 %)
  Block 11 of 144 ended at 10:40:48; Condition: 1 ; masker = scrambled

  Block 12 of 144 started at 10:40:48; Condition: 2 ; masker = unscrambled
    Trial 12, target stimulus: , KWs correct:  / possible: 0 (0 / 0: 0.0 %)
  Block 12 of 144 ended at 10:41:11; Condition: 2 ; masker = unscrambled

  Block 13 of 144 started at 10:41:11; Condition: 1 ; masker = scrambled
    Trial 13, target stimulus: , KWs correct:  / possible: 0 (0 / 0: 0.0 %)
  Block 13 of 144 ended at 10:41:35; Condition: 1 ; masker = scrambled

  Block 14 of 144 started at 10:41:35; Condition: 2 ; masker = unscrambled
    Trial 14, target stimulus: , KWs correct:  / possible: 0 (0 / 0: 0.0 %)
  Block 14 of 144 ended at 10:42:00; Condition: 2 ; masker = unscrambled

  Block 15 of 144 started at 10:42:00; Condition: 1 ; masker = scrambled
    Trial 15, target stimulus: , KWs correct:  / possible: 0 (0 / 0: 0.0 %)
  Block 15 of 144 ended at 10:42:24; Condition: 1 ; masker = scrambled

  Block 16 of 144 started at 10:42:24; Condition: 2 ; masker = unscrambled
    Trial 16, target stimulus: , KWs correct:  / possible: 0 (0 / 0: 0.0 %)
  Block 16 of 144 ended at 10:42:47; Condition: 2 ; masker = unscrambled

  Block 17 of 144 started at 10:42:47; Condition: 1 ; masker = scrambled
    Trial 17, target stimulus: , KWs correct:  / possible: 0 (0 / 0: 0.0 %)
  Block 17 of 144 ended at 10:43:10; Condition: 1 ; masker = scrambled

  Block 18 of 144 started at 10:43:10; Condition: 2 ; masker = unscrambled
    Trial 18, target stimulus: , KWs correct:  / possible: 0 (0 / 0: 0.0 %)
  Block 18 of 144 ended at 10:43:33; Condition: 2 ; masker = unscrambled

  Block 19 of 144 started at 10:43:33; Condition: 1 ; masker = scrambled
    Trial 19, target stimulus: , KWs correct:  / possible: 0 (0 / 0: 0.0 %)
  Block 19 of 144 ended at 10:43:57; Condition: 1 ; masker = scrambled

  Block 20 of 144 started at 10:43:57; Condition: 2 ; masker = unscrambled
    Trial 20, target stimulus: , KWs correct:  / possible: 0 (0 / 0: 0.0 %)
  Block 20 of 144 ended at 10:44:20; Condition: 2 ; masker = unscrambled

  Block 21 of 144 started at 10:44:20; Condition: 1 ; masker = scrambled
    Trial 21, target stimulus: , KWs correct:  / possible: 0 (0 / 0: 0.0 %)
  Block 21 of 144 ended at 10:44:43; Condition: 1 ; masker = scrambled

  Block 22 of 144 started at 10:44:43; Condition: 2 ; masker = unscrambled
    Trial 22, target stimulus: , KWs correct:  / possible: 0 (0 / 0: 0.0 %)
  Block 22 of 144 ended at 10:45:06; Condition: 2 ; masker = unscrambled

  Block 23 of 144 started at 10:45:06; Condition: 1 ; masker = scrambled
    Trial 23, target stimulus: , KWs correct:  / possible: 0 (0 / 0: 0.0 %)
  Block 23 of 144 ended at 10:45:29; Condition: 1 ; masker = scrambled

  Block 24 of 144 started at 10:45:29; Condition: 2 ; masker = unscrambled
    Trial 24, target stimulus: , KWs correct:  / possible: 0 (0 / 0: 0.0 %)
  Block 24 of 144 ended at 10:45:53; Condition: 2 ; masker = unscrambled

  Block 25 of 144 started at 10:45:53; Condition: 1 ; masker = scrambled
    Trial 25, target stimulus: , KWs correct:  / possible: 0 (0 / 0: 0.0 %)
  Block 25 of 144 ended at 10:46:16; Condition: 1 ; masker = scrambled

  Block 26 of 144 started at 10:46:16; Condition: 2 ; masker = unscrambled
    Trial 26, target stimulus: , KWs correct:  / possible: 0 (0 / 0: 0.0 %)
  Block 26 of 144 ended at 10:46:39; Condition: 2 ; masker = unscrambled

  Block 27 of 144 started at 10:46:39; Condition: 1 ; masker = scrambled
    Trial 27, target stimulus: , KWs correct:  / possible: 0 (0 / 0: 0.0 %)
  Block 27 of 144 ended at 10:47:03; Condition: 1 ; masker = scrambled

  Block 28 of 144 started at 10:47:03; Condition: 2 ; masker = unscrambled
    Trial 28, target stimulus: , KWs correct:  / possible: 0 (0 / 0: 0.0 %)
  Block 28 of 144 ended at 10:47:26; Condition: 2 ; masker = unscrambled

  Block 29 of 144 started at 10:47:26; Condition: 1 ; masker = scrambled
    Trial 29, target stimulus: , KWs correct:  / possible: 0 (0 / 0: 0.0 %)
  Block 29 of 144 ended at 10:47:50; Condition: 1 ; masker = scrambled

  Block 30 of 144 started at 10:47:50; Condition: 2 ; masker = unscrambled
    Trial 30, target stimulus: , KWs correct:  / possible: 0 (0 / 0: 0.0 %)
  Block 30 of 144 ended at 10:48:13; Condition: 2 ; masker = unscrambled

  Block 31 of 144 started at 10:48:13; Condition: 1 ; masker = scrambled
    Trial 31, target stimulus: , KWs correct:  / possible: 0 (0 / 0: 0.0 %)
  Block 31 of 144 ended at 10:48:37; Condition: 1 ; masker = scrambled

  Block 32 of 144 started at 10:48:37; Condition: 2 ; masker = unscrambled
    Trial 32, target stimulus: , KWs correct:  / possible: 0 (0 / 0: 0.0 %)
  Block 32 of 144 ended at 10:49:00; Condition: 2 ; masker = unscrambled

  Block 33 of 144 started at 10:49:00; Condition: 1 ; masker = scrambled
    Trial 33, target stimulus: , KWs correct:  / possible: 0 (0 / 0: 0.0 %)
  Block 33 of 144 ended at 10:49:23; Condition: 1 ; masker = scrambled

  Block 34 of 144 started at 10:49:23; Condition: 2 ; masker = unscrambled
    Trial 34, target stimulus: , KWs correct:  / possible: 0 (0 / 0: 0.0 %)
  Block 34 of 144 ended at 10:49:47; Condition: 2 ; masker = unscrambled

  Block 35 of 144 started at 10:49:47; Condition: 1 ; masker = scrambled
    Trial 35, target stimulus: , KWs correct:  / possible: 0 (0 / 0: 0.0 %)
  Block 35 of 144 ended at 10:50:10; Condition: 1 ; masker = scrambled

  Block 36 of 144 started at 10:50:10; Condition: 2 ; masker = unscrambled
    Trial 36, target stimulus: , KWs correct:  / possible: 0 (0 / 0: 0.0 %)
  Block 36 of 144 ended at 10:50:34; Condition: 2 ; masker = unscrambled

  Block 37 of 144 started at 10:50:34; Condition: 1 ; masker = scrambled
    Trial 37, target stimulus: , KWs correct:  / possible: 0 (0 / 0: 0.0 %)
  Block 37 of 144 ended at 10:50:58; Condition: 1 ; masker = scrambled

  Block 38 of 144 started at 10:50:58; Condition: 2 ; masker = unscrambled
    Trial 38, target stimulus: , KWs correct:  / possible: 0 (0 / 0: 0.0 %)
  Block 38 of 144 ended at 10:51:21; Condition: 2 ; masker = unscrambled

  Block 39 of 144 started at 10:51:21; Condition: 1 ; masker = scrambled
    Trial 39, target stimulus: , KWs correct:  / possible: 0 (0 / 0: 0.0 %)
  Block 39 of 144 ended at 10:51:44; Condition: 1 ; masker = scrambled

  Block 40 of 144 started at 10:51:44; Condition: 2 ; masker = unscrambled
    Trial 40, target stimulus: , KWs correct:  / possible: 0 (0 / 0: 0.0 %)
  Block 40 of 144 ended at 10:52:07; Condition: 2 ; masker = unscrambled

  Block 41 of 144 started at 10:52:07; Condition: 1 ; masker = scrambled
    Trial 41, target stimulus: , KWs correct:  / possible: 0 (0 / 0: 0.0 %)
  Block 41 of 144 ended at 10:52:30; Condition: 1 ; masker = scrambled

  Block 42 of 144 started at 10:52:30; Condition: 2 ; masker = unscrambled
    Trial 42, target stimulus: , KWs correct:  / possible: 0 (0 / 0: 0.0 %)
  Block 42 of 144 ended at 10:52:54; Condition: 2 ; masker = unscrambled

  Block 43 of 144 started at 10:52:54; Condition: 1 ; masker = scrambled
    Trial 43, target stimulus: , KWs correct:  / possible: 0 (0 / 0: 0.0 %)
  Block 43 of 144 ended at 10:53:17; Condition: 1 ; masker = scrambled

  Block 44 of 144 started at 10:53:17; Condition: 2 ; masker = unscrambled
    Trial 44, target stimulus: , KWs correct:  / possible: 0 (0 / 0: 0.0 %)
  Block 44 of 144 ended at 10:53:41; Condition: 2 ; masker = unscrambled

  Block 45 of 144 started at 10:53:41; Condition: 1 ; masker = scrambled
    Trial 45, target stimulus: , KWs correct:  / possible: 0 (0 / 0: 0.0 %)
  Block 45 of 144 ended at 10:54:04; Condition: 1 ; masker = scrambled

  Block 46 of 144 started at 10:54:04; Condition: 2 ; masker = unscrambled
    Trial 46, target stimulus: , KWs correct:  / possible: 0 (0 / 0: 0.0 %)
  Block 46 of 144 ended at 10:54:26; Condition: 2 ; masker = unscrambled

  Block 47 of 144 started at 10:54:26; Condition: 1 ; masker = scrambled
    Trial 47, target stimulus: , KWs correct:  / possible: 0 (0 / 0: 0.0 %)
  Block 47 of 144 ended at 10:54:49; Condition: 1 ; masker = scrambled

  Block 48 of 144 started at 10:54:49; Condition: 2 ; masker = unscrambled
    Trial 48, target stimulus: , KWs correct:  / possible: 0 (0 / 0: 0.0 %)
  Block 48 of 144 ended at 10:55:12; Condition: 2 ; masker = unscrambled

  Block 49 of 144 started at 10:55:12; Condition: 1 ; masker = scrambled
    Trial 49, target stimulus: , KWs correct:  / possible: 0 (0 / 0: 0.0 %)
  Block 49 of 144 ended at 10:55:35; Condition: 1 ; masker = scrambled

  Block 50 of 144 started at 10:55:35; Condition: 2 ; masker = unscrambled
    Trial 50, target stimulus: , KWs correct:  / possible: 0 (0 / 0: 0.0 %)
  Block 50 of 144 ended at 10:55:58; Condition: 2 ; masker = unscrambled

  Block 51 of 144 started at 10:55:58; Condition: 1 ; masker = scrambled
    Trial 51, target stimulus: , KWs correct:  / possible: 0 (0 / 0: 0.0 %)
  Block 51 of 144 ended at 10:56:21; Condition: 1 ; masker = scrambled

  Block 52 of 144 started at 10:56:21; Condition: 2 ; masker = unscrambled
    Trial 52, target stimulus: , KWs correct:  / possible: 0 (0 / 0: 0.0 %)
  Block 52 of 144 ended at 10:56:43; Condition: 2 ; masker = unscrambled

  Block 53 of 144 started at 10:56:43; Condition: 1 ; masker = scrambled
    Trial 53, target stimulus: , KWs correct:  / possible: 0 (0 / 0: 0.0 %)
  Block 53 of 144 ended at 10:57:06; Condition: 1 ; masker = scrambled

  Block 54 of 144 started at 10:57:06; Condition: 2 ; masker = unscrambled
    Trial 54, target stimulus: , KWs correct:  / possible: 0 (0 / 0: 0.0 %)
  Block 54 of 144 ended at 10:57:29; Condition: 2 ; masker = unscrambled

  Block 55 of 144 started at 10:57:29; Condition: 1 ; masker = scrambled
    Trial 55, target stimulus: , KWs correct:  / possible: 0 (0 / 0: 0.0 %)
  Block 55 of 144 ended at 10:57:52; Condition: 1 ; masker = scrambled

  Block 56 of 144 started at 10:57:52; Condition: 2 ; masker = unscrambled
    Trial 56, target stimulus: , KWs correct:  / possible: 0 (0 / 0: 0.0 %)
  Block 56 of 144 ended at 10:58:15; Condition: 2 ; masker = unscrambled

  Block 57 of 144 started at 10:58:15; Condition: 1 ; masker = scrambled
    Trial 57, target stimulus: , KWs correct:  / possible: 0 (0 / 0: 0.0 %)
  Block 57 of 144 ended at 10:58:38; Condition: 1 ; masker = scrambled

  Block 58 of 144 started at 10:58:38; Condition: 2 ; masker = unscrambled
    Trial 58, target stimulus: , KWs correct:  / possible: 0 (0 / 0: 0.0 %)
  Block 58 of 144 ended at 10:59:02; Condition: 2 ; masker = unscrambled

  Block 59 of 144 started at 10:59:02; Condition: 1 ; masker = scrambled
    Trial 59, target stimulus: , KWs correct:  / possible: 0 (0 / 0: 0.0 %)
  Block 59 of 144 ended at 10:59:25; Condition: 1 ; masker = scrambled

  Block 60 of 144 started at 10:59:25; Condition: 2 ; masker = unscrambled
    Trial 60, target stimulus: , KWs correct:  / possible: 0 (0 / 0: 0.0 %)
  Block 60 of 144 ended at 10:59:48; Condition: 2 ; masker = unscrambled

  Block 61 of 144 started at 10:59:48; Condition: 1 ; masker = scrambled
    Trial 61, target stimulus: , KWs correct:  / possible: 0 (0 / 0: 0.0 %)
  Block 61 of 144 ended at 11:00:10; Condition: 1 ; masker = scrambled

  Block 62 of 144 started at 11:00:10; Condition: 2 ; masker = unscrambled
    Trial 62, target stimulus: , KWs correct:  / possible: 0 (0 / 0: 0.0 %)
  Block 62 of 144 ended at 11:00:33; Condition: 2 ; masker = unscrambled

  Block 63 of 144 started at 11:00:33; Condition: 1 ; masker = scrambled
    Trial 63, target stimulus: , KWs correct:  / possible: 0 (0 / 0: 0.0 %)
  Block 63 of 144 ended at 11:00:56; Condition: 1 ; masker = scrambled

  Block 64 of 144 started at 11:00:56; Condition: 2 ; masker = unscrambled
    Trial 64, target stimulus: , KWs correct:  / possible: 0 (0 / 0: 0.0 %)
  Block 64 of 144 ended at 11:01:22; Condition: 2 ; masker = unscrambled

  Block 65 of 144 started at 11:01:22; Condition: 1 ; masker = scrambled
    Trial 65, target stimulus: , KWs correct:  / possible: 0 (0 / 0: 0.0 %)
  Block 65 of 144 ended at 11:01:46; Condition: 1 ; masker = scrambled

  Block 66 of 144 started at 11:01:46; Condition: 2 ; masker = unscrambled
    Trial 66, target stimulus: , KWs correct:  / possible: 0 (0 / 0: 0.0 %)
  Block 66 of 144 ended at 11:02:09; Condition: 2 ; masker = unscrambled

  Block 67 of 144 started at 11:02:09; Condition: 1 ; masker = scrambled
    Trial 67, target stimulus: , KWs correct:  / possible: 0 (0 / 0: 0.0 %)
  Block 67 of 144 ended at 11:02:32; Condition: 1 ; masker = scrambled

  Block 68 of 144 started at 11:02:32; Condition: 2 ; masker = unscrambled
    Trial 68, target stimulus: , KWs correct:  / possible: 0 (0 / 0: 0.0 %)
  Block 68 of 144 ended at 11:02:55; Condition: 2 ; masker = unscrambled

  Block 69 of 144 started at 11:02:55; Condition: 1 ; masker = scrambled
    Trial 69, target stimulus: , KWs correct:  / possible: 0 (0 / 0: 0.0 %)
  Block 69 of 144 ended at 11:03:18; Condition: 1 ; masker = scrambled

  Block 70 of 144 started at 11:03:18; Condition: 2 ; masker = unscrambled
    Trial 70, target stimulus: , KWs correct:  / possible: 0 (0 / 0: 0.0 %)
  Block 70 of 144 ended at 11:03:41; Condition: 2 ; masker = unscrambled

  Block 71 of 144 started at 11:03:41; Condition: 1 ; masker = scrambled
    Trial 71, target stimulus: , KWs correct:  / possible: 0 (0 / 0: 0.0 %)
  Block 71 of 144 ended at 11:04:04; Condition: 1 ; masker = scrambled

  Block 72 of 144 started at 11:04:04; Condition: 2 ; masker = unscrambled
    Trial 72, target stimulus: , KWs correct:  / possible: 0 (0 / 0: 0.0 %)
  Block 72 of 144 ended at 11:04:26; Condition: 2 ; masker = unscrambled

  Block 73 of 144 started at 11:04:26; Condition: 1 ; masker = scrambled
    Trial 73, target stimulus: , KWs correct:  / possible: 0 (0 / 0: 0.0 %)
  Block 73 of 144 ended at 11:04:50; Condition: 1 ; masker = scrambled

  Block 74 of 144 started at 11:04:50; Condition: 2 ; masker = unscrambled
    Trial 74, target stimulus: , KWs correct:  / possible: 0 (0 / 0: 0.0 %)
  Block 74 of 144 ended at 11:05:13; Condition: 2 ; masker = unscrambled

  Block 75 of 144 started at 11:05:13; Condition: 1 ; masker = scrambled
    Trial 75, target stimulus: , KWs correct:  / possible: 0 (0 / 0: 0.0 %)
  Block 75 of 144 ended at 11:05:36; Condition: 1 ; masker = scrambled

  Block 76 of 144 started at 11:05:36; Condition: 2 ; masker = unscrambled
    Trial 76, target stimulus: , KWs correct:  / possible: 0 (0 / 0: 0.0 %)
  Block 76 of 144 ended at 11:05:59; Condition: 2 ; masker = unscrambled

  Block 77 of 144 started at 11:05:59; Condition: 1 ; masker = scrambled
    Trial 77, target stimulus: , KWs correct:  / possible: 0 (0 / 0: 0.0 %)
  Block 77 of 144 ended at 11:06:23; Condition: 1 ; masker = scrambled

  Block 78 of 144 started at 11:06:23; Condition: 2 ; masker = unscrambled
    Trial 78, target stimulus: , KWs correct:  / possible: 0 (0 / 0: 0.0 %)
  Block 78 of 144 ended at 11:06:46; Condition: 2 ; masker = unscrambled

  Block 79 of 144 started at 11:06:46; Condition: 1 ; masker = scrambled
    Trial 79, target stimulus: , KWs correct:  / possible: 0 (0 / 0: 0.0 %)
  Block 79 of 144 ended at 11:07:10; Condition: 1 ; masker = scrambled

  Block 80 of 144 started at 11:07:10; Condition: 2 ; masker = unscrambled
    Trial 80, target stimulus: , KWs correct:  / possible: 0 (0 / 0: 0.0 %)
  Block 80 of 144 ended at 11:07:33; Condition: 2 ; masker = unscrambled

  Block 81 of 144 started at 11:07:33; Condition: 1 ; masker = scrambled
    Trial 81, target stimulus: , KWs correct:  / possible: 0 (0 / 0: 0.0 %)
  Block 81 of 144 ended at 11:07:56; Condition: 1 ; masker = scrambled

  Block 82 of 144 started at 11:07:56; Condition: 2 ; masker = unscrambled
    Trial 82, target stimulus: , KWs correct:  / possible: 0 (0 / 0: 0.0 %)
  Block 82 of 144 ended at 11:08:20; Condition: 2 ; masker = unscrambled

  Block 83 of 144 started at 11:08:20; Condition: 1 ; masker = scrambled
    Trial 83, target stimulus: , KWs correct:  / possible: 0 (0 / 0: 0.0 %)
  Block 83 of 144 ended at 11:08:43; Condition: 1 ; masker = scrambled

  Block 84 of 144 started at 11:08:43; Condition: 2 ; masker = unscrambled
    Trial 84, target stimulus: , KWs correct:  / possible: 0 (0 / 0: 0.0 %)
  Block 84 of 144 ended at 11:09:06; Condition: 2 ; masker = unscrambled

  Block 85 of 144 started at 11:09:06; Condition: 1 ; masker = scrambled
    Trial 85, target stimulus: , KWs correct:  / possible: 0 (0 / 0: 0.0 %)
  Block 85 of 144 ended at 11:09:29; Condition: 1 ; masker = scrambled

  Block 86 of 144 started at 11:09:29; Condition: 2 ; masker = unscrambled
    Trial 86, target stimulus: , KWs correct:  / possible: 0 (0 / 0: 0.0 %)
  Block 86 of 144 ended at 11:09:52; Condition: 2 ; masker = unscrambled

  Block 87 of 144 started at 11:09:52; Condition: 1 ; masker = scrambled
    Trial 87, target stimulus: , KWs correct:  / possible: 0 (0 / 0: 0.0 %)
  Block 87 of 144 ended at 11:10:15; Condition: 1 ; masker = scrambled

  Block 88 of 144 started at 11:10:15; Condition: 2 ; masker = unscrambled
    Trial 88, target stimulus: , KWs correct:  / possible: 0 (0 / 0: 0.0 %)
  Block 88 of 144 ended at 11:10:38; Condition: 2 ; masker = unscrambled

  Block 89 of 144 started at 11:10:38; Condition: 1 ; masker = scrambled
    Trial 89, target stimulus: , KWs correct:  / possible: 0 (0 / 0: 0.0 %)
  Block 89 of 144 ended at 11:11:02; Condition: 1 ; masker = scrambled

  Block 90 of 144 started at 11:11:02; Condition: 2 ; masker = unscrambled
    Trial 90, target stimulus: , KWs correct:  / possible: 0 (0 / 0: 0.0 %)
  Block 90 of 144 ended at 11:11:25; Condition: 2 ; masker = unscrambled

  Block 91 of 144 started at 11:11:25; Condition: 1 ; masker = scrambled
    Trial 91, target stimulus: , KWs correct:  / possible: 0 (0 / 0: 0.0 %)
  Block 91 of 144 ended at 11:11:48; Condition: 1 ; masker = scrambled

  Block 92 of 144 started at 11:11:48; Condition: 2 ; masker = unscrambled
    Trial 92, target stimulus: , KWs correct:  / possible: 0 (0 / 0: 0.0 %)
  Block 92 of 144 ended at 11:12:12; Condition: 2 ; masker = unscrambled

  Block 93 of 144 started at 11:12:12; Condition: 1 ; masker = scrambled
    Trial 93, target stimulus: , KWs correct:  / possible: 0 (0 / 0: 0.0 %)
  Block 93 of 144 ended at 11:12:35; Condition: 1 ; masker = scrambled

  Block 94 of 144 started at 11:12:35; Condition: 2 ; masker = unscrambled
    Trial 94, target stimulus: , KWs correct:  / possible: 0 (0 / 0: 0.0 %)
  Block 94 of 144 ended at 11:12:58; Condition: 2 ; masker = unscrambled

  Block 95 of 144 started at 11:12:58; Condition: 1 ; masker = scrambled
    Trial 95, target stimulus: , KWs correct:  / possible: 0 (0 / 0: 0.0 %)
  Block 95 of 144 ended at 11:13:21; Condition: 1 ; masker = scrambled

  Block 96 of 144 started at 11:13:21; Condition: 2 ; masker = unscrambled
    Trial 96, target stimulus: , KWs correct:  / possible: 0 (0 / 0: 0.0 %)
  Block 96 of 144 ended at 11:13:46; Condition: 2 ; masker = unscrambled

  Block 97 of 144 started at 11:13:46; Condition: 1 ; masker = scrambled
    Trial 97, target stimulus: , KWs correct:  / possible: 0 (0 / 0: 0.0 %)
  Block 97 of 144 ended at 11:14:10; Condition: 1 ; masker = scrambled

  Block 98 of 144 started at 11:14:10; Condition: 2 ; masker = unscrambled
    Trial 98, target stimulus: , KWs correct:  / possible: 0 (0 / 0: 0.0 %)
  Block 98 of 144 ended at 11:14:33; Condition: 2 ; masker = unscrambled

  Block 99 of 144 started at 11:14:33; Condition: 1 ; masker = scrambled
    Trial 99, target stimulus: , KWs correct:  / possible: 0 (0 / 0: 0.0 %)
  Block 99 of 144 ended at 11:14:57; Condition: 1 ; masker = scrambled

  Block 100 of 144 started at 11:14:57; Condition: 2 ; masker = unscrambled
    Trial 100, target stimulus: , KWs correct:  / possible: 0 (0 / 0: 0.0 %)
  Block 100 of 144 ended at 11:15:20; Condition: 2 ; masker = unscrambled

  Block 101 of 144 started at 11:15:20; Condition: 1 ; masker = scrambled
    Trial 101, target stimulus: , KWs correct:  / possible: 0 (0 / 0: 0.0 %)
  Block 101 of 144 ended at 11:15:44; Condition: 1 ; masker = scrambled

  Block 102 of 144 started at 11:15:44; Condition: 2 ; masker = unscrambled
    Trial 102, target stimulus: , KWs correct:  / possible: 0 (0 / 0: 0.0 %)
  Block 102 of 144 ended at 11:16:09; Condition: 2 ; masker = unscrambled

  Block 103 of 144 started at 11:16:09; Condition: 1 ; masker = scrambled
    Trial 103, target stimulus: , KWs correct:  / possible: 0 (0 / 0: 0.0 %)
  Block 103 of 144 ended at 11:16:31; Condition: 1 ; masker = scrambled

  Block 104 of 144 started at 11:16:31; Condition: 2 ; masker = unscrambled
    Trial 104, target stimulus: , KWs correct:  / possible: 0 (0 / 0: 0.0 %)
  Block 104 of 144 ended at 11:16:55; Condition: 2 ; masker = unscrambled

  Block 105 of 144 started at 11:16:55; Condition: 1 ; masker = scrambled
    Trial 105, target stimulus: , KWs correct:  / possible: 0 (0 / 0: 0.0 %)
  Block 105 of 144 ended at 11:17:18; Condition: 1 ; masker = scrambled

  Block 106 of 144 started at 11:17:18; Condition: 2 ; masker = unscrambled
    Trial 106, target stimulus: , KWs correct:  / possible: 0 (0 / 0: 0.0 %)
  Block 106 of 144 ended at 11:17:41; Condition: 2 ; masker = unscrambled

  Block 107 of 144 started at 11:17:41; Condition: 1 ; masker = scrambled
    Trial 107, target stimulus: , KWs correct:  / possible: 0 (0 / 0: 0.0 %)
  Block 107 of 144 ended at 11:18:05; Condition: 1 ; masker = scrambled

  Block 108 of 144 started at 11:18:05; Condition: 2 ; masker = unscrambled
    Trial 108, target stimulus: , KWs correct:  / possible: 0 (0 / 0: 0.0 %)
  Block 108 of 144 ended at 11:18:29; Condition: 2 ; masker = unscrambled

  Block 109 of 144 started at 11:18:29; Condition: 1 ; masker = scrambled
    Trial 109, target stimulus: , KWs correct:  / possible: 0 (0 / 0: 0.0 %)
  Block 109 of 144 ended at 11:18:52; Condition: 1 ; masker = scrambled

  Block 110 of 144 started at 11:18:52; Condition: 2 ; masker = unscrambled
    Trial 110, target stimulus: , KWs correct:  / possible: 0 (0 / 0: 0.0 %)
  Block 110 of 144 ended at 11:19:14; Condition: 2 ; masker = unscrambled

  Block 111 of 144 started at 11:19:14; Condition: 1 ; masker = scrambled
    Trial 111, target stimulus: , KWs correct:  / possible: 0 (0 / 0: 0.0 %)
  Block 111 of 144 ended at 11:19:37; Condition: 1 ; masker = scrambled

  Block 112 of 144 started at 11:19:37; Condition: 2 ; masker = unscrambled
    Trial 112, target stimulus: , KWs correct:  / possible: 0 (0 / 0: 0.0 %)
  Block 112 of 144 ended at 11:20:00; Condition: 2 ; masker = unscrambled

  Block 113 of 144 started at 11:20:00; Condition: 1 ; masker = scrambled
    Trial 113, target stimulus: , KWs correct:  / possible: 0 (0 / 0: 0.0 %)
  Block 113 of 144 ended at 11:20:23; Condition: 1 ; masker = scrambled

  Block 114 of 144 started at 11:20:23; Condition: 2 ; masker = unscrambled
    Trial 114, target stimulus: , KWs correct:  / possible: 0 (0 / 0: 0.0 %)
  Block 114 of 144 ended at 11:20:47; Condition: 2 ; masker = unscrambled

  Block 115 of 144 started at 11:20:47; Condition: 1 ; masker = scrambled
    Trial 115, target stimulus: , KWs correct:  / possible: 0 (0 / 0: 0.0 %)
  Block 115 of 144 ended at 11:21:10; Condition: 1 ; masker = scrambled

  Block 116 of 144 started at 11:21:10; Condition: 2 ; masker = unscrambled
    Trial 116, target stimulus: , KWs correct:  / possible: 0 (0 / 0: 0.0 %)
  Block 116 of 144 ended at 11:21:33; Condition: 2 ; masker = unscrambled

  Block 117 of 144 started at 11:21:33; Condition: 1 ; masker = scrambled
    Trial 117, target stimulus: , KWs correct:  / possible: 0 (0 / 0: 0.0 %)
  Block 117 of 144 ended at 11:21:56; Condition: 1 ; masker = scrambled

  Block 118 of 144 started at 11:21:56; Condition: 2 ; masker = unscrambled
    Trial 118, target stimulus: , KWs correct:  / possible: 0 (0 / 0: 0.0 %)
  Block 118 of 144 ended at 11:22:20; Condition: 2 ; masker = unscrambled

  Block 119 of 144 started at 11:22:20; Condition: 1 ; masker = scrambled
    Trial 119, target stimulus: , KWs correct:  / possible: 0 (0 / 0: 0.0 %)
  Block 119 of 144 ended at 11:22:44; Condition: 1 ; masker = scrambled

  Block 120 of 144 started at 11:22:44; Condition: 2 ; masker = unscrambled
    Trial 120, target stimulus: , KWs correct:  / possible: 0 (0 / 0: 0.0 %)
  Block 120 of 144 ended at 11:23:07; Condition: 2 ; masker = unscrambled

  Block 121 of 144 started at 11:23:07; Condition: 1 ; masker = scrambled
    Trial 121, target stimulus: , KWs correct:  / possible: 0 (0 / 0: 0.0 %)
  Block 121 of 144 ended at 11:23:30; Condition: 1 ; masker = scrambled

  Block 122 of 144 started at 11:23:30; Condition: 2 ; masker = unscrambled
    Trial 122, target stimulus: , KWs correct:  / possible: 0 (0 / 0: 0.0 %)
  Block 122 of 144 ended at 11:23:53; Condition: 2 ; masker = unscrambled

  Block 123 of 144 started at 11:23:53; Condition: 1 ; masker = scrambled
    Trial 123, target stimulus: , KWs correct:  / possible: 0 (0 / 0: 0.0 %)
  Block 123 of 144 ended at 11:24:16; Condition: 1 ; masker = scrambled

  Block 124 of 144 started at 11:24:16; Condition: 2 ; masker = unscrambled
    Trial 124, target stimulus: , KWs correct:  / possible: 0 (0 / 0: 0.0 %)
  Block 124 of 144 ended at 11:24:39; Condition: 2 ; masker = unscrambled

  Block 125 of 144 started at 11:24:39; Condition: 1 ; masker = scrambled
    Trial 125, target stimulus: , KWs correct:  / possible: 0 (0 / 0: 0.0 %)
  Block 125 of 144 ended at 11:25:02; Condition: 1 ; masker = scrambled

  Block 126 of 144 started at 11:25:02; Condition: 2 ; masker = unscrambled
    Trial 126, target stimulus: , KWs correct:  / possible: 0 (0 / 0: 0.0 %)
  Block 126 of 144 ended at 11:25:25; Condition: 2 ; masker = unscrambled

  Block 127 of 144 started at 11:25:25; Condition: 1 ; masker = scrambled
    Trial 127, target stimulus: , KWs correct:  / possible: 0 (0 / 0: 0.0 %)
  Block 127 of 144 ended at 11:25:48; Condition: 1 ; masker = scrambled

  Block 128 of 144 started at 11:25:48; Condition: 2 ; masker = unscrambled
    Trial 128, target stimulus: , KWs correct:  / possible: 0 (0 / 0: 0.0 %)
  Block 128 of 144 ended at 11:26:11; Condition: 2 ; masker = unscrambled

  Block 129 of 144 started at 11:26:11; Condition: 1 ; masker = scrambled
    Trial 129, target stimulus: , KWs correct:  / possible: 0 (0 / 0: 0.0 %)
  Block 129 of 144 ended at 11:26:34; Condition: 1 ; masker = scrambled

  Block 130 of 144 started at 11:26:34; Condition: 2 ; masker = unscrambled
    Trial 130, target stimulus: , KWs correct:  / possible: 0 (0 / 0: 0.0 %)
  Block 130 of 144 ended at 11:26:58; Condition: 2 ; masker = unscrambled

  Block 131 of 144 started at 11:26:58; Condition: 1 ; masker = scrambled
    Trial 131, target stimulus: , KWs correct:  / possible: 0 (0 / 0: 0.0 %)
  Block 131 of 144 ended at 11:27:21; Condition: 1 ; masker = scrambled

  Block 132 of 144 started at 11:27:21; Condition: 2 ; masker = unscrambled
    Trial 132, target stimulus: , KWs correct:  / possible: 0 (0 / 0: 0.0 %)
  Block 132 of 144 ended at 11:27:44; Condition: 2 ; masker = unscrambled

  Block 133 of 144 started at 11:27:44; Condition: 1 ; masker = scrambled
    Trial 133, target stimulus: , KWs correct:  / possible: 0 (0 / 0: 0.0 %)
  Block 133 of 144 ended at 11:28:07; Condition: 1 ; masker = scrambled

  Block 134 of 144 started at 11:28:07; Condition: 2 ; masker = unscrambled
    Trial 134, target stimulus: , KWs correct:  / possible: 0 (0 / 0: 0.0 %)
  Block 134 of 144 ended at 11:28:30; Condition: 2 ; masker = unscrambled

  Block 135 of 144 started at 11:28:30; Condition: 1 ; masker = scrambled
    Trial 135, target stimulus: , KWs correct:  / possible: 0 (0 / 0: 0.0 %)
  Block 135 of 144 ended at 11:28:53; Condition: 1 ; masker = scrambled

  Block 136 of 144 started at 11:28:53; Condition: 2 ; masker = unscrambled
    Trial 136, target stimulus: , KWs correct:  / possible: 0 (0 / 0: 0.0 %)
  Block 136 of 144 ended at 11:29:16; Condition: 2 ; masker = unscrambled

  Block 137 of 144 started at 11:29:16; Condition: 1 ; masker = scrambled
    Trial 137, target stimulus: , KWs correct:  / possible: 0 (0 / 0: 0.0 %)
  Block 137 of 144 ended at 11:29:39; Condition: 1 ; masker = scrambled

  Block 138 of 144 started at 11:29:39; Condition: 2 ; masker = unscrambled
    Trial 138, target stimulus: , KWs correct:  / possible: 0 (0 / 0: 0.0 %)
  Block 138 of 144 ended at 11:30:02; Condition: 2 ; masker = unscrambled

  Block 139 of 144 started at 11:30:02; Condition: 1 ; masker = scrambled
    Trial 139, target stimulus: , KWs correct:  / possible: 0 (0 / 0: 0.0 %)
  Block 139 of 144 ended at 11:30:25; Condition: 1 ; masker = scrambled

  Block 140 of 144 started at 11:30:25; Condition: 2 ; masker = unscrambled
    Trial 140, target stimulus: , KWs correct:  / possible: 0 (0 / 0: 0.0 %)
  Block 140 of 144 ended at 11:30:49; Condition: 2 ; masker = unscrambled

  Block 141 of 144 started at 11:30:49; Condition: 1 ; masker = scrambled
    Trial 141, target stimulus: , KWs correct:  / possible: 0 (0 / 0: 0.0 %)
  Block 141 of 144 ended at 11:31:12; Condition: 1 ; masker = scrambled

  Block 142 of 144 started at 11:31:12; Condition: 2 ; masker = unscrambled
    Trial 142, target stimulus: , KWs correct:  / possible: 0 (0 / 0: 0.0 %)
  Block 142 of 144 ended at 11:31:35; Condition: 2 ; masker = unscrambled

  Block 143 of 144 started at 11:31:35; Condition: 1 ; masker = scrambled
    Trial 143, target stimulus: , KWs correct:  / possible: 0 (0 / 0: 0.0 %)
  Block 143 of 144 ended at 11:31:58; Condition: 1 ; masker = scrambled

  Block 144 of 144 started at 11:31:58; Condition: 2 ; masker = unscrambled
    Trial 144, target stimulus: , KWs correct:  / possible: 0 (0 / 0: 0.0 %)
  Block 144 of 144 ended at 11:32:22; Condition: 2 ; masker = unscrambled

Experiment fNIRSandGerbils running subject 001 ended at 11:32:22 on 2023-08-03
