# -*- coding: utf-8 -*-

# A log file for Gustav


Experiment fNIRSandGerbils running subject newpilot917 started at 12:03:04 on 2023-10-06

  Block 1 of 144 started at 12:06:09; Condition: 1 ; masker = scrambled_diff_talker
    Trial 1, target stimulus: , KWs correct:  / possible: 0 (0 / 0: 0.0 %)
  Block 1 of 144 ended at 12:08:11; Condition: 1 ; masker = scrambled_diff_talker

  Block 2 of 144 started at 12:08:11; Condition: 2 ; masker = scrambled_same_talker
    Trial 2, target stimulus: , KWs correct:  / possible: 0 (0 / 0: 0.0 %)
  Block 2 of 144 ended at 12:08:34; Condition: 2 ; masker = scrambled_same_talker

  Block 3 of 144 started at 12:08:34; Condition: 3 ; masker = unscrambled_diff_talker
    Trial 3, target stimulus: , KWs correct:  / possible: 0 (0 / 0: 0.0 %)
  Block 3 of 144 ended at 12:08:54; Condition: 3 ; masker = unscrambled_diff_talker

  Block 4 of 144 started at 12:08:54; Condition: 4 ; masker = unscrambled_same_talker
    Trial 4, target stimulus: , KWs correct:  / possible: 0 (0 / 0: 0.0 %)
  Block 4 of 144 ended at 12:09:13; Condition: 4 ; masker = unscrambled_same_talker

  Block 5 of 144 started at 12:09:13; Condition: 1 ; masker = scrambled_diff_talker
    Trial 5, target stimulus: , KWs correct:  / possible: 0 (0 / 0: 0.0 %)
  Block 5 of 144 ended at 12:09:33; Condition: 1 ; masker = scrambled_diff_talker

  Block 6 of 144 started at 12:09:33; Condition: 3 ; masker = unscrambled_diff_talker
    Trial 6, target stimulus: , KWs correct:  / possible: 0 (0 / 0: 0.0 %)
  Block 6 of 144 ended at 12:09:53; Condition: 3 ; masker = unscrambled_diff_talker

  Block 7 of 144 started at 12:09:53; Condition: 2 ; masker = scrambled_same_talker
    Trial 7, target stimulus: , KWs correct:  / possible: 0 (0 / 0: 0.0 %)
  Block 7 of 144 ended at 12:10:13; Condition: 2 ; masker = scrambled_same_talker

  Block 8 of 144 started at 12:10:13; Condition: 4 ; masker = unscrambled_same_talker
    Trial 8, target stimulus: , KWs correct:  / possible: 0 (0 / 0: 0.0 %)
  Block 8 of 144 ended at 12:10:32; Condition: 4 ; masker = unscrambled_same_talker

  Block 9 of 144 started at 12:10:32; Condition: 3 ; masker = unscrambled_diff_talker
    Trial 9, target stimulus: , KWs correct:  / possible: 0 (0 / 0: 0.0 %)
  Block 9 of 144 ended at 12:10:52; Condition: 3 ; masker = unscrambled_diff_talker

  Block 10 of 144 started at 12:10:52; Condition: 1 ; masker = scrambled_diff_talker
    Trial 10, target stimulus: , KWs correct:  / possible: 0 (0 / 0: 0.0 %)
  Block 10 of 144 ended at 12:11:12; Condition: 1 ; masker = scrambled_diff_talker

  Block 11 of 144 started at 12:11:12; Condition: 4 ; masker = unscrambled_same_talker
    Trial 11, target stimulus: , KWs correct:  / possible: 0 (0 / 0: 0.0 %)
  Block 11 of 144 ended at 12:11:31; Condition: 4 ; masker = unscrambled_same_talker

  Block 12 of 144 started at 12:11:31; Condition: 2 ; masker = scrambled_same_talker
    Trial 12, target stimulus: , KWs correct:  / possible: 0 (0 / 0: 0.0 %)
  Block 12 of 144 ended at 12:11:53; Condition: 2 ; masker = scrambled_same_talker

  Block 13 of 144 started at 12:11:53; Condition: 4 ; masker = unscrambled_same_talker
    Trial 13, target stimulus: , KWs correct:  / possible: 0 (0 / 0: 0.0 %)
  Block 13 of 144 ended at 12:12:12; Condition: 4 ; masker = unscrambled_same_talker

  Block 14 of 144 started at 12:12:12; Condition: 3 ; masker = unscrambled_diff_talker
    Trial 14, target stimulus: , KWs correct:  / possible: 0 (0 / 0: 0.0 %)
  Block 14 of 144 ended at 12:12:37; Condition: 3 ; masker = unscrambled_diff_talker

  Block 15 of 144 started at 12:12:37; Condition: 2 ; masker = scrambled_same_talker
    Trial 15, target stimulus: , KWs correct:  / possible: 0 (0 / 0: 0.0 %)
  Block 15 of 144 ended at 12:12:57; Condition: 2 ; masker = scrambled_same_talker

  Block 16 of 144 started at 12:12:57; Condition: 1 ; masker = scrambled_diff_talker
    Trial 16, target stimulus: , KWs correct:  / possible: 0 (0 / 0: 0.0 %)
  Block 16 of 144 ended at 12:13:16; Condition: 1 ; masker = scrambled_diff_talker

  Block 17 of 144 started at 12:13:16; Condition: 4 ; masker = unscrambled_same_talker
    Trial 17, target stimulus: , KWs correct:  / possible: 0 (0 / 0: 0.0 %)
  Block 17 of 144 ended at 12:13:36; Condition: 4 ; masker = unscrambled_same_talker

  Block 18 of 144 started at 12:13:36; Condition: 3 ; masker = unscrambled_diff_talker
    Trial 18, target stimulus: , KWs correct:  / possible: 0 (0 / 0: 0.0 %)
  Block 18 of 144 ended at 12:13:56; Condition: 3 ; masker = unscrambled_diff_talker

  Block 19 of 144 started at 12:13:56; Condition: 2 ; masker = scrambled_same_talker
    Trial 19, target stimulus: , KWs correct:  / possible: 0 (0 / 0: 0.0 %)
  Block 19 of 144 ended at 12:14:15; Condition: 2 ; masker = scrambled_same_talker

  Block 20 of 144 started at 12:14:15; Condition: 1 ; masker = scrambled_diff_talker
    Trial 20, target stimulus: , KWs correct:  / possible: 0 (0 / 0: 0.0 %)
  Block 20 of 144 ended at 12:14:35; Condition: 1 ; masker = scrambled_diff_talker

  Block 21 of 144 started at 12:14:35; Condition: 2 ; masker = scrambled_same_talker
    Trial 21, target stimulus: , KWs correct:  / possible: 0 (0 / 0: 0.0 %)
  Block 21 of 144 ended at 12:14:55; Condition: 2 ; masker = scrambled_same_talker

  Block 22 of 144 started at 12:14:55; Condition: 1 ; masker = scrambled_diff_talker
    Trial 22, target stimulus: , KWs correct:  / possible: 0 (0 / 0: 0.0 %)
  Block 22 of 144 ended at 12:15:15; Condition: 1 ; masker = scrambled_diff_talker

  Block 23 of 144 started at 12:15:15; Condition: 3 ; masker = unscrambled_diff_talker
    Trial 23, target stimulus: , KWs correct:  / possible: 0 (0 / 0: 0.0 %)
  Block 23 of 144 ended at 12:15:35; Condition: 3 ; masker = unscrambled_diff_talker

  Block 24 of 144 started at 12:15:35; Condition: 4 ; masker = unscrambled_same_talker
    Trial 24, target stimulus: , KWs correct:  / possible: 0 (0 / 0: 0.0 %)
  Block 24 of 144 ended at 12:15:54; Condition: 4 ; masker = unscrambled_same_talker

  Block 25 of 144 started at 12:15:54; Condition: 3 ; masker = unscrambled_diff_talker
    Trial 25, target stimulus: , KWs correct:  / possible: 0 (0 / 0: 0.0 %)
  Block 25 of 144 ended at 12:16:14; Condition: 3 ; masker = unscrambled_diff_talker

  Block 26 of 144 started at 12:16:14; Condition: 1 ; masker = scrambled_diff_talker
    Trial 26, target stimulus: , KWs correct:  / possible: 0 (0 / 0: 0.0 %)
  Block 26 of 144 ended at 12:16:34; Condition: 1 ; masker = scrambled_diff_talker

  Block 27 of 144 started at 12:16:34; Condition: 2 ; masker = scrambled_same_talker
    Trial 27, target stimulus: , KWs correct:  / possible: 0 (0 / 0: 0.0 %)
  Block 27 of 144 ended at 12:16:53; Condition: 2 ; masker = scrambled_same_talker

  Block 28 of 144 started at 12:16:53; Condition: 4 ; masker = unscrambled_same_talker
    Trial 28, target stimulus: , KWs correct:  / possible: 0 (0 / 0: 0.0 %)
  Block 28 of 144 ended at 12:17:12; Condition: 4 ; masker = unscrambled_same_talker

  Block 29 of 144 started at 12:17:12; Condition: 1 ; masker = scrambled_diff_talker
    Trial 29, target stimulus: , KWs correct:  / possible: 0 (0 / 0: 0.0 %)
  Block 29 of 144 ended at 12:17:32; Condition: 1 ; masker = scrambled_diff_talker

  Block 30 of 144 started at 12:17:32; Condition: 4 ; masker = unscrambled_same_talker
    Trial 30, target stimulus: , KWs correct:  / possible: 0 (0 / 0: 0.0 %)
  Block 30 of 144 ended at 12:17:52; Condition: 4 ; masker = unscrambled_same_talker

  Block 31 of 144 started at 12:17:52; Condition: 2 ; masker = scrambled_same_talker
    Trial 31, target stimulus: , KWs correct:  / possible: 0 (0 / 0: 0.0 %)
  Block 31 of 144 ended at 12:18:12; Condition: 2 ; masker = scrambled_same_talker

  Block 32 of 144 started at 12:18:12; Condition: 3 ; masker = unscrambled_diff_talker
    Trial 32, target stimulus: , KWs correct:  / possible: 0 (0 / 0: 0.0 %)
  Block 32 of 144 ended at 12:18:32; Condition: 3 ; masker = unscrambled_diff_talker

  Block 33 of 144 started at 12:18:32; Condition: 1 ; masker = scrambled_diff_talker
    Trial 33, target stimulus: , KWs correct:  / possible: 0 (0 / 0: 0.0 %)
  Block 33 of 144 ended at 12:19:55; Condition: 1 ; masker = scrambled_diff_talker

  Block 34 of 144 started at 12:19:55; Condition: 3 ; masker = unscrambled_diff_talker
    Trial 34, target stimulus: , KWs correct:  / possible: 0 (0 / 0: 0.0 %)
  Block 34 of 144 ended at 12:20:33; Condition: 3 ; masker = unscrambled_diff_talker

  Block 35 of 144 started at 12:20:33; Condition: 4 ; masker = unscrambled_same_talker
    Trial 35, target stimulus: , KWs correct:  / possible: 0 (0 / 0: 0.0 %)
  Block 35 of 144 ended at 12:20:53; Condition: 4 ; masker = unscrambled_same_talker

  Block 36 of 144 started at 12:20:53; Condition: 2 ; masker = scrambled_same_talker
    Trial 36, target stimulus: , KWs correct:  / possible: 0 (0 / 0: 0.0 %)
  Block 36 of 144 ended at 12:21:13; Condition: 2 ; masker = scrambled_same_talker

  Block 37 of 144 started at 12:21:13; Condition: 1 ; masker = scrambled_diff_talker
    Trial 37, target stimulus: , KWs correct:  / possible: 0 (0 / 0: 0.0 %)
  Block 37 of 144 ended at 12:21:33; Condition: 1 ; masker = scrambled_diff_talker

  Block 38 of 144 started at 12:21:33; Condition: 3 ; masker = unscrambled_diff_talker
    Trial 38, target stimulus: , KWs correct:  / possible: 0 (0 / 0: 0.0 %)
  Block 38 of 144 ended at 12:21:54; Condition: 3 ; masker = unscrambled_diff_talker

  Block 39 of 144 started at 12:21:54; Condition: 4 ; masker = unscrambled_same_talker
    Trial 39, target stimulus: , KWs correct:  / possible: 0 (0 / 0: 0.0 %)
  Block 39 of 144 ended at 12:22:14; Condition: 4 ; masker = unscrambled_same_talker

  Block 40 of 144 started at 12:22:14; Condition: 2 ; masker = scrambled_same_talker
    Trial 40, target stimulus: , KWs correct:  / possible: 0 (0 / 0: 0.0 %)
  Block 40 of 144 ended at 12:22:33; Condition: 2 ; masker = scrambled_same_talker

  Block 41 of 144 started at 12:22:33; Condition: 3 ; masker = unscrambled_diff_talker
    Trial 41, target stimulus: , KWs correct:  / possible: 0 (0 / 0: 0.0 %)
  Block 41 of 144 ended at 12:22:53; Condition: 3 ; masker = unscrambled_diff_talker

  Block 42 of 144 started at 12:22:53; Condition: 1 ; masker = scrambled_diff_talker
    Trial 42, target stimulus: , KWs correct:  / possible: 0 (0 / 0: 0.0 %)
  Block 42 of 144 ended at 12:23:13; Condition: 1 ; masker = scrambled_diff_talker

  Block 43 of 144 started at 12:23:13; Condition: 4 ; masker = unscrambled_same_talker
    Trial 43, target stimulus: , KWs correct:  / possible: 0 (0 / 0: 0.0 %)
  Block 43 of 144 ended at 12:23:32; Condition: 4 ; masker = unscrambled_same_talker

  Block 44 of 144 started at 12:23:32; Condition: 2 ; masker = scrambled_same_talker
    Trial 44, target stimulus: , KWs correct:  / possible: 0 (0 / 0: 0.0 %)
  Block 44 of 144 ended at 12:23:52; Condition: 2 ; masker = scrambled_same_talker

  Block 45 of 144 started at 12:23:52; Condition: 4 ; masker = unscrambled_same_talker
    Trial 45, target stimulus: , KWs correct:  / possible: 0 (0 / 0: 0.0 %)
  Block 45 of 144 ended at 12:24:12; Condition: 4 ; masker = unscrambled_same_talker

  Block 46 of 144 started at 12:24:12; Condition: 1 ; masker = scrambled_diff_talker
    Trial 46, target stimulus: , KWs correct:  / possible: 0 (0 / 0: 0.0 %)
  Block 46 of 144 ended at 12:24:32; Condition: 1 ; masker = scrambled_diff_talker

  Block 47 of 144 started at 12:24:32; Condition: 3 ; masker = unscrambled_diff_talker
    Trial 47, target stimulus: , KWs correct:  / possible: 0 (0 / 0: 0.0 %)
  Block 47 of 144 ended at 12:24:51; Condition: 3 ; masker = unscrambled_diff_talker

  Block 48 of 144 started at 12:24:51; Condition: 2 ; masker = scrambled_same_talker
    Trial 48, target stimulus: , KWs correct:  / possible: 0 (0 / 0: 0.0 %)
  Block 48 of 144 ended at 12:25:11; Condition: 2 ; masker = scrambled_same_talker

  Block 49 of 144 started at 12:25:11; Condition: 1 ; masker = scrambled_diff_talker
    Trial 49, target stimulus: , KWs correct:  / possible: 0 (0 / 0: 0.0 %)
  Block 49 of 144 ended at 12:25:33; Condition: 1 ; masker = scrambled_diff_talker

  Block 50 of 144 started at 12:25:33; Condition: 4 ; masker = unscrambled_same_talker
    Trial 50, target stimulus: , KWs correct:  / possible: 0 (0 / 0: 0.0 %)
  Block 50 of 144 ended at 12:25:53; Condition: 4 ; masker = unscrambled_same_talker

  Block 51 of 144 started at 12:25:53; Condition: 3 ; masker = unscrambled_diff_talker
    Trial 51, target stimulus: , KWs correct:  / possible: 0 (0 / 0: 0.0 %)
  Block 51 of 144 ended at 12:26:13; Condition: 3 ; masker = unscrambled_diff_talker

  Block 52 of 144 started at 12:26:13; Condition: 2 ; masker = scrambled_same_talker
    Trial 52, target stimulus: , KWs correct:  / possible: 0 (0 / 0: 0.0 %)
  Block 52 of 144 ended at 12:26:33; Condition: 2 ; masker = scrambled_same_talker

  Block 53 of 144 started at 12:26:33; Condition: 4 ; masker = unscrambled_same_talker
    Trial 53, target stimulus: , KWs correct:  / possible: 0 (0 / 0: 0.0 %)
  Block 53 of 144 ended at 12:26:55; Condition: 4 ; masker = unscrambled_same_talker

  Block 54 of 144 started at 12:26:55; Condition: 1 ; masker = scrambled_diff_talker
    Trial 54, target stimulus: , KWs correct:  / possible: 0 (0 / 0: 0.0 %)
  Block 54 of 144 ended at 12:27:14; Condition: 1 ; masker = scrambled_diff_talker

  Block 55 of 144 started at 12:27:14; Condition: 2 ; masker = scrambled_same_talker
    Trial 55, target stimulus: , KWs correct:  / possible: 0 (0 / 0: 0.0 %)
  Block 55 of 144 ended at 12:27:34; Condition: 2 ; masker = scrambled_same_talker

  Block 56 of 144 started at 12:27:34; Condition: 3 ; masker = unscrambled_diff_talker
    Trial 56, target stimulus: , KWs correct:  / possible: 0 (0 / 0: 0.0 %)
  Block 56 of 144 ended at 12:27:54; Condition: 3 ; masker = unscrambled_diff_talker

  Block 57 of 144 started at 12:27:54; Condition: 4 ; masker = unscrambled_same_talker
    Trial 57, target stimulus: , KWs correct:  / possible: 0 (0 / 0: 0.0 %)
  Block 57 of 144 ended at 12:28:24; Condition: 4 ; masker = unscrambled_same_talker

  Block 58 of 144 started at 12:28:24; Condition: 2 ; masker = scrambled_same_talker
    Trial 58, target stimulus: , KWs correct:  / possible: 0 (0 / 0: 0.0 %)
  Block 58 of 144 ended at 12:30:58; Condition: 2 ; masker = scrambled_same_talker

  Block 59 of 144 started at 12:30:58; Condition: 3 ; masker = unscrambled_diff_talker
    Trial 59, target stimulus: , KWs correct:  / possible: 0 (0 / 0: 0.0 %)
  Block 59 of 144 ended at 12:32:25; Condition: 3 ; masker = unscrambled_diff_talker

  Block 60 of 144 started at 12:32:25; Condition: 1 ; masker = scrambled_diff_talker
    Trial 60, target stimulus: , KWs correct:  / possible: 0 (0 / 0: 0.0 %)
  Block 60 of 144 ended at 12:33:10; Condition: 1 ; masker = scrambled_diff_talker

  Block 61 of 144 started at 12:33:10; Condition: 2 ; masker = scrambled_same_talker
    Trial 61, target stimulus: , KWs correct:  / possible: 0 (0 / 0: 0.0 %)
  Block 61 of 144 ended at 12:33:30; Condition: 2 ; masker = scrambled_same_talker

  Block 62 of 144 started at 12:33:30; Condition: 3 ; masker = unscrambled_diff_talker
    Trial 62, target stimulus: , KWs correct:  / possible: 0 (0 / 0: 0.0 %)
  Block 62 of 144 ended at 12:33:52; Condition: 3 ; masker = unscrambled_diff_talker

  Block 63 of 144 started at 12:33:52; Condition: 1 ; masker = scrambled_diff_talker
    Trial 63, target stimulus: , KWs correct:  / possible: 0 (0 / 0: 0.0 %)
  Block 63 of 144 ended at 12:34:11; Condition: 1 ; masker = scrambled_diff_talker

  Block 64 of 144 started at 12:34:11; Condition: 4 ; masker = unscrambled_same_talker
    Trial 64, target stimulus: , KWs correct:  / possible: 0 (0 / 0: 0.0 %)
  Block 64 of 144 ended at 12:34:30; Condition: 4 ; masker = unscrambled_same_talker

  Block 65 of 144 started at 12:34:30; Condition: 3 ; masker = unscrambled_diff_talker
    Trial 65, target stimulus: , KWs correct:  / possible: 0 (0 / 0: 0.0 %)
  Block 65 of 144 ended at 12:34:50; Condition: 3 ; masker = unscrambled_diff_talker

  Block 66 of 144 started at 12:34:50; Condition: 1 ; masker = scrambled_diff_talker
    Trial 66, target stimulus: , KWs correct:  / possible: 0 (0 / 0: 0.0 %)
  Block 66 of 144 ended at 12:35:10; Condition: 1 ; masker = scrambled_diff_talker

  Block 67 of 144 started at 12:35:10; Condition: 4 ; masker = unscrambled_same_talker
    Trial 67, target stimulus: , KWs correct:  / possible: 0 (0 / 0: 0.0 %)
  Block 67 of 144 ended at 12:35:30; Condition: 4 ; masker = unscrambled_same_talker

  Block 68 of 144 started at 12:35:30; Condition: 2 ; masker = scrambled_same_talker
    Trial 68, target stimulus: , KWs correct:  / possible: 0 (0 / 0: 0.0 %)
  Block 68 of 144 ended at 12:35:50; Condition: 2 ; masker = scrambled_same_talker

  Block 69 of 144 started at 12:35:50; Condition: 1 ; masker = scrambled_diff_talker
    Trial 69, target stimulus: , KWs correct:  / possible: 0 (0 / 0: 0.0 %)
  Block 69 of 144 ended at 12:36:09; Condition: 1 ; masker = scrambled_diff_talker

  Block 70 of 144 started at 12:36:09; Condition: 2 ; masker = scrambled_same_talker
    Trial 70, target stimulus: , KWs correct:  / possible: 0 (0 / 0: 0.0 %)
  Block 70 of 144 ended at 12:36:29; Condition: 2 ; masker = scrambled_same_talker

  Block 71 of 144 started at 12:36:29; Condition: 3 ; masker = unscrambled_diff_talker
    Trial 71, target stimulus: , KWs correct:  / possible: 0 (0 / 0: 0.0 %)
  Block 71 of 144 ended at 12:36:49; Condition: 3 ; masker = unscrambled_diff_talker

  Block 72 of 144 started at 12:36:49; Condition: 4 ; masker = unscrambled_same_talker
    Trial 72, target stimulus: , KWs correct:  / possible: 0 (0 / 0: 0.0 %)
  Block 72 of 144 ended at 12:37:09; Condition: 4 ; masker = unscrambled_same_talker

  Block 73 of 144 started at 12:37:09; Condition: 2 ; masker = scrambled_same_talker
    Trial 73, target stimulus: , KWs correct:  / possible: 0 (0 / 0: 0.0 %)
  Block 73 of 144 ended at 12:37:29; Condition: 2 ; masker = scrambled_same_talker

  Block 74 of 144 started at 12:37:29; Condition: 3 ; masker = unscrambled_diff_talker
    Trial 74, target stimulus: , KWs correct:  / possible: 0 (0 / 0: 0.0 %)
  Block 74 of 144 ended at 12:37:48; Condition: 3 ; masker = unscrambled_diff_talker

  Block 75 of 144 started at 12:37:48; Condition: 1 ; masker = scrambled_diff_talker
    Trial 75, target stimulus: , KWs correct:  / possible: 0 (0 / 0: 0.0 %)
  Block 75 of 144 ended at 12:38:08; Condition: 1 ; masker = scrambled_diff_talker

  Block 76 of 144 started at 12:38:08; Condition: 4 ; masker = unscrambled_same_talker
    Trial 76, target stimulus: , KWs correct:  / possible: 0 (0 / 0: 0.0 %)
  Block 76 of 144 ended at 12:38:28; Condition: 4 ; masker = unscrambled_same_talker

  Block 77 of 144 started at 12:38:28; Condition: 3 ; masker = unscrambled_diff_talker
    Trial 77, target stimulus: , KWs correct:  / possible: 0 (0 / 0: 0.0 %)
  Block 77 of 144 ended at 12:38:47; Condition: 3 ; masker = unscrambled_diff_talker

  Block 78 of 144 started at 12:38:47; Condition: 2 ; masker = scrambled_same_talker
    Trial 78, target stimulus: , KWs correct:  / possible: 0 (0 / 0: 0.0 %)
  Block 78 of 144 ended at 12:39:07; Condition: 2 ; masker = scrambled_same_talker

  Block 79 of 144 started at 12:39:07; Condition: 4 ; masker = unscrambled_same_talker
    Trial 79, target stimulus: , KWs correct:  / possible: 0 (0 / 0: 0.0 %)
  Block 79 of 144 ended at 12:39:27; Condition: 4 ; masker = unscrambled_same_talker

  Block 80 of 144 started at 12:39:27; Condition: 1 ; masker = scrambled_diff_talker
    Trial 80, target stimulus: , KWs correct:  / possible: 0 (0 / 0: 0.0 %)
  Block 80 of 144 ended at 12:39:46; Condition: 1 ; masker = scrambled_diff_talker

  Block 81 of 144 started at 12:39:46; Condition: 2 ; masker = scrambled_same_talker
