# -*- coding: utf-8 -*-

# A log file for Gustav


Experiment fNIRSandGerbils running subject triggertest828 started at 16:21:17 on 2023-08-30

  Block 1 of 288 started at 16:21:22; Condition: 1 ; masker = scrambled_diff_talker

Experiment fNIRSandGerbils running subject newtest822 started at 16:27:34 on 2023-08-30

  Block 1 of 288 started at 16:27:37; Condition: 1 ; masker = scrambled_diff_talker

Experiment fNIRSandGerbils running subject newtest822 started at 16:32:24 on 2023-08-30

  Block 1 of 288 started at 16:32:26; Condition: 1 ; masker = scrambled_diff_talker

Experiment fNIRSandGerbils running subject newtest822 started at 16:35:29 on 2023-08-30

  Block 1 of 288 started at 16:35:31; Condition: 1 ; masker = scrambled_diff_talker

Experiment fNIRSandGerbils running subject newtest822 started at 16:38:07 on 2023-08-30

  Block 1 of 288 started at 16:38:09; Condition: 1 ; masker = scrambled_diff_talker

Experiment fNIRSandGerbils running subject numtrial830 started at 17:11:28 on 2023-08-30

  Block 1 of 288 started at 17:11:31; Condition: 1 ; masker = scrambled_diff_talker

Experiment fNIRSandGerbils running subject numtrial830 started at 17:13:56 on 2023-08-30

  Block 1 of 288 started at 17:14:14; Condition: 1 ; masker = scrambled_diff_talker

Experiment fNIRSandGerbils running subject numtrial830 started at 17:22:35 on 2023-08-30

  Block 1 of 288 started at 17:22:40; Condition: 1 ; masker = scrambled_diff_talker

Experiment fNIRSandGerbils running subject numtrial830 started at 17:26:52 on 2023-08-30

  Block 1 of 288 started at 17:26:55; Condition: 1 ; masker = scrambled_diff_talker

Experiment fNIRSandGerbils running subject numtrial830 started at 17:47:02 on 2023-08-30

  Block 1 of 144 started at 17:47:04; Condition: 1 ; masker = scrambled_diff_talker

Experiment fNIRSandGerbils running subject numtrial830 started at 17:51:02 on 2023-08-30

  Block 1 of 144 started at 17:51:05; Condition: 1 ; masker = scrambled_diff_talker
