# -*- coding: utf-8 -*-

# A log file for Gustav


Experiment fNIRSandGerbils running subject triggertest1 started at 10:27:25 on 2023-05-31

  Block 1 of 48 started at 10:27:31; Condition: 1 ; masker = scrambled

Experiment fNIRSandGerbils running subject triggertest2 started at 10:47:35 on 2023-05-31

  Block 1 of 48 started at 10:47:51; Condition: 1 ; masker = scrambled
    Trial 1, target stimulus: , KWs correct:  / possible: 0 (0 / 0: 0.0 %)
  Block 1 of 48 ended at 10:48:05; Condition: 1 ; masker = scrambled

  Block 2 of 48 started at 10:48:05; Condition: 2 ; masker = unscrambled

Experiment fNIRSandGerbils running subject nooverlappilot1 started at 11:37:35 on 2023-05-31

  Block 1 of 48 started at 11:39:27; Condition: 1 ; masker = scrambled
    Trial 1, target stimulus: , KWs correct:  / possible: 0 (0 / 0: 0.0 %)
  Block 1 of 48 ended at 11:40:17; Condition: 1 ; masker = scrambled

  Block 2 of 48 started at 11:40:17; Condition: 2 ; masker = unscrambled
    Trial 2, target stimulus: , KWs correct:  / possible: 0 (0 / 0: 0.0 %)
  Block 2 of 48 ended at 11:40:40; Condition: 2 ; masker = unscrambled

  Block 3 of 48 started at 11:40:40; Condition: 1 ; masker = scrambled
    Trial 3, target stimulus: , KWs correct:  / possible: 0 (0 / 0: 0.0 %)
  Block 3 of 48 ended at 11:41:03; Condition: 1 ; masker = scrambled

  Block 4 of 48 started at 11:41:03; Condition: 2 ; masker = unscrambled
    Trial 4, target stimulus: , KWs correct:  / possible: 0 (0 / 0: 0.0 %)
  Block 4 of 48 ended at 11:41:25; Condition: 2 ; masker = unscrambled

  Block 5 of 48 started at 11:41:25; Condition: 1 ; masker = scrambled
    Trial 5, target stimulus: , KWs correct:  / possible: 0 (0 / 0: 0.0 %)
  Block 5 of 48 ended at 11:41:47; Condition: 1 ; masker = scrambled

  Block 6 of 48 started at 11:41:47; Condition: 2 ; masker = unscrambled
    Trial 6, target stimulus: , KWs correct:  / possible: 0 (0 / 0: 0.0 %)
  Block 6 of 48 ended at 11:42:10; Condition: 2 ; masker = unscrambled

  Block 7 of 48 started at 11:42:10; Condition: 1 ; masker = scrambled
    Trial 7, target stimulus: , KWs correct:  / possible: 0 (0 / 0: 0.0 %)
  Block 7 of 48 ended at 11:42:32; Condition: 1 ; masker = scrambled

  Block 8 of 48 started at 11:42:32; Condition: 2 ; masker = unscrambled
    Trial 8, target stimulus: , KWs correct:  / possible: 0 (0 / 0: 0.0 %)
  Block 8 of 48 ended at 11:42:54; Condition: 2 ; masker = unscrambled

  Block 9 of 48 started at 11:42:54; Condition: 1 ; masker = scrambled
    Trial 9, target stimulus: , KWs correct:  / possible: 0 (0 / 0: 0.0 %)
  Block 9 of 48 ended at 11:43:17; Condition: 1 ; masker = scrambled

  Block 10 of 48 started at 11:43:17; Condition: 2 ; masker = unscrambled
    Trial 10, target stimulus: , KWs correct:  / possible: 0 (0 / 0: 0.0 %)
  Block 10 of 48 ended at 11:43:38; Condition: 2 ; masker = unscrambled

  Block 11 of 48 started at 11:43:38; Condition: 1 ; masker = scrambled
    Trial 11, target stimulus: , KWs correct:  / possible: 0 (0 / 0: 0.0 %)
  Block 11 of 48 ended at 11:44:00; Condition: 1 ; masker = scrambled

  Block 12 of 48 started at 11:44:00; Condition: 2 ; masker = unscrambled
    Trial 12, target stimulus: , KWs correct:  / possible: 0 (0 / 0: 0.0 %)
  Block 12 of 48 ended at 11:44:22; Condition: 2 ; masker = unscrambled

  Block 13 of 48 started at 11:44:22; Condition: 1 ; masker = scrambled
    Trial 13, target stimulus: , KWs correct:  / possible: 0 (0 / 0: 0.0 %)
  Block 13 of 48 ended at 11:44:44; Condition: 1 ; masker = scrambled

  Block 14 of 48 started at 11:44:44; Condition: 2 ; masker = unscrambled
    Trial 14, target stimulus: , KWs correct:  / possible: 0 (0 / 0: 0.0 %)
  Block 14 of 48 ended at 11:45:06; Condition: 2 ; masker = unscrambled

  Block 15 of 48 started at 11:45:06; Condition: 1 ; masker = scrambled
    Trial 15, target stimulus: , KWs correct:  / possible: 0 (0 / 0: 0.0 %)
  Block 15 of 48 ended at 11:45:29; Condition: 1 ; masker = scrambled

  Block 16 of 48 started at 11:45:29; Condition: 2 ; masker = unscrambled
    Trial 16, target stimulus: , KWs correct:  / possible: 0 (0 / 0: 0.0 %)
  Block 16 of 48 ended at 11:45:51; Condition: 2 ; masker = unscrambled

  Block 17 of 48 started at 11:45:51; Condition: 1 ; masker = scrambled
    Trial 17, target stimulus: , KWs correct:  / possible: 0 (0 / 0: 0.0 %)
  Block 17 of 48 ended at 11:46:13; Condition: 1 ; masker = scrambled

  Block 18 of 48 started at 11:46:13; Condition: 2 ; masker = unscrambled
    Trial 18, target stimulus: , KWs correct:  / possible: 0 (0 / 0: 0.0 %)
  Block 18 of 48 ended at 11:46:35; Condition: 2 ; masker = unscrambled

  Block 19 of 48 started at 11:46:35; Condition: 1 ; masker = scrambled
    Trial 19, target stimulus: , KWs correct:  / possible: 0 (0 / 0: 0.0 %)
  Block 19 of 48 ended at 11:46:57; Condition: 1 ; masker = scrambled

  Block 20 of 48 started at 11:46:57; Condition: 2 ; masker = unscrambled
    Trial 20, target stimulus: , KWs correct:  / possible: 0 (0 / 0: 0.0 %)
  Block 20 of 48 ended at 11:47:19; Condition: 2 ; masker = unscrambled

  Block 21 of 48 started at 11:47:19; Condition: 1 ; masker = scrambled
    Trial 21, target stimulus: , KWs correct:  / possible: 0 (0 / 0: 0.0 %)
  Block 21 of 48 ended at 11:47:41; Condition: 1 ; masker = scrambled

  Block 22 of 48 started at 11:47:41; Condition: 2 ; masker = unscrambled
    Trial 22, target stimulus: , KWs correct:  / possible: 0 (0 / 0: 0.0 %)
  Block 22 of 48 ended at 11:48:04; Condition: 2 ; masker = unscrambled

  Block 23 of 48 started at 11:48:04; Condition: 1 ; masker = scrambled
    Trial 23, target stimulus: , KWs correct:  / possible: 0 (0 / 0: 0.0 %)
  Block 23 of 48 ended at 11:48:26; Condition: 1 ; masker = scrambled

  Block 24 of 48 started at 11:48:26; Condition: 2 ; masker = unscrambled
    Trial 24, target stimulus: , KWs correct:  / possible: 0 (0 / 0: 0.0 %)
  Block 24 of 48 ended at 11:48:49; Condition: 2 ; masker = unscrambled

  Block 25 of 48 started at 11:48:49; Condition: 1 ; masker = scrambled
    Trial 25, target stimulus: , KWs correct:  / possible: 0 (0 / 0: 0.0 %)
  Block 25 of 48 ended at 11:49:11; Condition: 1 ; masker = scrambled

  Block 26 of 48 started at 11:49:11; Condition: 2 ; masker = unscrambled
    Trial 26, target stimulus: , KWs correct:  / possible: 0 (0 / 0: 0.0 %)
  Block 26 of 48 ended at 11:49:33; Condition: 2 ; masker = unscrambled

  Block 27 of 48 started at 11:49:33; Condition: 1 ; masker = scrambled
    Trial 27, target stimulus: , KWs correct:  / possible: 0 (0 / 0: 0.0 %)
  Block 27 of 48 ended at 11:49:55; Condition: 1 ; masker = scrambled

  Block 28 of 48 started at 11:49:55; Condition: 2 ; masker = unscrambled
    Trial 28, target stimulus: , KWs correct:  / possible: 0 (0 / 0: 0.0 %)
  Block 28 of 48 ended at 11:50:19; Condition: 2 ; masker = unscrambled

  Block 29 of 48 started at 11:50:19; Condition: 1 ; masker = scrambled
    Trial 29, target stimulus: , KWs correct:  / possible: 0 (0 / 0: 0.0 %)
  Block 29 of 48 ended at 11:50:41; Condition: 1 ; masker = scrambled

  Block 30 of 48 started at 11:50:41; Condition: 2 ; masker = unscrambled
    Trial 30, target stimulus: , KWs correct:  / possible: 0 (0 / 0: 0.0 %)
  Block 30 of 48 ended at 11:51:03; Condition: 2 ; masker = unscrambled

  Block 31 of 48 started at 11:51:03; Condition: 1 ; masker = scrambled
    Trial 31, target stimulus: , KWs correct:  / possible: 0 (0 / 0: 0.0 %)
  Block 31 of 48 ended at 11:51:25; Condition: 1 ; masker = scrambled

  Block 32 of 48 started at 11:51:25; Condition: 2 ; masker = unscrambled
    Trial 32, target stimulus: , KWs correct:  / possible: 0 (0 / 0: 0.0 %)
  Block 32 of 48 ended at 11:51:47; Condition: 2 ; masker = unscrambled

  Block 33 of 48 started at 11:51:47; Condition: 1 ; masker = scrambled
    Trial 33, target stimulus: , KWs correct:  / possible: 0 (0 / 0: 0.0 %)
  Block 33 of 48 ended at 11:52:09; Condition: 1 ; masker = scrambled

  Block 34 of 48 started at 11:52:09; Condition: 2 ; masker = unscrambled
    Trial 34, target stimulus: , KWs correct:  / possible: 0 (0 / 0: 0.0 %)
  Block 34 of 48 ended at 11:52:31; Condition: 2 ; masker = unscrambled

  Block 35 of 48 started at 11:52:31; Condition: 1 ; masker = scrambled
    Trial 35, target stimulus: , KWs correct:  / possible: 0 (0 / 0: 0.0 %)
  Block 35 of 48 ended at 11:52:53; Condition: 1 ; masker = scrambled

  Block 36 of 48 started at 11:52:53; Condition: 2 ; masker = unscrambled
    Trial 36, target stimulus: , KWs correct:  / possible: 0 (0 / 0: 0.0 %)
  Block 36 of 48 ended at 11:53:15; Condition: 2 ; masker = unscrambled

  Block 37 of 48 started at 11:53:15; Condition: 1 ; masker = scrambled
    Trial 37, target stimulus: , KWs correct:  / possible: 0 (0 / 0: 0.0 %)
  Block 37 of 48 ended at 11:53:38; Condition: 1 ; masker = scrambled

  Block 38 of 48 started at 11:53:38; Condition: 2 ; masker = unscrambled
    Trial 38, target stimulus: , KWs correct:  / possible: 0 (0 / 0: 0.0 %)
  Block 38 of 48 ended at 11:54:00; Condition: 2 ; masker = unscrambled

  Block 39 of 48 started at 11:54:00; Condition: 1 ; masker = scrambled
    Trial 39, target stimulus: , KWs correct:  / possible: 0 (0 / 0: 0.0 %)
  Block 39 of 48 ended at 11:54:22; Condition: 1 ; masker = scrambled

  Block 40 of 48 started at 11:54:22; Condition: 2 ; masker = unscrambled
    Trial 40, target stimulus: , KWs correct:  / possible: 0 (0 / 0: 0.0 %)
  Block 40 of 48 ended at 11:54:44; Condition: 2 ; masker = unscrambled

  Block 41 of 48 started at 11:54:44; Condition: 1 ; masker = scrambled
    Trial 41, target stimulus: , KWs correct:  / possible: 0 (0 / 0: 0.0 %)
  Block 41 of 48 ended at 11:55:07; Condition: 1 ; masker = scrambled

  Block 42 of 48 started at 11:55:07; Condition: 2 ; masker = unscrambled
    Trial 42, target stimulus: , KWs correct:  / possible: 0 (0 / 0: 0.0 %)
  Block 42 of 48 ended at 11:55:28; Condition: 2 ; masker = unscrambled

  Block 43 of 48 started at 11:55:28; Condition: 1 ; masker = scrambled
    Trial 43, target stimulus: , KWs correct:  / possible: 0 (0 / 0: 0.0 %)
  Block 43 of 48 ended at 11:55:51; Condition: 1 ; masker = scrambled

  Block 44 of 48 started at 11:55:51; Condition: 2 ; masker = unscrambled
    Trial 44, target stimulus: , KWs correct:  / possible: 0 (0 / 0: 0.0 %)
  Block 44 of 48 ended at 11:56:12; Condition: 2 ; masker = unscrambled

  Block 45 of 48 started at 11:56:12; Condition: 1 ; masker = scrambled
    Trial 45, target stimulus: , KWs correct:  / possible: 0 (0 / 0: 0.0 %)
  Block 45 of 48 ended at 11:56:34; Condition: 1 ; masker = scrambled

  Block 46 of 48 started at 11:56:34; Condition: 2 ; masker = unscrambled
    Trial 46, target stimulus: , KWs correct:  / possible: 0 (0 / 0: 0.0 %)
  Block 46 of 48 ended at 11:56:57; Condition: 2 ; masker = unscrambled

  Block 47 of 48 started at 11:56:57; Condition: 1 ; masker = scrambled
    Trial 47, target stimulus: , KWs correct:  / possible: 0 (0 / 0: 0.0 %)
  Block 47 of 48 ended at 11:57:19; Condition: 1 ; masker = scrambled

  Block 48 of 48 started at 11:57:19; Condition: 2 ; masker = unscrambled
    Trial 48, target stimulus: , KWs correct:  / possible: 0 (0 / 0: 0.0 %)
  Block 48 of 48 ended at 11:57:40; Condition: 2 ; masker = unscrambled
