# -*- coding: utf-8 -*-

# A log file for Gustav


Experiment fNIRSandGerbils running subject emayatest started at 16:21:44 on 2023-03-14

  Block 1 of 12 started at 16:22:26; Condition: 1 ; masker = scrambled
    Trial 1, target stimulus: , KWs correct:  / possible: 0 (0 / 0: 0.0 %)

Experiment fNIRSandGerbils running subject emayatest started at 16:23:23 on 2023-03-14

  Block 1 of 12 started at 16:23:40; Condition: 1 ; masker = scrambled
    Trial 1, target stimulus: , KWs correct:  / possible: 0 (0 / 0: 0.0 %)
  Block 1 of 12 ended at 16:23:51; Condition: 1 ; masker = scrambled

  Block 2 of 12 started at 16:23:51; Condition: 2 ; masker = unscrambled
    Trial 2, target stimulus: , KWs correct:  / possible: 0 (0 / 0: 0.0 %)
  Block 2 of 12 ended at 16:24:06; Condition: 2 ; masker = unscrambled

  Block 3 of 12 started at 16:24:06; Condition: 1 ; masker = scrambled
    Trial 3, target stimulus: , KWs correct:  / possible: 0 (0 / 0: 0.0 %)
  Block 3 of 12 ended at 16:24:16; Condition: 1 ; masker = scrambled

  Block 4 of 12 started at 16:24:16; Condition: 2 ; masker = unscrambled
    Trial 4, target stimulus: , KWs correct:  / possible: 0 (0 / 0: 0.0 %)
  Block 4 of 12 ended at 16:24:25; Condition: 2 ; masker = unscrambled

  Block 5 of 12 started at 16:24:25; Condition: 1 ; masker = scrambled
    Trial 5, target stimulus: , KWs correct:  / possible: 0 (0 / 0: 0.0 %)
  Block 5 of 12 ended at 16:24:35; Condition: 1 ; masker = scrambled

  Block 6 of 12 started at 16:24:35; Condition: 2 ; masker = unscrambled
    Trial 6, target stimulus: , KWs correct:  / possible: 0 (0 / 0: 0.0 %)
  Block 6 of 12 ended at 16:24:48; Condition: 2 ; masker = unscrambled

  Block 7 of 12 started at 16:24:48; Condition: 1 ; masker = scrambled
    Trial 7, target stimulus: , KWs correct:  / possible: 0 (0 / 0: 0.0 %)
  Block 7 of 12 ended at 16:24:58; Condition: 1 ; masker = scrambled

  Block 8 of 12 started at 16:24:58; Condition: 2 ; masker = unscrambled
    Trial 8, target stimulus: , KWs correct:  / possible: 0 (0 / 0: 0.0 %)
  Block 8 of 12 ended at 16:25:08; Condition: 2 ; masker = unscrambled

  Block 9 of 12 started at 16:25:08; Condition: 1 ; masker = scrambled
    Trial 9, target stimulus: , KWs correct:  / possible: 0 (0 / 0: 0.0 %)
  Block 9 of 12 ended at 16:25:18; Condition: 1 ; masker = scrambled

  Block 10 of 12 started at 16:25:18; Condition: 2 ; masker = unscrambled
    Trial 10, target stimulus: , KWs correct:  / possible: 0 (0 / 0: 0.0 %)
  Block 10 of 12 ended at 16:25:28; Condition: 2 ; masker = unscrambled

  Block 11 of 12 started at 16:25:28; Condition: 1 ; masker = scrambled
    Trial 11, target stimulus: , KWs correct:  / possible: 0 (0 / 0: 0.0 %)
  Block 11 of 12 ended at 16:25:38; Condition: 1 ; masker = scrambled

  Block 12 of 12 started at 16:25:38; Condition: 2 ; masker = unscrambled
    Trial 12, target stimulus: , KWs correct:  / possible: 0 (0 / 0: 0.0 %)
  Block 12 of 12 ended at 16:25:48; Condition: 2 ; masker = unscrambled

Experiment fNIRSandGerbils running subject emayatest ended at 16:25:48 on 2023-03-14

Experiment fNIRSandGerbils running subject test3 started at 16:35:23 on 2023-03-14

  Block 1 of 12 started at 16:35:25; Condition: 1 ; masker = scrambled

Experiment fNIRSandGerbils running subject test3 started at 16:41:30 on 2023-03-14

  Block 1 of 12 started at 16:41:34; Condition: 1 ; masker = scrambled

Experiment fNIRSandGerbils running subject test3 started at 16:43:33 on 2023-03-14

  Block 1 of 48 started at 16:43:36; Condition: 1 ; masker = scrambled

Experiment fNIRSandGerbils running subject emayatest started at 16:45:37 on 2023-03-14

  Block 1 of 48 started at 16:45:40; Condition: 1 ; masker = scrambled
    Trial 1, target stimulus: , KWs correct:  / possible: 0 (0 / 0: 0.0 %)
  Block 1 of 48 ended at 16:45:52; Condition: 1 ; masker = scrambled

  Block 2 of 48 started at 16:45:52; Condition: 2 ; masker = unscrambled
    Trial 2, target stimulus: , KWs correct:  / possible: 0 (0 / 0: 0.0 %)
  Block 2 of 48 ended at 16:46:22; Condition: 2 ; masker = unscrambled

  Block 3 of 48 started at 16:46:22; Condition: 1 ; masker = scrambled
    Trial 3, target stimulus: , KWs correct:  / possible: 0 (0 / 0: 0.0 %)
  Block 3 of 48 ended at 16:46:33; Condition: 1 ; masker = scrambled

  Block 4 of 48 started at 16:46:33; Condition: 2 ; masker = unscrambled
    Trial 4, target stimulus: , KWs correct:  / possible: 0 (0 / 0: 0.0 %)
  Block 4 of 48 ended at 16:46:44; Condition: 2 ; masker = unscrambled

  Block 5 of 48 started at 16:46:44; Condition: 1 ; masker = scrambled
    Trial 5, target stimulus: , KWs correct:  / possible: 0 (0 / 0: 0.0 %)
  Block 5 of 48 ended at 16:47:02; Condition: 1 ; masker = scrambled

  Block 6 of 48 started at 16:47:02; Condition: 2 ; masker = unscrambled
    Trial 6, target stimulus: , KWs correct:  / possible: 0 (0 / 0: 0.0 %)
  Block 6 of 48 ended at 16:47:12; Condition: 2 ; masker = unscrambled

  Block 7 of 48 started at 16:47:12; Condition: 1 ; masker = scrambled
    Trial 7, target stimulus: , KWs correct:  / possible: 0 (0 / 0: 0.0 %)
  Block 7 of 48 ended at 16:47:35; Condition: 1 ; masker = scrambled

  Block 8 of 48 started at 16:47:35; Condition: 2 ; masker = unscrambled
    Trial 8, target stimulus: , KWs correct:  / possible: 0 (0 / 0: 0.0 %)
  Block 8 of 48 ended at 16:47:45; Condition: 2 ; masker = unscrambled

  Block 9 of 48 started at 16:47:45; Condition: 1 ; masker = scrambled
    Trial 9, target stimulus: , KWs correct:  / possible: 0 (0 / 0: 0.0 %)
  Block 9 of 48 ended at 16:47:55; Condition: 1 ; masker = scrambled

  Block 10 of 48 started at 16:47:55; Condition: 2 ; masker = unscrambled
    Trial 10, target stimulus: , KWs correct:  / possible: 0 (0 / 0: 0.0 %)
  Block 10 of 48 ended at 16:48:31; Condition: 2 ; masker = unscrambled

  Block 11 of 48 started at 16:48:31; Condition: 1 ; masker = scrambled
    Trial 11, target stimulus: , KWs correct:  / possible: 0 (0 / 0: 0.0 %)
  Block 11 of 48 ended at 16:48:43; Condition: 1 ; masker = scrambled

  Block 12 of 48 started at 16:48:43; Condition: 2 ; masker = unscrambled
    Trial 12, target stimulus: , KWs correct:  / possible: 0 (0 / 0: 0.0 %)
  Block 12 of 48 ended at 16:48:53; Condition: 2 ; masker = unscrambled

  Block 13 of 48 started at 16:48:53; Condition: 1 ; masker = scrambled
    Trial 13, target stimulus: , KWs correct:  / possible: 0 (0 / 0: 0.0 %)
  Block 13 of 48 ended at 16:49:04; Condition: 1 ; masker = scrambled

  Block 14 of 48 started at 16:49:04; Condition: 2 ; masker = unscrambled
    Trial 14, target stimulus: , KWs correct:  / possible: 0 (0 / 0: 0.0 %)
  Block 14 of 48 ended at 16:49:14; Condition: 2 ; masker = unscrambled

  Block 15 of 48 started at 16:49:14; Condition: 1 ; masker = scrambled
    Trial 15, target stimulus: , KWs correct:  / possible: 0 (0 / 0: 0.0 %)
  Block 15 of 48 ended at 16:49:23; Condition: 1 ; masker = scrambled

  Block 16 of 48 started at 16:49:23; Condition: 2 ; masker = unscrambled
    Trial 16, target stimulus: , KWs correct:  / possible: 0 (0 / 0: 0.0 %)
  Block 16 of 48 ended at 16:49:41; Condition: 2 ; masker = unscrambled

  Block 17 of 48 started at 16:49:41; Condition: 1 ; masker = scrambled
    Trial 17, target stimulus: , KWs correct:  / possible: 0 (0 / 0: 0.0 %)
  Block 17 of 48 ended at 16:49:50; Condition: 1 ; masker = scrambled

  Block 18 of 48 started at 16:49:50; Condition: 2 ; masker = unscrambled
    Trial 18, target stimulus: , KWs correct:  / possible: 0 (0 / 0: 0.0 %)
  Block 18 of 48 ended at 16:50:01; Condition: 2 ; masker = unscrambled

  Block 19 of 48 started at 16:50:01; Condition: 1 ; masker = scrambled
    Trial 19, target stimulus: , KWs correct:  / possible: 0 (0 / 0: 0.0 %)
  Block 19 of 48 ended at 16:50:11; Condition: 1 ; masker = scrambled

  Block 20 of 48 started at 16:50:11; Condition: 2 ; masker = unscrambled
    Trial 20, target stimulus: , KWs correct:  / possible: 0 (0 / 0: 0.0 %)
  Block 20 of 48 ended at 16:50:21; Condition: 2 ; masker = unscrambled

  Block 21 of 48 started at 16:50:21; Condition: 1 ; masker = scrambled
    Trial 21, target stimulus: , KWs correct:  / possible: 0 (0 / 0: 0.0 %)
  Block 21 of 48 ended at 16:50:31; Condition: 1 ; masker = scrambled

  Block 22 of 48 started at 16:50:31; Condition: 2 ; masker = unscrambled
    Trial 22, target stimulus: , KWs correct:  / possible: 0 (0 / 0: 0.0 %)
  Block 22 of 48 ended at 16:50:40; Condition: 2 ; masker = unscrambled

  Block 23 of 48 started at 16:50:40; Condition: 1 ; masker = scrambled
    Trial 23, target stimulus: , KWs correct:  / possible: 0 (0 / 0: 0.0 %)
  Block 23 of 48 ended at 16:50:49; Condition: 1 ; masker = scrambled

  Block 24 of 48 started at 16:50:49; Condition: 2 ; masker = unscrambled
    Trial 24, target stimulus: , KWs correct:  / possible: 0 (0 / 0: 0.0 %)
  Block 24 of 48 ended at 16:50:59; Condition: 2 ; masker = unscrambled

  Block 25 of 48 started at 16:50:59; Condition: 1 ; masker = scrambled
    Trial 25, target stimulus: , KWs correct:  / possible: 0 (0 / 0: 0.0 %)
  Block 25 of 48 ended at 16:51:12; Condition: 1 ; masker = scrambled

  Block 26 of 48 started at 16:51:12; Condition: 2 ; masker = unscrambled
    Trial 26, target stimulus: , KWs correct:  / possible: 0 (0 / 0: 0.0 %)
  Block 26 of 48 ended at 16:51:34; Condition: 2 ; masker = unscrambled

  Block 27 of 48 started at 16:51:34; Condition: 1 ; masker = scrambled
    Trial 27, target stimulus: , KWs correct:  / possible: 0 (0 / 0: 0.0 %)
  Block 27 of 48 ended at 16:52:02; Condition: 1 ; masker = scrambled

  Block 28 of 48 started at 16:52:02; Condition: 2 ; masker = unscrambled
    Trial 28, target stimulus: , KWs correct:  / possible: 0 (0 / 0: 0.0 %)
  Block 28 of 48 ended at 16:52:11; Condition: 2 ; masker = unscrambled

  Block 29 of 48 started at 16:52:11; Condition: 1 ; masker = scrambled
    Trial 29, target stimulus: , KWs correct:  / possible: 0 (0 / 0: 0.0 %)
  Block 29 of 48 ended at 16:52:27; Condition: 1 ; masker = scrambled

  Block 30 of 48 started at 16:52:27; Condition: 2 ; masker = unscrambled
    Trial 30, target stimulus: , KWs correct:  / possible: 0 (0 / 0: 0.0 %)
  Block 30 of 48 ended at 16:52:37; Condition: 2 ; masker = unscrambled

  Block 31 of 48 started at 16:52:37; Condition: 1 ; masker = scrambled
    Trial 31, target stimulus: , KWs correct:  / possible: 0 (0 / 0: 0.0 %)
  Block 31 of 48 ended at 16:52:46; Condition: 1 ; masker = scrambled

  Block 32 of 48 started at 16:52:46; Condition: 2 ; masker = unscrambled
    Trial 32, target stimulus: , KWs correct:  / possible: 0 (0 / 0: 0.0 %)
  Block 32 of 48 ended at 16:52:56; Condition: 2 ; masker = unscrambled

  Block 33 of 48 started at 16:52:56; Condition: 1 ; masker = scrambled
    Trial 33, target stimulus: , KWs correct:  / possible: 0 (0 / 0: 0.0 %)
  Block 33 of 48 ended at 16:53:05; Condition: 1 ; masker = scrambled

  Block 34 of 48 started at 16:53:05; Condition: 2 ; masker = unscrambled
    Trial 34, target stimulus: , KWs correct:  / possible: 0 (0 / 0: 0.0 %)
  Block 34 of 48 ended at 16:53:15; Condition: 2 ; masker = unscrambled

  Block 35 of 48 started at 16:53:15; Condition: 1 ; masker = scrambled
    Trial 35, target stimulus: , KWs correct:  / possible: 0 (0 / 0: 0.0 %)
  Block 35 of 48 ended at 16:53:24; Condition: 1 ; masker = scrambled

  Block 36 of 48 started at 16:53:24; Condition: 2 ; masker = unscrambled
    Trial 36, target stimulus: , KWs correct:  / possible: 0 (0 / 0: 0.0 %)
  Block 36 of 48 ended at 16:53:37; Condition: 2 ; masker = unscrambled

  Block 37 of 48 started at 16:53:37; Condition: 1 ; masker = scrambled
    Trial 37, target stimulus: , KWs correct:  / possible: 0 (0 / 0: 0.0 %)
  Block 37 of 48 ended at 16:53:46; Condition: 1 ; masker = scrambled

  Block 38 of 48 started at 16:53:46; Condition: 2 ; masker = unscrambled
    Trial 38, target stimulus: , KWs correct:  / possible: 0 (0 / 0: 0.0 %)
  Block 38 of 48 ended at 16:53:56; Condition: 2 ; masker = unscrambled

  Block 39 of 48 started at 16:53:56; Condition: 1 ; masker = scrambled
    Trial 39, target stimulus: , KWs correct:  / possible: 0 (0 / 0: 0.0 %)
  Block 39 of 48 ended at 16:54:05; Condition: 1 ; masker = scrambled

  Block 40 of 48 started at 16:54:05; Condition: 2 ; masker = unscrambled
    Trial 40, target stimulus: , KWs correct:  / possible: 0 (0 / 0: 0.0 %)
  Block 40 of 48 ended at 16:54:16; Condition: 2 ; masker = unscrambled

  Block 41 of 48 started at 16:54:16; Condition: 1 ; masker = scrambled
    Trial 41, target stimulus: , KWs correct:  / possible: 0 (0 / 0: 0.0 %)
  Block 41 of 48 ended at 16:54:25; Condition: 1 ; masker = scrambled

  Block 42 of 48 started at 16:54:25; Condition: 2 ; masker = unscrambled
    Trial 42, target stimulus: , KWs correct:  / possible: 0 (0 / 0: 0.0 %)
  Block 42 of 48 ended at 16:54:34; Condition: 2 ; masker = unscrambled

  Block 43 of 48 started at 16:54:34; Condition: 1 ; masker = scrambled
    Trial 43, target stimulus: , KWs correct:  / possible: 0 (0 / 0: 0.0 %)
  Block 43 of 48 ended at 16:54:44; Condition: 1 ; masker = scrambled

  Block 44 of 48 started at 16:54:44; Condition: 2 ; masker = unscrambled
    Trial 44, target stimulus: , KWs correct:  / possible: 0 (0 / 0: 0.0 %)
  Block 44 of 48 ended at 16:54:53; Condition: 2 ; masker = unscrambled

  Block 45 of 48 started at 16:54:53; Condition: 1 ; masker = scrambled
    Trial 45, target stimulus: , KWs correct:  / possible: 0 (0 / 0: 0.0 %)
  Block 45 of 48 ended at 16:55:03; Condition: 1 ; masker = scrambled

  Block 46 of 48 started at 16:55:03; Condition: 2 ; masker = unscrambled
    Trial 46, target stimulus: , KWs correct:  / possible: 0 (0 / 0: 0.0 %)
  Block 46 of 48 ended at 16:55:12; Condition: 2 ; masker = unscrambled

  Block 47 of 48 started at 16:55:12; Condition: 1 ; masker = scrambled
    Trial 47, target stimulus: , KWs correct:  / possible: 0 (0 / 0: 0.0 %)
  Block 47 of 48 ended at 16:55:23; Condition: 1 ; masker = scrambled

  Block 48 of 48 started at 16:55:23; Condition: 2 ; masker = unscrambled
    Trial 48, target stimulus: , KWs correct:  / possible: 0 (0 / 0: 0.0 %)
  Block 48 of 48 ended at 16:55:33; Condition: 2 ; masker = unscrambled

Experiment fNIRSandGerbils running subject emayatest ended at 16:55:33 on 2023-03-14
