# -*- coding: utf-8 -*-

# A log file for Gustav


Experiment fNIRSandGerbils running subject longtest3 started at 10:30:17 on 2023-05-10

  Block 1 of 48 started at 10:31:46; Condition: 1 ; masker = scrambled
    Trial 1, target stimulus: , KWs correct:  / possible: 0 (0 / 0: 0.0 %)
  Block 1 of 48 ended at 10:32:18; Condition: 1 ; masker = scrambled

  Block 2 of 48 started at 10:32:18; Condition: 2 ; masker = unscrambled
    Trial 2, target stimulus: , KWs correct:  / possible: 0 (0 / 0: 0.0 %)
  Block 2 of 48 ended at 10:32:32; Condition: 2 ; masker = unscrambled

  Block 3 of 48 started at 10:32:32; Condition: 1 ; masker = scrambled
    Trial 3, target stimulus: , KWs correct:  / possible: 0 (0 / 0: 0.0 %)
  Block 3 of 48 ended at 10:32:47; Condition: 1 ; masker = scrambled

  Block 4 of 48 started at 10:32:47; Condition: 2 ; masker = unscrambled
    Trial 4, target stimulus: , KWs correct:  / possible: 0 (0 / 0: 0.0 %)
  Block 4 of 48 ended at 10:33:01; Condition: 2 ; masker = unscrambled

  Block 5 of 48 started at 10:33:01; Condition: 1 ; masker = scrambled
    Trial 5, target stimulus: , KWs correct:  / possible: 0 (0 / 0: 0.0 %)
  Block 5 of 48 ended at 10:33:17; Condition: 1 ; masker = scrambled

  Block 6 of 48 started at 10:33:17; Condition: 2 ; masker = unscrambled
    Trial 6, target stimulus: , KWs correct:  / possible: 0 (0 / 0: 0.0 %)
  Block 6 of 48 ended at 10:33:31; Condition: 2 ; masker = unscrambled

  Block 7 of 48 started at 10:33:31; Condition: 1 ; masker = scrambled
    Trial 7, target stimulus: , KWs correct:  / possible: 0 (0 / 0: 0.0 %)
  Block 7 of 48 ended at 10:33:46; Condition: 1 ; masker = scrambled

  Block 8 of 48 started at 10:33:46; Condition: 2 ; masker = unscrambled
    Trial 8, target stimulus: , KWs correct:  / possible: 0 (0 / 0: 0.0 %)
  Block 8 of 48 ended at 10:34:00; Condition: 2 ; masker = unscrambled

  Block 9 of 48 started at 10:34:00; Condition: 1 ; masker = scrambled
    Trial 9, target stimulus: , KWs correct:  / possible: 0 (0 / 0: 0.0 %)
  Block 9 of 48 ended at 10:34:14; Condition: 1 ; masker = scrambled

  Block 10 of 48 started at 10:34:14; Condition: 2 ; masker = unscrambled
    Trial 10, target stimulus: , KWs correct:  / possible: 0 (0 / 0: 0.0 %)
  Block 10 of 48 ended at 10:34:28; Condition: 2 ; masker = unscrambled

  Block 11 of 48 started at 10:34:28; Condition: 1 ; masker = scrambled
    Trial 11, target stimulus: , KWs correct:  / possible: 0 (0 / 0: 0.0 %)
  Block 11 of 48 ended at 10:34:42; Condition: 1 ; masker = scrambled

  Block 12 of 48 started at 10:34:42; Condition: 2 ; masker = unscrambled
    Trial 12, target stimulus: , KWs correct:  / possible: 0 (0 / 0: 0.0 %)
  Block 12 of 48 ended at 10:34:55; Condition: 2 ; masker = unscrambled

  Block 13 of 48 started at 10:34:55; Condition: 1 ; masker = scrambled
    Trial 13, target stimulus: , KWs correct:  / possible: 0 (0 / 0: 0.0 %)
  Block 13 of 48 ended at 10:35:09; Condition: 1 ; masker = scrambled

  Block 14 of 48 started at 10:35:09; Condition: 2 ; masker = unscrambled
    Trial 14, target stimulus: , KWs correct:  / possible: 0 (0 / 0: 0.0 %)
  Block 14 of 48 ended at 10:35:23; Condition: 2 ; masker = unscrambled

  Block 15 of 48 started at 10:35:23; Condition: 1 ; masker = scrambled
    Trial 15, target stimulus: , KWs correct:  / possible: 0 (0 / 0: 0.0 %)
  Block 15 of 48 ended at 10:35:36; Condition: 1 ; masker = scrambled

  Block 16 of 48 started at 10:35:36; Condition: 2 ; masker = unscrambled
    Trial 16, target stimulus: , KWs correct:  / possible: 0 (0 / 0: 0.0 %)
  Block 16 of 48 ended at 10:35:50; Condition: 2 ; masker = unscrambled

  Block 17 of 48 started at 10:35:50; Condition: 1 ; masker = scrambled
    Trial 17, target stimulus: , KWs correct:  / possible: 0 (0 / 0: 0.0 %)
  Block 17 of 48 ended at 10:36:03; Condition: 1 ; masker = scrambled

  Block 18 of 48 started at 10:36:03; Condition: 2 ; masker = unscrambled
    Trial 18, target stimulus: , KWs correct:  / possible: 0 (0 / 0: 0.0 %)
  Block 18 of 48 ended at 10:36:16; Condition: 2 ; masker = unscrambled

  Block 19 of 48 started at 10:36:16; Condition: 1 ; masker = scrambled
    Trial 19, target stimulus: , KWs correct:  / possible: 0 (0 / 0: 0.0 %)
  Block 19 of 48 ended at 10:36:30; Condition: 1 ; masker = scrambled

  Block 20 of 48 started at 10:36:30; Condition: 2 ; masker = unscrambled
    Trial 20, target stimulus: , KWs correct:  / possible: 0 (0 / 0: 0.0 %)
  Block 20 of 48 ended at 10:36:43; Condition: 2 ; masker = unscrambled

  Block 21 of 48 started at 10:36:43; Condition: 1 ; masker = scrambled
    Trial 21, target stimulus: , KWs correct:  / possible: 0 (0 / 0: 0.0 %)
  Block 21 of 48 ended at 10:36:56; Condition: 1 ; masker = scrambled

  Block 22 of 48 started at 10:36:56; Condition: 2 ; masker = unscrambled
    Trial 22, target stimulus: , KWs correct:  / possible: 0 (0 / 0: 0.0 %)
  Block 22 of 48 ended at 10:37:10; Condition: 2 ; masker = unscrambled

  Block 23 of 48 started at 10:37:10; Condition: 1 ; masker = scrambled
    Trial 23, target stimulus: , KWs correct:  / possible: 0 (0 / 0: 0.0 %)
  Block 23 of 48 ended at 10:37:24; Condition: 1 ; masker = scrambled

  Block 24 of 48 started at 10:37:24; Condition: 2 ; masker = unscrambled
    Trial 24, target stimulus: , KWs correct:  / possible: 0 (0 / 0: 0.0 %)
  Block 24 of 48 ended at 10:37:37; Condition: 2 ; masker = unscrambled

  Block 25 of 48 started at 10:37:37; Condition: 1 ; masker = scrambled
    Trial 25, target stimulus: , KWs correct:  / possible: 0 (0 / 0: 0.0 %)
  Block 25 of 48 ended at 10:37:51; Condition: 1 ; masker = scrambled

  Block 26 of 48 started at 10:37:51; Condition: 2 ; masker = unscrambled
    Trial 26, target stimulus: , KWs correct:  / possible: 0 (0 / 0: 0.0 %)
  Block 26 of 48 ended at 10:38:04; Condition: 2 ; masker = unscrambled

  Block 27 of 48 started at 10:38:04; Condition: 1 ; masker = scrambled
    Trial 27, target stimulus: , KWs correct:  / possible: 0 (0 / 0: 0.0 %)
  Block 27 of 48 ended at 10:38:17; Condition: 1 ; masker = scrambled

  Block 28 of 48 started at 10:38:17; Condition: 2 ; masker = unscrambled
    Trial 28, target stimulus: , KWs correct:  / possible: 0 (0 / 0: 0.0 %)
  Block 28 of 48 ended at 10:38:31; Condition: 2 ; masker = unscrambled

  Block 29 of 48 started at 10:38:31; Condition: 1 ; masker = scrambled
    Trial 29, target stimulus: , KWs correct:  / possible: 0 (0 / 0: 0.0 %)
  Block 29 of 48 ended at 10:38:44; Condition: 1 ; masker = scrambled

  Block 30 of 48 started at 10:38:44; Condition: 2 ; masker = unscrambled
    Trial 30, target stimulus: , KWs correct:  / possible: 0 (0 / 0: 0.0 %)
  Block 30 of 48 ended at 10:38:59; Condition: 2 ; masker = unscrambled

  Block 31 of 48 started at 10:38:59; Condition: 1 ; masker = scrambled
    Trial 31, target stimulus: , KWs correct:  / possible: 0 (0 / 0: 0.0 %)
  Block 31 of 48 ended at 10:39:13; Condition: 1 ; masker = scrambled

  Block 32 of 48 started at 10:39:13; Condition: 2 ; masker = unscrambled
    Trial 32, target stimulus: , KWs correct:  / possible: 0 (0 / 0: 0.0 %)
  Block 32 of 48 ended at 10:39:26; Condition: 2 ; masker = unscrambled

  Block 33 of 48 started at 10:39:26; Condition: 1 ; masker = scrambled
    Trial 33, target stimulus: , KWs correct:  / possible: 0 (0 / 0: 0.0 %)
  Block 33 of 48 ended at 10:39:39; Condition: 1 ; masker = scrambled

  Block 34 of 48 started at 10:39:39; Condition: 2 ; masker = unscrambled
    Trial 34, target stimulus: , KWs correct:  / possible: 0 (0 / 0: 0.0 %)
  Block 34 of 48 ended at 10:39:53; Condition: 2 ; masker = unscrambled

  Block 35 of 48 started at 10:39:53; Condition: 1 ; masker = scrambled
    Trial 35, target stimulus: , KWs correct:  / possible: 0 (0 / 0: 0.0 %)
  Block 35 of 48 ended at 10:40:08; Condition: 1 ; masker = scrambled

  Block 36 of 48 started at 10:40:08; Condition: 2 ; masker = unscrambled
    Trial 36, target stimulus: , KWs correct:  / possible: 0 (0 / 0: 0.0 %)
  Block 36 of 48 ended at 10:40:22; Condition: 2 ; masker = unscrambled

  Block 37 of 48 started at 10:40:22; Condition: 1 ; masker = scrambled
    Trial 37, target stimulus: , KWs correct:  / possible: 0 (0 / 0: 0.0 %)
  Block 37 of 48 ended at 10:40:35; Condition: 1 ; masker = scrambled

  Block 38 of 48 started at 10:40:35; Condition: 2 ; masker = unscrambled
    Trial 38, target stimulus: , KWs correct:  / possible: 0 (0 / 0: 0.0 %)
  Block 38 of 48 ended at 10:40:49; Condition: 2 ; masker = unscrambled

  Block 39 of 48 started at 10:40:49; Condition: 1 ; masker = scrambled
    Trial 39, target stimulus: , KWs correct:  / possible: 0 (0 / 0: 0.0 %)
  Block 39 of 48 ended at 10:41:03; Condition: 1 ; masker = scrambled

  Block 40 of 48 started at 10:41:03; Condition: 2 ; masker = unscrambled
    Trial 40, target stimulus: , KWs correct:  / possible: 0 (0 / 0: 0.0 %)
  Block 40 of 48 ended at 10:41:17; Condition: 2 ; masker = unscrambled

  Block 41 of 48 started at 10:41:17; Condition: 1 ; masker = scrambled
    Trial 41, target stimulus: , KWs correct:  / possible: 0 (0 / 0: 0.0 %)
  Block 41 of 48 ended at 10:41:30; Condition: 1 ; masker = scrambled

  Block 42 of 48 started at 10:41:30; Condition: 2 ; masker = unscrambled
    Trial 42, target stimulus: , KWs correct:  / possible: 0 (0 / 0: 0.0 %)
  Block 42 of 48 ended at 10:41:44; Condition: 2 ; masker = unscrambled

  Block 43 of 48 started at 10:41:44; Condition: 1 ; masker = scrambled
    Trial 43, target stimulus: , KWs correct:  / possible: 0 (0 / 0: 0.0 %)
  Block 43 of 48 ended at 10:41:57; Condition: 1 ; masker = scrambled

  Block 44 of 48 started at 10:41:57; Condition: 2 ; masker = unscrambled
    Trial 44, target stimulus: , KWs correct:  / possible: 0 (0 / 0: 0.0 %)
  Block 44 of 48 ended at 10:42:11; Condition: 2 ; masker = unscrambled

  Block 45 of 48 started at 10:42:11; Condition: 1 ; masker = scrambled
    Trial 45, target stimulus: , KWs correct:  / possible: 0 (0 / 0: 0.0 %)
  Block 45 of 48 ended at 10:42:25; Condition: 1 ; masker = scrambled

  Block 46 of 48 started at 10:42:25; Condition: 2 ; masker = unscrambled
    Trial 46, target stimulus: , KWs correct:  / possible: 0 (0 / 0: 0.0 %)
  Block 46 of 48 ended at 10:42:39; Condition: 2 ; masker = unscrambled

  Block 47 of 48 started at 10:42:39; Condition: 1 ; masker = scrambled
    Trial 47, target stimulus: , KWs correct:  / possible: 0 (0 / 0: 0.0 %)
  Block 47 of 48 ended at 10:42:52; Condition: 1 ; masker = scrambled

  Block 48 of 48 started at 10:42:52; Condition: 2 ; masker = unscrambled
    Trial 48, target stimulus: , KWs correct:  / possible: 0 (0 / 0: 0.0 %)
  Block 48 of 48 ended at 10:43:06; Condition: 2 ; masker = unscrambled

Experiment fNIRSandGerbils running subject longtest3 ended at 10:43:06 on 2023-05-10

Experiment fNIRSandGerbils running subject longtest4 started at 11:00:06 on 2023-05-10

  Block 1 of 48 started at 11:00:57; Condition: 1 ; masker = scrambled
    Trial 1, target stimulus: , KWs correct:  / possible: 0 (0 / 0: 0.0 %)
  Block 1 of 48 ended at 11:01:32; Condition: 1 ; masker = scrambled

  Block 2 of 48 started at 11:01:32; Condition: 2 ; masker = unscrambled
    Trial 2, target stimulus: , KWs correct:  / possible: 0 (0 / 0: 0.0 %)
  Block 2 of 48 ended at 11:01:45; Condition: 2 ; masker = unscrambled

  Block 3 of 48 started at 11:01:45; Condition: 1 ; masker = scrambled
    Trial 3, target stimulus: , KWs correct:  / possible: 0 (0 / 0: 0.0 %)
  Block 3 of 48 ended at 11:01:59; Condition: 1 ; masker = scrambled

  Block 4 of 48 started at 11:01:59; Condition: 2 ; masker = unscrambled
    Trial 4, target stimulus: , KWs correct:  / possible: 0 (0 / 0: 0.0 %)
  Block 4 of 48 ended at 11:02:13; Condition: 2 ; masker = unscrambled

  Block 5 of 48 started at 11:02:13; Condition: 1 ; masker = scrambled
    Trial 5, target stimulus: , KWs correct:  / possible: 0 (0 / 0: 0.0 %)
  Block 5 of 48 ended at 11:02:26; Condition: 1 ; masker = scrambled

  Block 6 of 48 started at 11:02:26; Condition: 2 ; masker = unscrambled
    Trial 6, target stimulus: , KWs correct:  / possible: 0 (0 / 0: 0.0 %)
  Block 6 of 48 ended at 11:02:40; Condition: 2 ; masker = unscrambled

  Block 7 of 48 started at 11:02:40; Condition: 1 ; masker = scrambled
    Trial 7, target stimulus: , KWs correct:  / possible: 0 (0 / 0: 0.0 %)
  Block 7 of 48 ended at 11:02:53; Condition: 1 ; masker = scrambled

  Block 8 of 48 started at 11:02:53; Condition: 2 ; masker = unscrambled
    Trial 8, target stimulus: , KWs correct:  / possible: 0 (0 / 0: 0.0 %)
  Block 8 of 48 ended at 11:03:07; Condition: 2 ; masker = unscrambled

  Block 9 of 48 started at 11:03:07; Condition: 1 ; masker = scrambled
    Trial 9, target stimulus: , KWs correct:  / possible: 0 (0 / 0: 0.0 %)
  Block 9 of 48 ended at 11:03:21; Condition: 1 ; masker = scrambled

  Block 10 of 48 started at 11:03:21; Condition: 2 ; masker = unscrambled
    Trial 10, target stimulus: , KWs correct:  / possible: 0 (0 / 0: 0.0 %)
  Block 10 of 48 ended at 11:03:35; Condition: 2 ; masker = unscrambled

  Block 11 of 48 started at 11:03:35; Condition: 1 ; masker = scrambled
    Trial 11, target stimulus: , KWs correct:  / possible: 0 (0 / 0: 0.0 %)
  Block 11 of 48 ended at 11:03:48; Condition: 1 ; masker = scrambled

  Block 12 of 48 started at 11:03:48; Condition: 2 ; masker = unscrambled
    Trial 12, target stimulus: , KWs correct:  / possible: 0 (0 / 0: 0.0 %)
  Block 12 of 48 ended at 11:04:02; Condition: 2 ; masker = unscrambled

  Block 13 of 48 started at 11:04:02; Condition: 1 ; masker = scrambled
    Trial 13, target stimulus: , KWs correct:  / possible: 0 (0 / 0: 0.0 %)
  Block 13 of 48 ended at 11:04:15; Condition: 1 ; masker = scrambled

  Block 14 of 48 started at 11:04:15; Condition: 2 ; masker = unscrambled
    Trial 14, target stimulus: , KWs correct:  / possible: 0 (0 / 0: 0.0 %)
  Block 14 of 48 ended at 11:04:29; Condition: 2 ; masker = unscrambled

  Block 15 of 48 started at 11:04:29; Condition: 1 ; masker = scrambled
    Trial 15, target stimulus: , KWs correct:  / possible: 0 (0 / 0: 0.0 %)
  Block 15 of 48 ended at 11:04:42; Condition: 1 ; masker = scrambled

  Block 16 of 48 started at 11:04:42; Condition: 2 ; masker = unscrambled
    Trial 16, target stimulus: , KWs correct:  / possible: 0 (0 / 0: 0.0 %)
  Block 16 of 48 ended at 11:04:56; Condition: 2 ; masker = unscrambled

  Block 17 of 48 started at 11:04:56; Condition: 1 ; masker = scrambled
    Trial 17, target stimulus: , KWs correct:  / possible: 0 (0 / 0: 0.0 %)
  Block 17 of 48 ended at 11:05:09; Condition: 1 ; masker = scrambled

  Block 18 of 48 started at 11:05:09; Condition: 2 ; masker = unscrambled
    Trial 18, target stimulus: , KWs correct:  / possible: 0 (0 / 0: 0.0 %)
  Block 18 of 48 ended at 11:05:23; Condition: 2 ; masker = unscrambled

  Block 19 of 48 started at 11:05:23; Condition: 1 ; masker = scrambled
    Trial 19, target stimulus: , KWs correct:  / possible: 0 (0 / 0: 0.0 %)
  Block 19 of 48 ended at 11:05:37; Condition: 1 ; masker = scrambled

  Block 20 of 48 started at 11:05:37; Condition: 2 ; masker = unscrambled
    Trial 20, target stimulus: , KWs correct:  / possible: 0 (0 / 0: 0.0 %)
  Block 20 of 48 ended at 11:05:51; Condition: 2 ; masker = unscrambled

  Block 21 of 48 started at 11:05:51; Condition: 1 ; masker = scrambled
    Trial 21, target stimulus: , KWs correct:  / possible: 0 (0 / 0: 0.0 %)
  Block 21 of 48 ended at 11:06:04; Condition: 1 ; masker = scrambled

  Block 22 of 48 started at 11:06:04; Condition: 2 ; masker = unscrambled
    Trial 22, target stimulus: , KWs correct:  / possible: 0 (0 / 0: 0.0 %)
  Block 22 of 48 ended at 11:06:17; Condition: 2 ; masker = unscrambled

  Block 23 of 48 started at 11:06:17; Condition: 1 ; masker = scrambled
    Trial 23, target stimulus: , KWs correct:  / possible: 0 (0 / 0: 0.0 %)
  Block 23 of 48 ended at 11:06:31; Condition: 1 ; masker = scrambled

  Block 24 of 48 started at 11:06:31; Condition: 2 ; masker = unscrambled
    Trial 24, target stimulus: , KWs correct:  / possible: 0 (0 / 0: 0.0 %)
  Block 24 of 48 ended at 11:06:45; Condition: 2 ; masker = unscrambled

  Block 25 of 48 started at 11:06:45; Condition: 1 ; masker = scrambled
    Trial 25, target stimulus: , KWs correct:  / possible: 0 (0 / 0: 0.0 %)
  Block 25 of 48 ended at 11:06:58; Condition: 1 ; masker = scrambled

  Block 26 of 48 started at 11:06:58; Condition: 2 ; masker = unscrambled
    Trial 26, target stimulus: , KWs correct:  / possible: 0 (0 / 0: 0.0 %)
  Block 26 of 48 ended at 11:07:11; Condition: 2 ; masker = unscrambled

  Block 27 of 48 started at 11:07:11; Condition: 1 ; masker = scrambled
    Trial 27, target stimulus: , KWs correct:  / possible: 0 (0 / 0: 0.0 %)
  Block 27 of 48 ended at 11:07:25; Condition: 1 ; masker = scrambled

  Block 28 of 48 started at 11:07:25; Condition: 2 ; masker = unscrambled
    Trial 28, target stimulus: , KWs correct:  / possible: 0 (0 / 0: 0.0 %)
  Block 28 of 48 ended at 11:07:39; Condition: 2 ; masker = unscrambled

  Block 29 of 48 started at 11:07:39; Condition: 1 ; masker = scrambled
    Trial 29, target stimulus: , KWs correct:  / possible: 0 (0 / 0: 0.0 %)
  Block 29 of 48 ended at 11:07:52; Condition: 1 ; masker = scrambled

  Block 30 of 48 started at 11:07:52; Condition: 2 ; masker = unscrambled
    Trial 30, target stimulus: , KWs correct:  / possible: 0 (0 / 0: 0.0 %)
  Block 30 of 48 ended at 11:08:06; Condition: 2 ; masker = unscrambled

  Block 31 of 48 started at 11:08:06; Condition: 1 ; masker = scrambled
    Trial 31, target stimulus: , KWs correct:  / possible: 0 (0 / 0: 0.0 %)
  Block 31 of 48 ended at 11:08:19; Condition: 1 ; masker = scrambled

  Block 32 of 48 started at 11:08:19; Condition: 2 ; masker = unscrambled
    Trial 32, target stimulus: , KWs correct:  / possible: 0 (0 / 0: 0.0 %)
  Block 32 of 48 ended at 11:08:33; Condition: 2 ; masker = unscrambled

  Block 33 of 48 started at 11:08:33; Condition: 1 ; masker = scrambled
    Trial 33, target stimulus: , KWs correct:  / possible: 0 (0 / 0: 0.0 %)
  Block 33 of 48 ended at 11:08:46; Condition: 1 ; masker = scrambled

  Block 34 of 48 started at 11:08:46; Condition: 2 ; masker = unscrambled
    Trial 34, target stimulus: , KWs correct:  / possible: 0 (0 / 0: 0.0 %)
  Block 34 of 48 ended at 11:08:59; Condition: 2 ; masker = unscrambled

  Block 35 of 48 started at 11:08:59; Condition: 1 ; masker = scrambled
    Trial 35, target stimulus: , KWs correct:  / possible: 0 (0 / 0: 0.0 %)
  Block 35 of 48 ended at 11:09:13; Condition: 1 ; masker = scrambled

  Block 36 of 48 started at 11:09:13; Condition: 2 ; masker = unscrambled
    Trial 36, target stimulus: , KWs correct:  / possible: 0 (0 / 0: 0.0 %)
  Block 36 of 48 ended at 11:09:26; Condition: 2 ; masker = unscrambled

  Block 37 of 48 started at 11:09:26; Condition: 1 ; masker = scrambled
    Trial 37, target stimulus: , KWs correct:  / possible: 0 (0 / 0: 0.0 %)
  Block 37 of 48 ended at 11:09:39; Condition: 1 ; masker = scrambled

  Block 38 of 48 started at 11:09:39; Condition: 2 ; masker = unscrambled
    Trial 38, target stimulus: , KWs correct:  / possible: 0 (0 / 0: 0.0 %)
  Block 38 of 48 ended at 11:09:53; Condition: 2 ; masker = unscrambled

  Block 39 of 48 started at 11:09:53; Condition: 1 ; masker = scrambled
    Trial 39, target stimulus: , KWs correct:  / possible: 0 (0 / 0: 0.0 %)
  Block 39 of 48 ended at 11:10:06; Condition: 1 ; masker = scrambled

  Block 40 of 48 started at 11:10:06; Condition: 2 ; masker = unscrambled
    Trial 40, target stimulus: , KWs correct:  / possible: 0 (0 / 0: 0.0 %)
  Block 40 of 48 ended at 11:10:19; Condition: 2 ; masker = unscrambled

  Block 41 of 48 started at 11:10:19; Condition: 1 ; masker = scrambled
    Trial 41, target stimulus: , KWs correct:  / possible: 0 (0 / 0: 0.0 %)
  Block 41 of 48 ended at 11:10:33; Condition: 1 ; masker = scrambled

  Block 42 of 48 started at 11:10:33; Condition: 2 ; masker = unscrambled
    Trial 42, target stimulus: , KWs correct:  / possible: 0 (0 / 0: 0.0 %)
  Block 42 of 48 ended at 11:10:46; Condition: 2 ; masker = unscrambled

  Block 43 of 48 started at 11:10:46; Condition: 1 ; masker = scrambled
    Trial 43, target stimulus: , KWs correct:  / possible: 0 (0 / 0: 0.0 %)
  Block 43 of 48 ended at 11:11:00; Condition: 1 ; masker = scrambled

  Block 44 of 48 started at 11:11:00; Condition: 2 ; masker = unscrambled
    Trial 44, target stimulus: , KWs correct:  / possible: 0 (0 / 0: 0.0 %)
  Block 44 of 48 ended at 11:11:13; Condition: 2 ; masker = unscrambled

  Block 45 of 48 started at 11:11:13; Condition: 1 ; masker = scrambled
    Trial 45, target stimulus: , KWs correct:  / possible: 0 (0 / 0: 0.0 %)
  Block 45 of 48 ended at 11:11:26; Condition: 1 ; masker = scrambled

  Block 46 of 48 started at 11:11:26; Condition: 2 ; masker = unscrambled
    Trial 46, target stimulus: , KWs correct:  / possible: 0 (0 / 0: 0.0 %)
  Block 46 of 48 ended at 11:11:40; Condition: 2 ; masker = unscrambled

  Block 47 of 48 started at 11:11:40; Condition: 1 ; masker = scrambled
    Trial 47, target stimulus: , KWs correct:  / possible: 0 (0 / 0: 0.0 %)
  Block 47 of 48 ended at 11:11:54; Condition: 1 ; masker = scrambled

  Block 48 of 48 started at 11:11:54; Condition: 2 ; masker = unscrambled
    Trial 48, target stimulus: , KWs correct:  / possible: 0 (0 / 0: 0.0 %)
  Block 48 of 48 ended at 11:12:07; Condition: 2 ; masker = unscrambled

Experiment fNIRSandGerbils running subject longtest4 ended at 11:12:07 on 2023-05-10

Experiment fNIRSandGerbils running subject longtest5 started at 11:25:34 on 2023-05-10

  Block 1 of 48 started at 11:26:56; Condition: 1 ; masker = scrambled
    Trial 1, target stimulus: , KWs correct:  / possible: 0 (0 / 0: 0.0 %)
  Block 1 of 48 ended at 11:27:49; Condition: 1 ; masker = scrambled

  Block 2 of 48 started at 11:27:49; Condition: 2 ; masker = unscrambled
    Trial 2, target stimulus: , KWs correct:  / possible: 0 (0 / 0: 0.0 %)
  Block 2 of 48 ended at 11:28:05; Condition: 2 ; masker = unscrambled

  Block 3 of 48 started at 11:28:05; Condition: 1 ; masker = scrambled
    Trial 3, target stimulus: , KWs correct:  / possible: 0 (0 / 0: 0.0 %)
  Block 3 of 48 ended at 11:28:18; Condition: 1 ; masker = scrambled

  Block 4 of 48 started at 11:28:18; Condition: 2 ; masker = unscrambled
    Trial 4, target stimulus: , KWs correct:  / possible: 0 (0 / 0: 0.0 %)
  Block 4 of 48 ended at 11:28:32; Condition: 2 ; masker = unscrambled

  Block 5 of 48 started at 11:28:32; Condition: 1 ; masker = scrambled
    Trial 5, target stimulus: , KWs correct:  / possible: 0 (0 / 0: 0.0 %)
  Block 5 of 48 ended at 11:28:45; Condition: 1 ; masker = scrambled

  Block 6 of 48 started at 11:28:45; Condition: 2 ; masker = unscrambled
    Trial 6, target stimulus: , KWs correct:  / possible: 0 (0 / 0: 0.0 %)
  Block 6 of 48 ended at 11:28:59; Condition: 2 ; masker = unscrambled

  Block 7 of 48 started at 11:28:59; Condition: 1 ; masker = scrambled
    Trial 7, target stimulus: , KWs correct:  / possible: 0 (0 / 0: 0.0 %)
  Block 7 of 48 ended at 11:29:13; Condition: 1 ; masker = scrambled

  Block 8 of 48 started at 11:29:13; Condition: 2 ; masker = unscrambled
    Trial 8, target stimulus: , KWs correct:  / possible: 0 (0 / 0: 0.0 %)
  Block 8 of 48 ended at 11:29:26; Condition: 2 ; masker = unscrambled

  Block 9 of 48 started at 11:29:26; Condition: 1 ; masker = scrambled
    Trial 9, target stimulus: , KWs correct:  / possible: 0 (0 / 0: 0.0 %)
  Block 9 of 48 ended at 11:29:40; Condition: 1 ; masker = scrambled

  Block 10 of 48 started at 11:29:40; Condition: 2 ; masker = unscrambled
    Trial 10, target stimulus: , KWs correct:  / possible: 0 (0 / 0: 0.0 %)
  Block 10 of 48 ended at 11:29:53; Condition: 2 ; masker = unscrambled

  Block 11 of 48 started at 11:29:53; Condition: 1 ; masker = scrambled
    Trial 11, target stimulus: , KWs correct:  / possible: 0 (0 / 0: 0.0 %)
  Block 11 of 48 ended at 11:30:06; Condition: 1 ; masker = scrambled

  Block 12 of 48 started at 11:30:06; Condition: 2 ; masker = unscrambled
    Trial 12, target stimulus: , KWs correct:  / possible: 0 (0 / 0: 0.0 %)
  Block 12 of 48 ended at 11:30:20; Condition: 2 ; masker = unscrambled

  Block 13 of 48 started at 11:30:20; Condition: 1 ; masker = scrambled
    Trial 13, target stimulus: , KWs correct:  / possible: 0 (0 / 0: 0.0 %)
  Block 13 of 48 ended at 11:30:33; Condition: 1 ; masker = scrambled

  Block 14 of 48 started at 11:30:33; Condition: 2 ; masker = unscrambled
    Trial 14, target stimulus: , KWs correct:  / possible: 0 (0 / 0: 0.0 %)
  Block 14 of 48 ended at 11:30:47; Condition: 2 ; masker = unscrambled

  Block 15 of 48 started at 11:30:47; Condition: 1 ; masker = scrambled
    Trial 15, target stimulus: , KWs correct:  / possible: 0 (0 / 0: 0.0 %)
  Block 15 of 48 ended at 11:31:01; Condition: 1 ; masker = scrambled

  Block 16 of 48 started at 11:31:01; Condition: 2 ; masker = unscrambled
    Trial 16, target stimulus: , KWs correct:  / possible: 0 (0 / 0: 0.0 %)
  Block 16 of 48 ended at 11:31:14; Condition: 2 ; masker = unscrambled

  Block 17 of 48 started at 11:31:14; Condition: 1 ; masker = scrambled
    Trial 17, target stimulus: , KWs correct:  / possible: 0 (0 / 0: 0.0 %)
  Block 17 of 48 ended at 11:31:28; Condition: 1 ; masker = scrambled

  Block 18 of 48 started at 11:31:28; Condition: 2 ; masker = unscrambled
    Trial 18, target stimulus: , KWs correct:  / possible: 0 (0 / 0: 0.0 %)
  Block 18 of 48 ended at 11:31:42; Condition: 2 ; masker = unscrambled

  Block 19 of 48 started at 11:31:42; Condition: 1 ; masker = scrambled
    Trial 19, target stimulus: , KWs correct:  / possible: 0 (0 / 0: 0.0 %)
  Block 19 of 48 ended at 11:31:55; Condition: 1 ; masker = scrambled

  Block 20 of 48 started at 11:31:55; Condition: 2 ; masker = unscrambled
    Trial 20, target stimulus: , KWs correct:  / possible: 0 (0 / 0: 0.0 %)
  Block 20 of 48 ended at 11:32:08; Condition: 2 ; masker = unscrambled

  Block 21 of 48 started at 11:32:08; Condition: 1 ; masker = scrambled
    Trial 21, target stimulus: , KWs correct:  / possible: 0 (0 / 0: 0.0 %)
  Block 21 of 48 ended at 11:32:22; Condition: 1 ; masker = scrambled

  Block 22 of 48 started at 11:32:22; Condition: 2 ; masker = unscrambled
    Trial 22, target stimulus: , KWs correct:  / possible: 0 (0 / 0: 0.0 %)
  Block 22 of 48 ended at 11:32:35; Condition: 2 ; masker = unscrambled

  Block 23 of 48 started at 11:32:35; Condition: 1 ; masker = scrambled
    Trial 23, target stimulus: , KWs correct:  / possible: 0 (0 / 0: 0.0 %)
  Block 23 of 48 ended at 11:32:48; Condition: 1 ; masker = scrambled

  Block 24 of 48 started at 11:32:48; Condition: 2 ; masker = unscrambled
    Trial 24, target stimulus: , KWs correct:  / possible: 0 (0 / 0: 0.0 %)
  Block 24 of 48 ended at 11:33:02; Condition: 2 ; masker = unscrambled

  Block 25 of 48 started at 11:33:02; Condition: 1 ; masker = scrambled
    Trial 25, target stimulus: , KWs correct:  / possible: 0 (0 / 0: 0.0 %)
  Block 25 of 48 ended at 11:33:15; Condition: 1 ; masker = scrambled

  Block 26 of 48 started at 11:33:15; Condition: 2 ; masker = unscrambled
    Trial 26, target stimulus: , KWs correct:  / possible: 0 (0 / 0: 0.0 %)
  Block 26 of 48 ended at 11:33:28; Condition: 2 ; masker = unscrambled

  Block 27 of 48 started at 11:33:28; Condition: 1 ; masker = scrambled
    Trial 27, target stimulus: , KWs correct:  / possible: 0 (0 / 0: 0.0 %)
  Block 27 of 48 ended at 11:33:42; Condition: 1 ; masker = scrambled

  Block 28 of 48 started at 11:33:42; Condition: 2 ; masker = unscrambled
    Trial 28, target stimulus: , KWs correct:  / possible: 0 (0 / 0: 0.0 %)
  Block 28 of 48 ended at 11:33:55; Condition: 2 ; masker = unscrambled

  Block 29 of 48 started at 11:33:55; Condition: 1 ; masker = scrambled
    Trial 29, target stimulus: , KWs correct:  / possible: 0 (0 / 0: 0.0 %)
  Block 29 of 48 ended at 11:34:09; Condition: 1 ; masker = scrambled

  Block 30 of 48 started at 11:34:09; Condition: 2 ; masker = unscrambled
    Trial 30, target stimulus: , KWs correct:  / possible: 0 (0 / 0: 0.0 %)
  Block 30 of 48 ended at 11:34:22; Condition: 2 ; masker = unscrambled

  Block 31 of 48 started at 11:34:22; Condition: 1 ; masker = scrambled
    Trial 31, target stimulus: , KWs correct:  / possible: 0 (0 / 0: 0.0 %)
  Block 31 of 48 ended at 11:34:36; Condition: 1 ; masker = scrambled

  Block 32 of 48 started at 11:34:36; Condition: 2 ; masker = unscrambled
    Trial 32, target stimulus: , KWs correct:  / possible: 0 (0 / 0: 0.0 %)
  Block 32 of 48 ended at 11:34:50; Condition: 2 ; masker = unscrambled

  Block 33 of 48 started at 11:34:50; Condition: 1 ; masker = scrambled
    Trial 33, target stimulus: , KWs correct:  / possible: 0 (0 / 0: 0.0 %)
  Block 33 of 48 ended at 11:35:03; Condition: 1 ; masker = scrambled

  Block 34 of 48 started at 11:35:03; Condition: 2 ; masker = unscrambled
    Trial 34, target stimulus: , KWs correct:  / possible: 0 (0 / 0: 0.0 %)
  Block 34 of 48 ended at 11:35:17; Condition: 2 ; masker = unscrambled

  Block 35 of 48 started at 11:35:17; Condition: 1 ; masker = scrambled
    Trial 35, target stimulus: , KWs correct:  / possible: 0 (0 / 0: 0.0 %)
  Block 35 of 48 ended at 11:35:31; Condition: 1 ; masker = scrambled

  Block 36 of 48 started at 11:35:31; Condition: 2 ; masker = unscrambled
    Trial 36, target stimulus: , KWs correct:  / possible: 0 (0 / 0: 0.0 %)
  Block 36 of 48 ended at 11:35:44; Condition: 2 ; masker = unscrambled

  Block 37 of 48 started at 11:35:44; Condition: 1 ; masker = scrambled
    Trial 37, target stimulus: , KWs correct:  / possible: 0 (0 / 0: 0.0 %)
  Block 37 of 48 ended at 11:35:58; Condition: 1 ; masker = scrambled

  Block 38 of 48 started at 11:35:58; Condition: 2 ; masker = unscrambled
    Trial 38, target stimulus: , KWs correct:  / possible: 0 (0 / 0: 0.0 %)
  Block 38 of 48 ended at 11:36:12; Condition: 2 ; masker = unscrambled

  Block 39 of 48 started at 11:36:12; Condition: 1 ; masker = scrambled
    Trial 39, target stimulus: , KWs correct:  / possible: 0 (0 / 0: 0.0 %)
  Block 39 of 48 ended at 11:36:25; Condition: 1 ; masker = scrambled

  Block 40 of 48 started at 11:36:25; Condition: 2 ; masker = unscrambled
    Trial 40, target stimulus: , KWs correct:  / possible: 0 (0 / 0: 0.0 %)
  Block 40 of 48 ended at 11:36:39; Condition: 2 ; masker = unscrambled

  Block 41 of 48 started at 11:36:39; Condition: 1 ; masker = scrambled
    Trial 41, target stimulus: , KWs correct:  / possible: 0 (0 / 0: 0.0 %)
  Block 41 of 48 ended at 11:36:52; Condition: 1 ; masker = scrambled

  Block 42 of 48 started at 11:36:52; Condition: 2 ; masker = unscrambled
    Trial 42, target stimulus: , KWs correct:  / possible: 0 (0 / 0: 0.0 %)
  Block 42 of 48 ended at 11:37:06; Condition: 2 ; masker = unscrambled

  Block 43 of 48 started at 11:37:06; Condition: 1 ; masker = scrambled
    Trial 43, target stimulus: , KWs correct:  / possible: 0 (0 / 0: 0.0 %)
  Block 43 of 48 ended at 11:37:19; Condition: 1 ; masker = scrambled

  Block 44 of 48 started at 11:37:19; Condition: 2 ; masker = unscrambled
    Trial 44, target stimulus: , KWs correct:  / possible: 0 (0 / 0: 0.0 %)
  Block 44 of 48 ended at 11:37:33; Condition: 2 ; masker = unscrambled

  Block 45 of 48 started at 11:37:33; Condition: 1 ; masker = scrambled
    Trial 45, target stimulus: , KWs correct:  / possible: 0 (0 / 0: 0.0 %)
  Block 45 of 48 ended at 11:37:46; Condition: 1 ; masker = scrambled

  Block 46 of 48 started at 11:37:46; Condition: 2 ; masker = unscrambled
    Trial 46, target stimulus: , KWs correct:  / possible: 0 (0 / 0: 0.0 %)
  Block 46 of 48 ended at 11:38:00; Condition: 2 ; masker = unscrambled

  Block 47 of 48 started at 11:38:00; Condition: 1 ; masker = scrambled
    Trial 47, target stimulus: , KWs correct:  / possible: 0 (0 / 0: 0.0 %)
  Block 47 of 48 ended at 11:38:13; Condition: 1 ; masker = scrambled

  Block 48 of 48 started at 11:38:13; Condition: 2 ; masker = unscrambled
    Trial 48, target stimulus: , KWs correct:  / possible: 0 (0 / 0: 0.0 %)
  Block 48 of 48 ended at 11:38:26; Condition: 2 ; masker = unscrambled

Experiment fNIRSandGerbils running subject longtest5 ended at 11:38:26 on 2023-05-10
