# -*- coding: utf-8 -*-

# A log file for Gustav


Experiment fNIRSandGerbils running subject bentest started at 10:53:01 on 2023-03-15

  Block 1 of 48 started at 10:53:12; Condition: 1 ; masker = scrambled
    Trial 1, target stimulus: , KWs correct:  / possible: 0 (0 / 0: 0.0 %)

Experiment fNIRSandGerbils running subject bentest started at 10:58:22 on 2023-03-15

  Block 1 of 48 started at 10:58:36; Condition: 1 ; masker = scrambled
    Trial 1, target stimulus: , KWs correct:  / possible: 0 (0 / 0: 0.0 %)
  Block 1 of 48 ended at 10:58:47; Condition: 1 ; masker = scrambled

  Block 2 of 48 started at 10:58:47; Condition: 2 ; masker = unscrambled
    Trial 2, target stimulus: , KWs correct:  / possible: 0 (0 / 0: 0.0 %)
  Block 2 of 48 ended at 10:58:58; Condition: 2 ; masker = unscrambled

  Block 3 of 48 started at 10:58:58; Condition: 1 ; masker = scrambled
    Trial 3, target stimulus: , KWs correct:  / possible: 0 (0 / 0: 0.0 %)
  Block 3 of 48 ended at 10:59:11; Condition: 1 ; masker = scrambled

  Block 4 of 48 started at 10:59:11; Condition: 2 ; masker = unscrambled
    Trial 4, target stimulus: , KWs correct:  / possible: 0 (0 / 0: 0.0 %)
  Block 4 of 48 ended at 10:59:21; Condition: 2 ; masker = unscrambled

  Block 5 of 48 started at 10:59:21; Condition: 1 ; masker = scrambled
    Trial 5, target stimulus: , KWs correct:  / possible: 0 (0 / 0: 0.0 %)
  Block 5 of 48 ended at 10:59:32; Condition: 1 ; masker = scrambled

  Block 6 of 48 started at 10:59:32; Condition: 2 ; masker = unscrambled

Experiment fNIRSandGerbils running subject bentest started at 11:12:03 on 2023-03-15

  Block 1 of 48 started at 11:12:30; Condition: 1 ; masker = scrambled
    Trial 1, target stimulus: , KWs correct:  / possible: 0 (0 / 0: 0.0 %)
  Block 1 of 48 ended at 11:12:43; Condition: 1 ; masker = scrambled

  Block 2 of 48 started at 11:12:43; Condition: 2 ; masker = unscrambled
    Trial 2, target stimulus: , KWs correct:  / possible: 0 (0 / 0: 0.0 %)
  Block 2 of 48 ended at 11:12:55; Condition: 2 ; masker = unscrambled

  Block 3 of 48 started at 11:12:55; Condition: 1 ; masker = scrambled
    Trial 3, target stimulus: , KWs correct:  / possible: 0 (0 / 0: 0.0 %)
  Block 3 of 48 ended at 11:13:04; Condition: 1 ; masker = scrambled

  Block 4 of 48 started at 11:13:04; Condition: 2 ; masker = unscrambled
    Trial 4, target stimulus: , KWs correct:  / possible: 0 (0 / 0: 0.0 %)
  Block 4 of 48 ended at 11:13:32; Condition: 2 ; masker = unscrambled

  Block 5 of 48 started at 11:13:32; Condition: 1 ; masker = scrambled
    Trial 5, target stimulus: , KWs correct:  / possible: 0 (0 / 0: 0.0 %)
  Block 5 of 48 ended at 11:13:45; Condition: 1 ; masker = scrambled

  Block 6 of 48 started at 11:13:45; Condition: 2 ; masker = unscrambled
    Trial 6, target stimulus: , KWs correct:  / possible: 0 (0 / 0: 0.0 %)
  Block 6 of 48 ended at 11:13:55; Condition: 2 ; masker = unscrambled

  Block 7 of 48 started at 11:13:55; Condition: 1 ; masker = scrambled
    Trial 7, target stimulus: , KWs correct:  / possible: 0 (0 / 0: 0.0 %)
  Block 7 of 48 ended at 11:14:05; Condition: 1 ; masker = scrambled

  Block 8 of 48 started at 11:14:05; Condition: 2 ; masker = unscrambled
    Trial 8, target stimulus: , KWs correct:  / possible: 0 (0 / 0: 0.0 %)
  Block 8 of 48 ended at 11:14:14; Condition: 2 ; masker = unscrambled

  Block 9 of 48 started at 11:14:14; Condition: 1 ; masker = scrambled
    Trial 9, target stimulus: , KWs correct:  / possible: 0 (0 / 0: 0.0 %)
  Block 9 of 48 ended at 11:14:25; Condition: 1 ; masker = scrambled

  Block 10 of 48 started at 11:14:25; Condition: 2 ; masker = unscrambled
    Trial 10, target stimulus: , KWs correct:  / possible: 0 (0 / 0: 0.0 %)
  Block 10 of 48 ended at 11:14:36; Condition: 2 ; masker = unscrambled

  Block 11 of 48 started at 11:14:36; Condition: 1 ; masker = scrambled
    Trial 11, target stimulus: , KWs correct:  / possible: 0 (0 / 0: 0.0 %)
  Block 11 of 48 ended at 11:14:46; Condition: 1 ; masker = scrambled

  Block 12 of 48 started at 11:14:46; Condition: 2 ; masker = unscrambled
    Trial 12, target stimulus: , KWs correct:  / possible: 0 (0 / 0: 0.0 %)
  Block 12 of 48 ended at 11:14:55; Condition: 2 ; masker = unscrambled

  Block 13 of 48 started at 11:14:55; Condition: 1 ; masker = scrambled
    Trial 13, target stimulus: , KWs correct:  / possible: 0 (0 / 0: 0.0 %)
  Block 13 of 48 ended at 11:15:05; Condition: 1 ; masker = scrambled

  Block 14 of 48 started at 11:15:05; Condition: 2 ; masker = unscrambled
    Trial 14, target stimulus: , KWs correct:  / possible: 0 (0 / 0: 0.0 %)
  Block 14 of 48 ended at 11:15:14; Condition: 2 ; masker = unscrambled

  Block 15 of 48 started at 11:15:14; Condition: 1 ; masker = scrambled
    Trial 15, target stimulus: , KWs correct:  / possible: 0 (0 / 0: 0.0 %)
  Block 15 of 48 ended at 11:15:24; Condition: 1 ; masker = scrambled

  Block 16 of 48 started at 11:15:24; Condition: 2 ; masker = unscrambled
    Trial 16, target stimulus: , KWs correct:  / possible: 0 (0 / 0: 0.0 %)
  Block 16 of 48 ended at 11:15:34; Condition: 2 ; masker = unscrambled

  Block 17 of 48 started at 11:15:34; Condition: 1 ; masker = scrambled
    Trial 17, target stimulus: , KWs correct:  / possible: 0 (0 / 0: 0.0 %)
  Block 17 of 48 ended at 11:15:45; Condition: 1 ; masker = scrambled

  Block 18 of 48 started at 11:15:45; Condition: 2 ; masker = unscrambled
    Trial 18, target stimulus: , KWs correct:  / possible: 0 (0 / 0: 0.0 %)
  Block 18 of 48 ended at 11:15:55; Condition: 2 ; masker = unscrambled

  Block 19 of 48 started at 11:15:55; Condition: 1 ; masker = scrambled
    Trial 19, target stimulus: , KWs correct:  / possible: 0 (0 / 0: 0.0 %)
  Block 19 of 48 ended at 11:16:04; Condition: 1 ; masker = scrambled

  Block 20 of 48 started at 11:16:04; Condition: 2 ; masker = unscrambled
    Trial 20, target stimulus: , KWs correct:  / possible: 0 (0 / 0: 0.0 %)
  Block 20 of 48 ended at 11:16:14; Condition: 2 ; masker = unscrambled

  Block 21 of 48 started at 11:16:14; Condition: 1 ; masker = scrambled
    Trial 21, target stimulus: , KWs correct:  / possible: 0 (0 / 0: 0.0 %)
  Block 21 of 48 ended at 11:16:23; Condition: 1 ; masker = scrambled

  Block 22 of 48 started at 11:16:23; Condition: 2 ; masker = unscrambled
    Trial 22, target stimulus: , KWs correct:  / possible: 0 (0 / 0: 0.0 %)
  Block 22 of 48 ended at 11:16:33; Condition: 2 ; masker = unscrambled

  Block 23 of 48 started at 11:16:33; Condition: 1 ; masker = scrambled
    Trial 23, target stimulus: , KWs correct:  / possible: 0 (0 / 0: 0.0 %)
  Block 23 of 48 ended at 11:16:42; Condition: 1 ; masker = scrambled

  Block 24 of 48 started at 11:16:42; Condition: 2 ; masker = unscrambled
    Trial 24, target stimulus: , KWs correct:  / possible: 0 (0 / 0: 0.0 %)
  Block 24 of 48 ended at 11:16:51; Condition: 2 ; masker = unscrambled

  Block 25 of 48 started at 11:16:51; Condition: 1 ; masker = scrambled
    Trial 25, target stimulus: , KWs correct:  / possible: 0 (0 / 0: 0.0 %)
  Block 25 of 48 ended at 11:17:01; Condition: 1 ; masker = scrambled

  Block 26 of 48 started at 11:17:01; Condition: 2 ; masker = unscrambled
    Trial 26, target stimulus: , KWs correct:  / possible: 0 (0 / 0: 0.0 %)
  Block 26 of 48 ended at 11:17:10; Condition: 2 ; masker = unscrambled

  Block 27 of 48 started at 11:17:10; Condition: 1 ; masker = scrambled
    Trial 27, target stimulus: , KWs correct:  / possible: 0 (0 / 0: 0.0 %)
  Block 27 of 48 ended at 11:17:19; Condition: 1 ; masker = scrambled

  Block 28 of 48 started at 11:17:19; Condition: 2 ; masker = unscrambled
    Trial 28, target stimulus: , KWs correct:  / possible: 0 (0 / 0: 0.0 %)
  Block 28 of 48 ended at 11:17:29; Condition: 2 ; masker = unscrambled

  Block 29 of 48 started at 11:17:29; Condition: 1 ; masker = scrambled
    Trial 29, target stimulus: , KWs correct:  / possible: 0 (0 / 0: 0.0 %)
  Block 29 of 48 ended at 11:17:40; Condition: 1 ; masker = scrambled

  Block 30 of 48 started at 11:17:40; Condition: 2 ; masker = unscrambled
    Trial 30, target stimulus: , KWs correct:  / possible: 0 (0 / 0: 0.0 %)
  Block 30 of 48 ended at 11:17:50; Condition: 2 ; masker = unscrambled

  Block 31 of 48 started at 11:17:50; Condition: 1 ; masker = scrambled
    Trial 31, target stimulus: , KWs correct:  / possible: 0 (0 / 0: 0.0 %)
  Block 31 of 48 ended at 11:17:59; Condition: 1 ; masker = scrambled

  Block 32 of 48 started at 11:17:59; Condition: 2 ; masker = unscrambled
    Trial 32, target stimulus: , KWs correct:  / possible: 0 (0 / 0: 0.0 %)
  Block 32 of 48 ended at 11:18:08; Condition: 2 ; masker = unscrambled

  Block 33 of 48 started at 11:18:08; Condition: 1 ; masker = scrambled
    Trial 33, target stimulus: , KWs correct:  / possible: 0 (0 / 0: 0.0 %)
  Block 33 of 48 ended at 11:18:18; Condition: 1 ; masker = scrambled

  Block 34 of 48 started at 11:18:18; Condition: 2 ; masker = unscrambled
    Trial 34, target stimulus: , KWs correct:  / possible: 0 (0 / 0: 0.0 %)
  Block 34 of 48 ended at 11:18:27; Condition: 2 ; masker = unscrambled

  Block 35 of 48 started at 11:18:27; Condition: 1 ; masker = scrambled
    Trial 35, target stimulus: , KWs correct:  / possible: 0 (0 / 0: 0.0 %)
  Block 35 of 48 ended at 11:18:37; Condition: 1 ; masker = scrambled

  Block 36 of 48 started at 11:18:37; Condition: 2 ; masker = unscrambled
    Trial 36, target stimulus: , KWs correct:  / possible: 0 (0 / 0: 0.0 %)
  Block 36 of 48 ended at 11:18:46; Condition: 2 ; masker = unscrambled

  Block 37 of 48 started at 11:18:46; Condition: 1 ; masker = scrambled
    Trial 37, target stimulus: , KWs correct:  / possible: 0 (0 / 0: 0.0 %)
  Block 37 of 48 ended at 11:18:56; Condition: 1 ; masker = scrambled

  Block 38 of 48 started at 11:18:56; Condition: 2 ; masker = unscrambled
    Trial 38, target stimulus: , KWs correct:  / possible: 0 (0 / 0: 0.0 %)
  Block 38 of 48 ended at 11:19:05; Condition: 2 ; masker = unscrambled

  Block 39 of 48 started at 11:19:05; Condition: 1 ; masker = scrambled
    Trial 39, target stimulus: , KWs correct:  / possible: 0 (0 / 0: 0.0 %)
  Block 39 of 48 ended at 11:19:17; Condition: 1 ; masker = scrambled

  Block 40 of 48 started at 11:19:17; Condition: 2 ; masker = unscrambled
    Trial 40, target stimulus: , KWs correct:  / possible: 0 (0 / 0: 0.0 %)
  Block 40 of 48 ended at 11:19:26; Condition: 2 ; masker = unscrambled

  Block 41 of 48 started at 11:19:26; Condition: 1 ; masker = scrambled
    Trial 41, target stimulus: , KWs correct:  / possible: 0 (0 / 0: 0.0 %)
  Block 41 of 48 ended at 11:19:38; Condition: 1 ; masker = scrambled

  Block 42 of 48 started at 11:19:38; Condition: 2 ; masker = unscrambled
    Trial 42, target stimulus: , KWs correct:  / possible: 0 (0 / 0: 0.0 %)
  Block 42 of 48 ended at 11:19:48; Condition: 2 ; masker = unscrambled

  Block 43 of 48 started at 11:19:48; Condition: 1 ; masker = scrambled
    Trial 43, target stimulus: , KWs correct:  / possible: 0 (0 / 0: 0.0 %)
  Block 43 of 48 ended at 11:19:58; Condition: 1 ; masker = scrambled

  Block 44 of 48 started at 11:19:58; Condition: 2 ; masker = unscrambled
    Trial 44, target stimulus: , KWs correct:  / possible: 0 (0 / 0: 0.0 %)
  Block 44 of 48 ended at 11:20:07; Condition: 2 ; masker = unscrambled

  Block 45 of 48 started at 11:20:07; Condition: 1 ; masker = scrambled
    Trial 45, target stimulus: , KWs correct:  / possible: 0 (0 / 0: 0.0 %)
  Block 45 of 48 ended at 11:20:16; Condition: 1 ; masker = scrambled

  Block 46 of 48 started at 11:20:16; Condition: 2 ; masker = unscrambled
    Trial 46, target stimulus: , KWs correct:  / possible: 0 (0 / 0: 0.0 %)
  Block 46 of 48 ended at 11:20:26; Condition: 2 ; masker = unscrambled

  Block 47 of 48 started at 11:20:26; Condition: 1 ; masker = scrambled
    Trial 47, target stimulus: , KWs correct:  / possible: 0 (0 / 0: 0.0 %)
  Block 47 of 48 ended at 11:20:36; Condition: 1 ; masker = scrambled

  Block 48 of 48 started at 11:20:36; Condition: 2 ; masker = unscrambled
    Trial 48, target stimulus: , KWs correct:  / possible: 0 (0 / 0: 0.0 %)
  Block 48 of 48 ended at 11:20:45; Condition: 2 ; masker = unscrambled

Experiment fNIRSandGerbils running subject bentest ended at 11:20:45 on 2023-03-15

Experiment fNIRSandGerbils running subject victoriatest started at 11:29:10 on 2023-03-15

  Block 1 of 48 started at 11:30:23; Condition: 1 ; masker = scrambled
    Trial 1, target stimulus: , KWs correct:  / possible: 0 (0 / 0: 0.0 %)
  Block 1 of 48 ended at 11:30:52; Condition: 1 ; masker = scrambled

  Block 2 of 48 started at 11:30:52; Condition: 2 ; masker = unscrambled
    Trial 2, target stimulus: , KWs correct:  / possible: 0 (0 / 0: 0.0 %)
  Block 2 of 48 ended at 11:31:02; Condition: 2 ; masker = unscrambled

  Block 3 of 48 started at 11:31:02; Condition: 1 ; masker = scrambled
    Trial 3, target stimulus: , KWs correct:  / possible: 0 (0 / 0: 0.0 %)
  Block 3 of 48 ended at 11:31:13; Condition: 1 ; masker = scrambled

  Block 4 of 48 started at 11:31:13; Condition: 2 ; masker = unscrambled
    Trial 4, target stimulus: , KWs correct:  / possible: 0 (0 / 0: 0.0 %)
  Block 4 of 48 ended at 11:31:22; Condition: 2 ; masker = unscrambled

  Block 5 of 48 started at 11:31:22; Condition: 1 ; masker = scrambled
    Trial 5, target stimulus: , KWs correct:  / possible: 0 (0 / 0: 0.0 %)
  Block 5 of 48 ended at 11:31:33; Condition: 1 ; masker = scrambled

  Block 6 of 48 started at 11:31:33; Condition: 2 ; masker = unscrambled
    Trial 6, target stimulus: , KWs correct:  / possible: 0 (0 / 0: 0.0 %)
  Block 6 of 48 ended at 11:32:00; Condition: 2 ; masker = unscrambled

  Block 7 of 48 started at 11:32:00; Condition: 1 ; masker = scrambled
    Trial 7, target stimulus: , KWs correct:  / possible: 0 (0 / 0: 0.0 %)
  Block 7 of 48 ended at 11:32:10; Condition: 1 ; masker = scrambled

  Block 8 of 48 started at 11:32:10; Condition: 2 ; masker = unscrambled
    Trial 8, target stimulus: , KWs correct:  / possible: 0 (0 / 0: 0.0 %)
  Block 8 of 48 ended at 11:32:21; Condition: 2 ; masker = unscrambled

  Block 9 of 48 started at 11:32:21; Condition: 1 ; masker = scrambled
    Trial 9, target stimulus: , KWs correct:  / possible: 0 (0 / 0: 0.0 %)
  Block 9 of 48 ended at 11:32:32; Condition: 1 ; masker = scrambled

  Block 10 of 48 started at 11:32:32; Condition: 2 ; masker = unscrambled
    Trial 10, target stimulus: , KWs correct:  / possible: 0 (0 / 0: 0.0 %)
  Block 10 of 48 ended at 11:32:45; Condition: 2 ; masker = unscrambled

  Block 11 of 48 started at 11:32:45; Condition: 1 ; masker = scrambled
    Trial 11, target stimulus: , KWs correct:  / possible: 0 (0 / 0: 0.0 %)
  Block 11 of 48 ended at 11:33:05; Condition: 1 ; masker = scrambled

  Block 12 of 48 started at 11:33:05; Condition: 2 ; masker = unscrambled
    Trial 12, target stimulus: , KWs correct:  / possible: 0 (0 / 0: 0.0 %)
  Block 12 of 48 ended at 11:33:14; Condition: 2 ; masker = unscrambled

  Block 13 of 48 started at 11:33:14; Condition: 1 ; masker = scrambled
    Trial 13, target stimulus: , KWs correct:  / possible: 0 (0 / 0: 0.0 %)
  Block 13 of 48 ended at 11:33:24; Condition: 1 ; masker = scrambled

  Block 14 of 48 started at 11:33:24; Condition: 2 ; masker = unscrambled
    Trial 14, target stimulus: , KWs correct:  / possible: 0 (0 / 0: 0.0 %)
  Block 14 of 48 ended at 11:33:34; Condition: 2 ; masker = unscrambled

  Block 15 of 48 started at 11:33:34; Condition: 1 ; masker = scrambled
    Trial 15, target stimulus: , KWs correct:  / possible: 0 (0 / 0: 0.0 %)
  Block 15 of 48 ended at 11:33:49; Condition: 1 ; masker = scrambled

  Block 16 of 48 started at 11:33:49; Condition: 2 ; masker = unscrambled
    Trial 16, target stimulus: , KWs correct:  / possible: 0 (0 / 0: 0.0 %)
  Block 16 of 48 ended at 11:33:59; Condition: 2 ; masker = unscrambled

  Block 17 of 48 started at 11:33:59; Condition: 1 ; masker = scrambled
    Trial 17, target stimulus: , KWs correct:  / possible: 0 (0 / 0: 0.0 %)
  Block 17 of 48 ended at 11:34:09; Condition: 1 ; masker = scrambled

  Block 18 of 48 started at 11:34:09; Condition: 2 ; masker = unscrambled
    Trial 18, target stimulus: , KWs correct:  / possible: 0 (0 / 0: 0.0 %)
  Block 18 of 48 ended at 11:34:18; Condition: 2 ; masker = unscrambled

  Block 19 of 48 started at 11:34:18; Condition: 1 ; masker = scrambled
    Trial 19, target stimulus: , KWs correct:  / possible: 0 (0 / 0: 0.0 %)
  Block 19 of 48 ended at 11:34:28; Condition: 1 ; masker = scrambled

  Block 20 of 48 started at 11:34:28; Condition: 2 ; masker = unscrambled
    Trial 20, target stimulus: , KWs correct:  / possible: 0 (0 / 0: 0.0 %)
  Block 20 of 48 ended at 11:34:37; Condition: 2 ; masker = unscrambled

  Block 21 of 48 started at 11:34:37; Condition: 1 ; masker = scrambled
    Trial 21, target stimulus: , KWs correct:  / possible: 0 (0 / 0: 0.0 %)
  Block 21 of 48 ended at 11:34:47; Condition: 1 ; masker = scrambled

  Block 22 of 48 started at 11:34:47; Condition: 2 ; masker = unscrambled
    Trial 22, target stimulus: , KWs correct:  / possible: 0 (0 / 0: 0.0 %)
  Block 22 of 48 ended at 11:34:57; Condition: 2 ; masker = unscrambled

  Block 23 of 48 started at 11:34:57; Condition: 1 ; masker = scrambled
    Trial 23, target stimulus: , KWs correct:  / possible: 0 (0 / 0: 0.0 %)
  Block 23 of 48 ended at 11:35:06; Condition: 1 ; masker = scrambled

  Block 24 of 48 started at 11:35:06; Condition: 2 ; masker = unscrambled
    Trial 24, target stimulus: , KWs correct:  / possible: 0 (0 / 0: 0.0 %)
  Block 24 of 48 ended at 11:35:16; Condition: 2 ; masker = unscrambled

  Block 25 of 48 started at 11:35:16; Condition: 1 ; masker = scrambled
    Trial 25, target stimulus: , KWs correct:  / possible: 0 (0 / 0: 0.0 %)
  Block 25 of 48 ended at 11:35:26; Condition: 1 ; masker = scrambled

  Block 26 of 48 started at 11:35:26; Condition: 2 ; masker = unscrambled
    Trial 26, target stimulus: , KWs correct:  / possible: 0 (0 / 0: 0.0 %)
  Block 26 of 48 ended at 11:35:36; Condition: 2 ; masker = unscrambled

  Block 27 of 48 started at 11:35:36; Condition: 1 ; masker = scrambled
    Trial 27, target stimulus: , KWs correct:  / possible: 0 (0 / 0: 0.0 %)
  Block 27 of 48 ended at 11:36:08; Condition: 1 ; masker = scrambled

  Block 28 of 48 started at 11:36:08; Condition: 2 ; masker = unscrambled
    Trial 28, target stimulus: , KWs correct:  / possible: 0 (0 / 0: 0.0 %)
  Block 28 of 48 ended at 11:36:18; Condition: 2 ; masker = unscrambled

  Block 29 of 48 started at 11:36:18; Condition: 1 ; masker = scrambled
    Trial 29, target stimulus: , KWs correct:  / possible: 0 (0 / 0: 0.0 %)
  Block 29 of 48 ended at 11:36:28; Condition: 1 ; masker = scrambled

  Block 30 of 48 started at 11:36:28; Condition: 2 ; masker = unscrambled
    Trial 30, target stimulus: , KWs correct:  / possible: 0 (0 / 0: 0.0 %)
  Block 30 of 48 ended at 11:36:38; Condition: 2 ; masker = unscrambled

  Block 31 of 48 started at 11:36:38; Condition: 1 ; masker = scrambled
    Trial 31, target stimulus: , KWs correct:  / possible: 0 (0 / 0: 0.0 %)
  Block 31 of 48 ended at 11:36:47; Condition: 1 ; masker = scrambled

  Block 32 of 48 started at 11:36:47; Condition: 2 ; masker = unscrambled
    Trial 32, target stimulus: , KWs correct:  / possible: 0 (0 / 0: 0.0 %)
  Block 32 of 48 ended at 11:36:58; Condition: 2 ; masker = unscrambled

  Block 33 of 48 started at 11:36:58; Condition: 1 ; masker = scrambled
    Trial 33, target stimulus: , KWs correct:  / possible: 0 (0 / 0: 0.0 %)
  Block 33 of 48 ended at 11:37:08; Condition: 1 ; masker = scrambled

  Block 34 of 48 started at 11:37:08; Condition: 2 ; masker = unscrambled
    Trial 34, target stimulus: , KWs correct:  / possible: 0 (0 / 0: 0.0 %)
  Block 34 of 48 ended at 11:37:17; Condition: 2 ; masker = unscrambled

  Block 35 of 48 started at 11:37:17; Condition: 1 ; masker = scrambled
    Trial 35, target stimulus: , KWs correct:  / possible: 0 (0 / 0: 0.0 %)
  Block 35 of 48 ended at 11:37:27; Condition: 1 ; masker = scrambled

  Block 36 of 48 started at 11:37:27; Condition: 2 ; masker = unscrambled
    Trial 36, target stimulus: , KWs correct:  / possible: 0 (0 / 0: 0.0 %)
  Block 36 of 48 ended at 11:37:37; Condition: 2 ; masker = unscrambled

  Block 37 of 48 started at 11:37:37; Condition: 1 ; masker = scrambled
    Trial 37, target stimulus: , KWs correct:  / possible: 0 (0 / 0: 0.0 %)
  Block 37 of 48 ended at 11:37:46; Condition: 1 ; masker = scrambled

  Block 38 of 48 started at 11:37:46; Condition: 2 ; masker = unscrambled
    Trial 38, target stimulus: , KWs correct:  / possible: 0 (0 / 0: 0.0 %)
  Block 38 of 48 ended at 11:37:56; Condition: 2 ; masker = unscrambled

  Block 39 of 48 started at 11:37:56; Condition: 1 ; masker = scrambled
    Trial 39, target stimulus: , KWs correct:  / possible: 0 (0 / 0: 0.0 %)
  Block 39 of 48 ended at 11:38:06; Condition: 1 ; masker = scrambled

  Block 40 of 48 started at 11:38:06; Condition: 2 ; masker = unscrambled
    Trial 40, target stimulus: , KWs correct:  / possible: 0 (0 / 0: 0.0 %)
  Block 40 of 48 ended at 11:38:16; Condition: 2 ; masker = unscrambled

  Block 41 of 48 started at 11:38:16; Condition: 1 ; masker = scrambled
    Trial 41, target stimulus: , KWs correct:  / possible: 0 (0 / 0: 0.0 %)
  Block 41 of 48 ended at 11:38:25; Condition: 1 ; masker = scrambled

  Block 42 of 48 started at 11:38:25; Condition: 2 ; masker = unscrambled
    Trial 42, target stimulus: , KWs correct:  / possible: 0 (0 / 0: 0.0 %)
  Block 42 of 48 ended at 11:38:35; Condition: 2 ; masker = unscrambled

  Block 43 of 48 started at 11:38:35; Condition: 1 ; masker = scrambled
    Trial 43, target stimulus: , KWs correct:  / possible: 0 (0 / 0: 0.0 %)
  Block 43 of 48 ended at 11:38:44; Condition: 1 ; masker = scrambled

  Block 44 of 48 started at 11:38:44; Condition: 2 ; masker = unscrambled
    Trial 44, target stimulus: , KWs correct:  / possible: 0 (0 / 0: 0.0 %)
  Block 44 of 48 ended at 11:38:54; Condition: 2 ; masker = unscrambled

  Block 45 of 48 started at 11:38:54; Condition: 1 ; masker = scrambled
    Trial 45, target stimulus: , KWs correct:  / possible: 0 (0 / 0: 0.0 %)
  Block 45 of 48 ended at 11:39:04; Condition: 1 ; masker = scrambled

  Block 46 of 48 started at 11:39:04; Condition: 2 ; masker = unscrambled
    Trial 46, target stimulus: , KWs correct:  / possible: 0 (0 / 0: 0.0 %)
  Block 46 of 48 ended at 11:39:14; Condition: 2 ; masker = unscrambled

  Block 47 of 48 started at 11:39:14; Condition: 1 ; masker = scrambled
    Trial 47, target stimulus: , KWs correct:  / possible: 0 (0 / 0: 0.0 %)
  Block 47 of 48 ended at 11:39:24; Condition: 1 ; masker = scrambled

  Block 48 of 48 started at 11:39:24; Condition: 2 ; masker = unscrambled
    Trial 48, target stimulus: , KWs correct:  / possible: 0 (0 / 0: 0.0 %)
  Block 48 of 48 ended at 11:39:35; Condition: 2 ; masker = unscrambled

Experiment fNIRSandGerbils running subject victoriatest ended at 11:39:35 on 2023-03-15
