# -*- coding: utf-8 -*-

# A log file for Gustav


Experiment fNIRSandGerbils running subject test114 started at 09:34:49 on 2025-01-14

  Block 1 of 144 started at 09:34:52; Condition: 1 ; masker = scrambled_diff_talker

Experiment fNIRSandGerbils running subject test114 started at 09:35:39 on 2025-01-14

  Block 1 of 144 started at 09:35:43; Condition: 1 ; masker = scrambled_diff_talker

Experiment fNIRSandGerbils running subject test114 started at 09:36:19 on 2025-01-14

  Block 1 of 144 started at 09:36:22; Condition: 1 ; masker = scrambled_diff_talker
    Trial 1, target stimulus: , KWs correct:  / possible: 0 (0 / 0: 0.0 %)
  Block 1 of 144 ended at 09:36:43; Condition: 1 ; masker = scrambled_diff_talker

  Block 2 of 144 started at 09:36:43; Condition: 2 ; masker = scrambled_same_talker

Experiment fNIRSandGerbils running subject test114 started at 09:38:50 on 2025-01-14

  Block 1 of 144 started at 09:38:53; Condition: 1 ; masker = scrambled_diff_talker
    Trial 1, target stimulus: , KWs correct:  / possible: 0 (0 / 0: 0.0 %)
  Block 1 of 144 ended at 09:39:13; Condition: 1 ; masker = scrambled_diff_talker

  Block 2 of 144 started at 09:39:13; Condition: 2 ; masker = scrambled_same_talker

Experiment fNIRSandGerbils running subject test114 started at 09:42:05 on 2025-01-14

  Block 1 of 144 started at 09:42:08; Condition: 1 ; masker = scrambled_diff_talker
    Trial 1, target stimulus: , KWs correct:  / possible: 0 (0 / 0: 0.0 %)
  Block 1 of 144 ended at 09:42:28; Condition: 1 ; masker = scrambled_diff_talker

  Block 2 of 144 started at 09:42:28; Condition: 2 ; masker = scrambled_same_talker

Experiment fNIRSandGerbils running subject test114 started at 09:43:16 on 2025-01-14

  Block 1 of 144 started at 09:43:19; Condition: 1 ; masker = scrambled_diff_talker

Experiment fNIRSandGerbils running subject test114 started at 09:44:23 on 2025-01-14

  Block 1 of 144 started at 09:44:26; Condition: 1 ; masker = scrambled_diff_talker
    Trial 1, target stimulus: , KWs correct:  / possible: 0 (0 / 0: 0.0 %)
  Block 1 of 144 ended at 09:44:46; Condition: 1 ; masker = scrambled_diff_talker

  Block 2 of 144 started at 09:44:46; Condition: 2 ; masker = scrambled_same_talker
