# -*- coding: utf-8 -*-

# A log file for Gustav


Experiment fNIRSandGerbils running subject emayatest started at 16:19:52 on 2023-03-28

  Block 1 of 48 started at 16:20:10; Condition: 1 ; masker = scrambled
    Trial 1, target stimulus: , KWs correct:  / possible: 0 (0 / 0: 0.0 %)
  Block 1 of 48 ended at 16:20:26; Condition: 1 ; masker = scrambled

  Block 2 of 48 started at 16:20:26; Condition: 2 ; masker = unscrambled
    Trial 2, target stimulus: , KWs correct:  / possible: 0 (0 / 0: 0.0 %)
  Block 2 of 48 ended at 16:20:55; Condition: 2 ; masker = unscrambled

  Block 3 of 48 started at 16:20:55; Condition: 1 ; masker = scrambled
    Trial 3, target stimulus: , KWs correct:  / possible: 0 (0 / 0: 0.0 %)
  Block 3 of 48 ended at 16:21:19; Condition: 1 ; masker = scrambled

  Block 4 of 48 started at 16:21:19; Condition: 2 ; masker = unscrambled
    Trial 4, target stimulus: , KWs correct:  / possible: 0 (0 / 0: 0.0 %)
  Block 4 of 48 ended at 16:21:29; Condition: 2 ; masker = unscrambled

  Block 5 of 48 started at 16:21:29; Condition: 1 ; masker = scrambled
    Trial 5, target stimulus: , KWs correct:  / possible: 0 (0 / 0: 0.0 %)
  Block 5 of 48 ended at 16:21:39; Condition: 1 ; masker = scrambled

  Block 6 of 48 started at 16:21:39; Condition: 2 ; masker = unscrambled
    Trial 6, target stimulus: , KWs correct:  / possible: 0 (0 / 0: 0.0 %)
  Block 6 of 48 ended at 16:22:06; Condition: 2 ; masker = unscrambled

  Block 7 of 48 started at 16:22:06; Condition: 1 ; masker = scrambled
    Trial 7, target stimulus: , KWs correct:  / possible: 0 (0 / 0: 0.0 %)
  Block 7 of 48 ended at 16:22:18; Condition: 1 ; masker = scrambled

  Block 8 of 48 started at 16:22:18; Condition: 2 ; masker = unscrambled
    Trial 8, target stimulus: , KWs correct:  / possible: 0 (0 / 0: 0.0 %)
  Block 8 of 48 ended at 16:22:28; Condition: 2 ; masker = unscrambled

  Block 9 of 48 started at 16:22:28; Condition: 1 ; masker = scrambled
    Trial 9, target stimulus: , KWs correct:  / possible: 0 (0 / 0: 0.0 %)
  Block 9 of 48 ended at 16:22:58; Condition: 1 ; masker = scrambled

  Block 10 of 48 started at 16:22:58; Condition: 2 ; masker = unscrambled
    Trial 10, target stimulus: , KWs correct:  / possible: 0 (0 / 0: 0.0 %)
  Block 10 of 48 ended at 16:23:07; Condition: 2 ; masker = unscrambled

  Block 11 of 48 started at 16:23:07; Condition: 1 ; masker = scrambled
    Trial 11, target stimulus: , KWs correct:  / possible: 0 (0 / 0: 0.0 %)
  Block 11 of 48 ended at 16:23:17; Condition: 1 ; masker = scrambled

  Block 12 of 48 started at 16:23:17; Condition: 2 ; masker = unscrambled
    Trial 12, target stimulus: , KWs correct:  / possible: 0 (0 / 0: 0.0 %)
  Block 12 of 48 ended at 16:23:26; Condition: 2 ; masker = unscrambled

  Block 13 of 48 started at 16:23:26; Condition: 1 ; masker = scrambled
    Trial 13, target stimulus: , KWs correct:  / possible: 0 (0 / 0: 0.0 %)
  Block 13 of 48 ended at 16:23:51; Condition: 1 ; masker = scrambled

  Block 14 of 48 started at 16:23:51; Condition: 2 ; masker = unscrambled
    Trial 14, target stimulus: , KWs correct:  / possible: 0 (0 / 0: 0.0 %)
  Block 14 of 48 ended at 16:24:01; Condition: 2 ; masker = unscrambled

  Block 15 of 48 started at 16:24:01; Condition: 1 ; masker = scrambled
    Trial 15, target stimulus: , KWs correct:  / possible: 0 (0 / 0: 0.0 %)
  Block 15 of 48 ended at 16:24:14; Condition: 1 ; masker = scrambled

  Block 16 of 48 started at 16:24:14; Condition: 2 ; masker = unscrambled
    Trial 16, target stimulus: , KWs correct:  / possible: 0 (0 / 0: 0.0 %)
  Block 16 of 48 ended at 16:24:23; Condition: 2 ; masker = unscrambled

  Block 17 of 48 started at 16:24:23; Condition: 1 ; masker = scrambled
    Trial 17, target stimulus: , KWs correct:  / possible: 0 (0 / 0: 0.0 %)
  Block 17 of 48 ended at 16:24:33; Condition: 1 ; masker = scrambled

  Block 18 of 48 started at 16:24:33; Condition: 2 ; masker = unscrambled
    Trial 18, target stimulus: , KWs correct:  / possible: 0 (0 / 0: 0.0 %)
  Block 18 of 48 ended at 16:24:43; Condition: 2 ; masker = unscrambled

  Block 19 of 48 started at 16:24:43; Condition: 1 ; masker = scrambled
    Trial 19, target stimulus: , KWs correct:  / possible: 0 (0 / 0: 0.0 %)
  Block 19 of 48 ended at 16:24:52; Condition: 1 ; masker = scrambled

  Block 20 of 48 started at 16:24:52; Condition: 2 ; masker = unscrambled
    Trial 20, target stimulus: , KWs correct:  / possible: 0 (0 / 0: 0.0 %)
  Block 20 of 48 ended at 16:25:04; Condition: 2 ; masker = unscrambled

  Block 21 of 48 started at 16:25:04; Condition: 1 ; masker = scrambled
    Trial 21, target stimulus: , KWs correct:  / possible: 0 (0 / 0: 0.0 %)
  Block 21 of 48 ended at 16:25:14; Condition: 1 ; masker = scrambled

  Block 22 of 48 started at 16:25:14; Condition: 2 ; masker = unscrambled
    Trial 22, target stimulus: , KWs correct:  / possible: 0 (0 / 0: 0.0 %)
  Block 22 of 48 ended at 16:25:23; Condition: 2 ; masker = unscrambled

  Block 23 of 48 started at 16:25:23; Condition: 1 ; masker = scrambled
    Trial 23, target stimulus: , KWs correct:  / possible: 0 (0 / 0: 0.0 %)
  Block 23 of 48 ended at 16:25:33; Condition: 1 ; masker = scrambled

  Block 24 of 48 started at 16:25:33; Condition: 2 ; masker = unscrambled
    Trial 24, target stimulus: , KWs correct:  / possible: 0 (0 / 0: 0.0 %)
  Block 24 of 48 ended at 16:25:42; Condition: 2 ; masker = unscrambled

  Block 25 of 48 started at 16:25:42; Condition: 1 ; masker = scrambled
    Trial 25, target stimulus: , KWs correct:  / possible: 0 (0 / 0: 0.0 %)
  Block 25 of 48 ended at 16:25:52; Condition: 1 ; masker = scrambled

  Block 26 of 48 started at 16:25:52; Condition: 2 ; masker = unscrambled
    Trial 26, target stimulus: , KWs correct:  / possible: 0 (0 / 0: 0.0 %)
  Block 26 of 48 ended at 16:26:03; Condition: 2 ; masker = unscrambled

  Block 27 of 48 started at 16:26:03; Condition: 1 ; masker = scrambled
    Trial 27, target stimulus: , KWs correct:  / possible: 0 (0 / 0: 0.0 %)
  Block 27 of 48 ended at 16:26:22; Condition: 1 ; masker = scrambled

  Block 28 of 48 started at 16:26:22; Condition: 2 ; masker = unscrambled
    Trial 28, target stimulus: , KWs correct:  / possible: 0 (0 / 0: 0.0 %)
  Block 28 of 48 ended at 16:26:36; Condition: 2 ; masker = unscrambled

  Block 29 of 48 started at 16:26:36; Condition: 1 ; masker = scrambled
    Trial 29, target stimulus: , KWs correct:  / possible: 0 (0 / 0: 0.0 %)
  Block 29 of 48 ended at 16:26:46; Condition: 1 ; masker = scrambled

  Block 30 of 48 started at 16:26:46; Condition: 2 ; masker = unscrambled
    Trial 30, target stimulus: , KWs correct:  / possible: 0 (0 / 0: 0.0 %)
  Block 30 of 48 ended at 16:26:57; Condition: 2 ; masker = unscrambled

  Block 31 of 48 started at 16:26:57; Condition: 1 ; masker = scrambled
    Trial 31, target stimulus: , KWs correct:  / possible: 0 (0 / 0: 0.0 %)
  Block 31 of 48 ended at 16:27:07; Condition: 1 ; masker = scrambled

  Block 32 of 48 started at 16:27:07; Condition: 2 ; masker = unscrambled
    Trial 32, target stimulus: , KWs correct:  / possible: 0 (0 / 0: 0.0 %)
  Block 32 of 48 ended at 16:27:17; Condition: 2 ; masker = unscrambled

  Block 33 of 48 started at 16:27:17; Condition: 1 ; masker = scrambled
    Trial 33, target stimulus: , KWs correct:  / possible: 0 (0 / 0: 0.0 %)
  Block 33 of 48 ended at 16:27:26; Condition: 1 ; masker = scrambled

  Block 34 of 48 started at 16:27:26; Condition: 2 ; masker = unscrambled
    Trial 34, target stimulus: , KWs correct:  / possible: 0 (0 / 0: 0.0 %)
  Block 34 of 48 ended at 16:27:36; Condition: 2 ; masker = unscrambled

  Block 35 of 48 started at 16:27:36; Condition: 1 ; masker = scrambled
    Trial 35, target stimulus: , KWs correct:  / possible: 0 (0 / 0: 0.0 %)
  Block 35 of 48 ended at 16:27:46; Condition: 1 ; masker = scrambled

  Block 36 of 48 started at 16:27:46; Condition: 2 ; masker = unscrambled
    Trial 36, target stimulus: , KWs correct:  / possible: 0 (0 / 0: 0.0 %)
  Block 36 of 48 ended at 16:27:56; Condition: 2 ; masker = unscrambled

  Block 37 of 48 started at 16:27:56; Condition: 1 ; masker = scrambled
    Trial 37, target stimulus: , KWs correct:  / possible: 0 (0 / 0: 0.0 %)
  Block 37 of 48 ended at 16:30:02; Condition: 1 ; masker = scrambled

  Block 38 of 48 started at 16:30:02; Condition: 2 ; masker = unscrambled
    Trial 38, target stimulus: , KWs correct:  / possible: 0 (0 / 0: 0.0 %)
  Block 38 of 48 ended at 16:30:12; Condition: 2 ; masker = unscrambled

  Block 39 of 48 started at 16:30:12; Condition: 1 ; masker = scrambled
    Trial 39, target stimulus: , KWs correct:  / possible: 0 (0 / 0: 0.0 %)
  Block 39 of 48 ended at 16:30:22; Condition: 1 ; masker = scrambled

  Block 40 of 48 started at 16:30:22; Condition: 2 ; masker = unscrambled
    Trial 40, target stimulus: , KWs correct:  / possible: 0 (0 / 0: 0.0 %)
  Block 40 of 48 ended at 16:30:32; Condition: 2 ; masker = unscrambled

  Block 41 of 48 started at 16:30:32; Condition: 1 ; masker = scrambled
    Trial 41, target stimulus: , KWs correct:  / possible: 0 (0 / 0: 0.0 %)
  Block 41 of 48 ended at 16:30:41; Condition: 1 ; masker = scrambled

  Block 42 of 48 started at 16:30:41; Condition: 2 ; masker = unscrambled
    Trial 42, target stimulus: , KWs correct:  / possible: 0 (0 / 0: 0.0 %)
  Block 42 of 48 ended at 16:30:51; Condition: 2 ; masker = unscrambled

  Block 43 of 48 started at 16:30:51; Condition: 1 ; masker = scrambled
    Trial 43, target stimulus: , KWs correct:  / possible: 0 (0 / 0: 0.0 %)
  Block 43 of 48 ended at 16:31:00; Condition: 1 ; masker = scrambled

  Block 44 of 48 started at 16:31:00; Condition: 2 ; masker = unscrambled
    Trial 44, target stimulus: , KWs correct:  / possible: 0 (0 / 0: 0.0 %)
  Block 44 of 48 ended at 16:31:10; Condition: 2 ; masker = unscrambled

  Block 45 of 48 started at 16:31:10; Condition: 1 ; masker = scrambled
    Trial 45, target stimulus: , KWs correct:  / possible: 0 (0 / 0: 0.0 %)
  Block 45 of 48 ended at 16:31:20; Condition: 1 ; masker = scrambled

  Block 46 of 48 started at 16:31:20; Condition: 2 ; masker = unscrambled
    Trial 46, target stimulus: , KWs correct:  / possible: 0 (0 / 0: 0.0 %)
  Block 46 of 48 ended at 16:31:29; Condition: 2 ; masker = unscrambled

  Block 47 of 48 started at 16:31:29; Condition: 1 ; masker = scrambled
    Trial 47, target stimulus: , KWs correct:  / possible: 0 (0 / 0: 0.0 %)
  Block 47 of 48 ended at 16:31:39; Condition: 1 ; masker = scrambled

  Block 48 of 48 started at 16:31:39; Condition: 2 ; masker = unscrambled
    Trial 48, target stimulus: , KWs correct:  / possible: 0 (0 / 0: 0.0 %)
  Block 48 of 48 ended at 16:31:48; Condition: 2 ; masker = unscrambled

Experiment fNIRSandGerbils running subject emayatest ended at 16:31:48 on 2023-03-28

Experiment fNIRSandGerbils running subject emayatest started at 16:52:43 on 2023-03-28

  Block 1 of 48 started at 16:52:50; Condition: 1 ; masker = scrambled
    Trial 1, target stimulus: , KWs correct:  / possible: 0 (0 / 0: 0.0 %)
  Block 1 of 48 ended at 16:53:00; Condition: 1 ; masker = scrambled

  Block 2 of 48 started at 16:53:00; Condition: 2 ; masker = unscrambled
    Trial 2, target stimulus: , KWs correct:  / possible: 0 (0 / 0: 0.0 %)
  Block 2 of 48 ended at 16:53:10; Condition: 2 ; masker = unscrambled

  Block 3 of 48 started at 16:53:10; Condition: 1 ; masker = scrambled
    Trial 3, target stimulus: , KWs correct:  / possible: 0 (0 / 0: 0.0 %)
  Block 3 of 48 ended at 16:53:19; Condition: 1 ; masker = scrambled

  Block 4 of 48 started at 16:53:19; Condition: 2 ; masker = unscrambled
    Trial 4, target stimulus: , KWs correct:  / possible: 0 (0 / 0: 0.0 %)
  Block 4 of 48 ended at 16:53:48; Condition: 2 ; masker = unscrambled

  Block 5 of 48 started at 16:53:48; Condition: 1 ; masker = scrambled
    Trial 5, target stimulus: , KWs correct:  / possible: 0 (0 / 0: 0.0 %)
  Block 5 of 48 ended at 16:53:58; Condition: 1 ; masker = scrambled

  Block 6 of 48 started at 16:53:58; Condition: 2 ; masker = unscrambled
    Trial 6, target stimulus: , KWs correct:  / possible: 0 (0 / 0: 0.0 %)
  Block 6 of 48 ended at 16:54:08; Condition: 2 ; masker = unscrambled

  Block 7 of 48 started at 16:54:08; Condition: 1 ; masker = scrambled
    Trial 7, target stimulus: , KWs correct:  / possible: 0 (0 / 0: 0.0 %)
  Block 7 of 48 ended at 16:54:18; Condition: 1 ; masker = scrambled

  Block 8 of 48 started at 16:54:18; Condition: 2 ; masker = unscrambled
    Trial 8, target stimulus: , KWs correct:  / possible: 0 (0 / 0: 0.0 %)
  Block 8 of 48 ended at 16:54:28; Condition: 2 ; masker = unscrambled

  Block 9 of 48 started at 16:54:28; Condition: 1 ; masker = scrambled
    Trial 9, target stimulus: , KWs correct:  / possible: 0 (0 / 0: 0.0 %)
  Block 9 of 48 ended at 16:54:39; Condition: 1 ; masker = scrambled

  Block 10 of 48 started at 16:54:39; Condition: 2 ; masker = unscrambled
    Trial 10, target stimulus: , KWs correct:  / possible: 0 (0 / 0: 0.0 %)
  Block 10 of 48 ended at 16:55:00; Condition: 2 ; masker = unscrambled

  Block 11 of 48 started at 16:55:00; Condition: 1 ; masker = scrambled
    Trial 11, target stimulus: , KWs correct:  / possible: 0 (0 / 0: 0.0 %)
  Block 11 of 48 ended at 16:55:10; Condition: 1 ; masker = scrambled

  Block 12 of 48 started at 16:55:10; Condition: 2 ; masker = unscrambled
    Trial 12, target stimulus: , KWs correct:  / possible: 0 (0 / 0: 0.0 %)
  Block 12 of 48 ended at 16:55:20; Condition: 2 ; masker = unscrambled

  Block 13 of 48 started at 16:55:20; Condition: 1 ; masker = scrambled
    Trial 13, target stimulus: , KWs correct:  / possible: 0 (0 / 0: 0.0 %)
  Block 13 of 48 ended at 16:55:30; Condition: 1 ; masker = scrambled

  Block 14 of 48 started at 16:55:30; Condition: 2 ; masker = unscrambled
    Trial 14, target stimulus: , KWs correct:  / possible: 0 (0 / 0: 0.0 %)
  Block 14 of 48 ended at 16:55:39; Condition: 2 ; masker = unscrambled

  Block 15 of 48 started at 16:55:39; Condition: 1 ; masker = scrambled
    Trial 15, target stimulus: , KWs correct:  / possible: 0 (0 / 0: 0.0 %)
  Block 15 of 48 ended at 16:55:48; Condition: 1 ; masker = scrambled

  Block 16 of 48 started at 16:55:48; Condition: 2 ; masker = unscrambled
    Trial 16, target stimulus: , KWs correct:  / possible: 0 (0 / 0: 0.0 %)
  Block 16 of 48 ended at 16:55:58; Condition: 2 ; masker = unscrambled

  Block 17 of 48 started at 16:55:58; Condition: 1 ; masker = scrambled
    Trial 17, target stimulus: , KWs correct:  / possible: 0 (0 / 0: 0.0 %)
  Block 17 of 48 ended at 16:56:07; Condition: 1 ; masker = scrambled

  Block 18 of 48 started at 16:56:07; Condition: 2 ; masker = unscrambled
    Trial 18, target stimulus: , KWs correct:  / possible: 0 (0 / 0: 0.0 %)
  Block 18 of 48 ended at 16:56:16; Condition: 2 ; masker = unscrambled

  Block 19 of 48 started at 16:56:16; Condition: 1 ; masker = scrambled
    Trial 19, target stimulus: , KWs correct:  / possible: 0 (0 / 0: 0.0 %)
  Block 19 of 48 ended at 16:56:27; Condition: 1 ; masker = scrambled

  Block 20 of 48 started at 16:56:27; Condition: 2 ; masker = unscrambled
    Trial 20, target stimulus: , KWs correct:  / possible: 0 (0 / 0: 0.0 %)
  Block 20 of 48 ended at 16:56:36; Condition: 2 ; masker = unscrambled

  Block 21 of 48 started at 16:56:36; Condition: 1 ; masker = scrambled
    Trial 21, target stimulus: , KWs correct:  / possible: 0 (0 / 0: 0.0 %)
  Block 21 of 48 ended at 16:56:48; Condition: 1 ; masker = scrambled

  Block 22 of 48 started at 16:56:48; Condition: 2 ; masker = unscrambled
    Trial 22, target stimulus: , KWs correct:  / possible: 0 (0 / 0: 0.0 %)
  Block 22 of 48 ended at 16:56:58; Condition: 2 ; masker = unscrambled

  Block 23 of 48 started at 16:56:58; Condition: 1 ; masker = scrambled
    Trial 23, target stimulus: , KWs correct:  / possible: 0 (0 / 0: 0.0 %)
  Block 23 of 48 ended at 16:57:07; Condition: 1 ; masker = scrambled

  Block 24 of 48 started at 16:57:07; Condition: 2 ; masker = unscrambled
    Trial 24, target stimulus: , KWs correct:  / possible: 0 (0 / 0: 0.0 %)
  Block 24 of 48 ended at 16:57:16; Condition: 2 ; masker = unscrambled

  Block 25 of 48 started at 16:57:16; Condition: 1 ; masker = scrambled
    Trial 25, target stimulus: , KWs correct:  / possible: 0 (0 / 0: 0.0 %)
  Block 25 of 48 ended at 16:57:26; Condition: 1 ; masker = scrambled

  Block 26 of 48 started at 16:57:26; Condition: 2 ; masker = unscrambled
    Trial 26, target stimulus: , KWs correct:  / possible: 0 (0 / 0: 0.0 %)
  Block 26 of 48 ended at 16:57:36; Condition: 2 ; masker = unscrambled

  Block 27 of 48 started at 16:57:36; Condition: 1 ; masker = scrambled
    Trial 27, target stimulus: , KWs correct:  / possible: 0 (0 / 0: 0.0 %)
  Block 27 of 48 ended at 16:57:45; Condition: 1 ; masker = scrambled

  Block 28 of 48 started at 16:57:45; Condition: 2 ; masker = unscrambled
    Trial 28, target stimulus: , KWs correct:  / possible: 0 (0 / 0: 0.0 %)
  Block 28 of 48 ended at 16:57:54; Condition: 2 ; masker = unscrambled

  Block 29 of 48 started at 16:57:54; Condition: 1 ; masker = scrambled
    Trial 29, target stimulus: , KWs correct:  / possible: 0 (0 / 0: 0.0 %)
  Block 29 of 48 ended at 16:58:03; Condition: 1 ; masker = scrambled

  Block 30 of 48 started at 16:58:03; Condition: 2 ; masker = unscrambled
    Trial 30, target stimulus: , KWs correct:  / possible: 0 (0 / 0: 0.0 %)
  Block 30 of 48 ended at 16:58:12; Condition: 2 ; masker = unscrambled

  Block 31 of 48 started at 16:58:12; Condition: 1 ; masker = scrambled
    Trial 31, target stimulus: , KWs correct:  / possible: 0 (0 / 0: 0.0 %)
  Block 31 of 48 ended at 16:58:22; Condition: 1 ; masker = scrambled

  Block 32 of 48 started at 16:58:22; Condition: 2 ; masker = unscrambled
    Trial 32, target stimulus: , KWs correct:  / possible: 0 (0 / 0: 0.0 %)
  Block 32 of 48 ended at 16:58:31; Condition: 2 ; masker = unscrambled

  Block 33 of 48 started at 16:58:31; Condition: 1 ; masker = scrambled
    Trial 33, target stimulus: , KWs correct:  / possible: 0 (0 / 0: 0.0 %)
  Block 33 of 48 ended at 16:58:40; Condition: 1 ; masker = scrambled

  Block 34 of 48 started at 16:58:40; Condition: 2 ; masker = unscrambled
    Trial 34, target stimulus: , KWs correct:  / possible: 0 (0 / 0: 0.0 %)
  Block 34 of 48 ended at 16:58:49; Condition: 2 ; masker = unscrambled

  Block 35 of 48 started at 16:58:49; Condition: 1 ; masker = scrambled
    Trial 35, target stimulus: , KWs correct:  / possible: 0 (0 / 0: 0.0 %)
  Block 35 of 48 ended at 16:58:58; Condition: 1 ; masker = scrambled

  Block 36 of 48 started at 16:58:58; Condition: 2 ; masker = unscrambled
    Trial 36, target stimulus: , KWs correct:  / possible: 0 (0 / 0: 0.0 %)
  Block 36 of 48 ended at 16:59:07; Condition: 2 ; masker = unscrambled

  Block 37 of 48 started at 16:59:07; Condition: 1 ; masker = scrambled
    Trial 37, target stimulus: , KWs correct:  / possible: 0 (0 / 0: 0.0 %)
  Block 37 of 48 ended at 16:59:16; Condition: 1 ; masker = scrambled

  Block 38 of 48 started at 16:59:16; Condition: 2 ; masker = unscrambled
    Trial 38, target stimulus: , KWs correct:  / possible: 0 (0 / 0: 0.0 %)
  Block 38 of 48 ended at 16:59:25; Condition: 2 ; masker = unscrambled

  Block 39 of 48 started at 16:59:25; Condition: 1 ; masker = scrambled
    Trial 39, target stimulus: , KWs correct:  / possible: 0 (0 / 0: 0.0 %)
  Block 39 of 48 ended at 16:59:34; Condition: 1 ; masker = scrambled

  Block 40 of 48 started at 16:59:34; Condition: 2 ; masker = unscrambled
    Trial 40, target stimulus: , KWs correct:  / possible: 0 (0 / 0: 0.0 %)
  Block 40 of 48 ended at 16:59:43; Condition: 2 ; masker = unscrambled

  Block 41 of 48 started at 16:59:43; Condition: 1 ; masker = scrambled
    Trial 41, target stimulus: , KWs correct:  / possible: 0 (0 / 0: 0.0 %)
  Block 41 of 48 ended at 16:59:53; Condition: 1 ; masker = scrambled

  Block 42 of 48 started at 16:59:53; Condition: 2 ; masker = unscrambled
    Trial 42, target stimulus: , KWs correct:  / possible: 0 (0 / 0: 0.0 %)
  Block 42 of 48 ended at 17:00:02; Condition: 2 ; masker = unscrambled

  Block 43 of 48 started at 17:00:02; Condition: 1 ; masker = scrambled
    Trial 43, target stimulus: , KWs correct:  / possible: 0 (0 / 0: 0.0 %)
  Block 43 of 48 ended at 17:00:13; Condition: 1 ; masker = scrambled

  Block 44 of 48 started at 17:00:13; Condition: 2 ; masker = unscrambled
    Trial 44, target stimulus: , KWs correct:  / possible: 0 (0 / 0: 0.0 %)
  Block 44 of 48 ended at 17:00:22; Condition: 2 ; masker = unscrambled

  Block 45 of 48 started at 17:00:22; Condition: 1 ; masker = scrambled
    Trial 45, target stimulus: , KWs correct:  / possible: 0 (0 / 0: 0.0 %)
  Block 45 of 48 ended at 17:00:32; Condition: 1 ; masker = scrambled

  Block 46 of 48 started at 17:00:32; Condition: 2 ; masker = unscrambled
    Trial 46, target stimulus: , KWs correct:  / possible: 0 (0 / 0: 0.0 %)
  Block 46 of 48 ended at 17:00:41; Condition: 2 ; masker = unscrambled

  Block 47 of 48 started at 17:00:41; Condition: 1 ; masker = scrambled
    Trial 47, target stimulus: , KWs correct:  / possible: 0 (0 / 0: 0.0 %)
  Block 47 of 48 ended at 17:00:50; Condition: 1 ; masker = scrambled

  Block 48 of 48 started at 17:00:50; Condition: 2 ; masker = unscrambled
    Trial 48, target stimulus: , KWs correct:  / possible: 0 (0 / 0: 0.0 %)
  Block 48 of 48 ended at 17:00:58; Condition: 2 ; masker = unscrambled

Experiment fNIRSandGerbils running subject emayatest ended at 17:00:58 on 2023-03-28
